#
# There is insufficient memory for the Java Runtime Environment to continue.
# Native memory allocation (malloc) failed to allocate 713296 bytes for Chunk::new
# Possible reasons:
#   The system is out of physical RAM or swap space
#   The process is running with CompressedOops enabled, and the Java Heap may be blocking the growth of the native heap
# Possible solutions:
#   Reduce memory load on the system
#   Increase physical memory or swap space
#   Check if swap backing store is full
#   Decrease Java heap size (-Xmx/-Xms)
#   Decrease number of Java threads
#   Decrease Java thread stack sizes (-Xss)
#   Set larger code cache with -XX:ReservedCodeCacheSize=
#   JVM is running with Unscaled Compressed Oops mode in which the Java heap is
#     placed in the first 4GB address space. The Java Heap base address is the
#     maximum limit for the native heap growth. Please use -XX:HeapBaseMinAddress
#     to set the Java Heap base and to place the Java Heap above 4GB virtual address.
# This output file may be truncated or incomplete.
#
#  Out of Memory Error (./src/hotspot/share/memory/arena.cpp:197), pid=9512, tid=15184
#
# JRE version: OpenJDK Runtime Environment (11.0.10) (build 11.0.10+0-b96-7249189)
# Java VM: OpenJDK 64-Bit Server VM (11.0.10+0-b96-7249189, mixed mode, tiered, compressed oops, g1 gc, windows-amd64)
# No core dump will be written. Minidumps are not enabled by default on client versions of Windows
#

---------------  S U M M A R Y ------------

Command Line: --add-opens=java.base/java.util=ALL-UNNAMED --add-opens=java.base/java.lang=ALL-UNNAMED --add-opens=java.base/java.lang.invoke=ALL-UNNAMED --add-opens=java.base/java.util=ALL-UNNAMED --add-opens=java.prefs/java.util.prefs=ALL-UNNAMED --add-opens=java.prefs/java.util.prefs=ALL-UNNAMED --add-opens=java.base/java.nio.charset=ALL-UNNAMED --add-opens=java.base/java.net=ALL-UNNAMED --add-opens=java.base/java.util.concurrent.atomic=ALL-UNNAMED -Xmx2048m -Dfile.encoding=UTF-8 -Duser.country=KR -Duser.language=ko -Duser.variant org.gradle.launcher.daemon.bootstrap.GradleDaemon 7.0.2

Host: AMD Ryzen 5 5600X 6-Core Processor             , 12 cores, 15G,  Windows 10 , 64 bit Build 22000 (10.0.22000.434)
Time: Wed Jan 19 21:23:37 2022 대한민국 표준시 elapsed time: 4.360535 seconds (0d 0h 0m 4s)

---------------  T H R E A D  ---------------

Current thread (0x0000019ab6f1e800):  JavaThread "C2 CompilerThread2" daemon [_thread_in_native, id=15184, stack(0x0000001cf4b00000,0x0000001cf4c00000)]


Current CompileTask:
C2:   4360 3550       4       java.net.URLClassLoader$1::run (5 bytes)

Stack: [0x0000001cf4b00000,0x0000001cf4c00000]
Native frames: (J=compiled Java code, j=interpreted, Vv=VM code, C=native code)
V  [jvm.dll+0x5ecfaa]
V  [jvm.dll+0x722bd5]
V  [jvm.dll+0x72412d]
V  [jvm.dll+0x7247e3]
V  [jvm.dll+0x242928]
V  [jvm.dll+0xbc4fc]
V  [jvm.dll+0xbca0c]
V  [jvm.dll+0x352d7d]
V  [jvm.dll+0x197c77]
V  [jvm.dll+0x1fb70e]
V  [jvm.dll+0x1fa7f4]
V  [jvm.dll+0x18354c]
V  [jvm.dll+0x208ee7]
V  [jvm.dll+0x207731]
V  [jvm.dll+0x6eb1cf]
V  [jvm.dll+0x6e3d45]
V  [jvm.dll+0x5ebe96]
C  [ucrtbase.dll+0x26c0c]
C  [KERNEL32.DLL+0x154e0]
C  [ntdll.dll+0x485b]


---------------  P R O C E S S  ---------------

Threads class SMR info:
_java_thread_list=0x0000019ab7edfcf0, length=37, elements={
0x0000019a97502000, 0x0000019ab45ee800, 0x0000019ab45f2800, 0x0000019ab4615800,
0x0000019ab4664800, 0x0000019ab4668800, 0x0000019ab466d800, 0x0000019ab467e000,
0x0000019ab468f800, 0x0000019ab47e4800, 0x0000019ab47e8000, 0x0000019ab47e5800,
0x0000019ab47e2000, 0x0000019ab47e6000, 0x0000019ab47e7000, 0x0000019ab47e8800,
0x0000019ab47e3000, 0x0000019ab47e3800, 0x0000019ab56e8800, 0x0000019ab56e7000,
0x0000019ab56e5800, 0x0000019ab56e3800, 0x0000019ab56e9800, 0x0000019ab7623000,
0x0000019ab56ea800, 0x0000019ab56e6000, 0x0000019ab56e8000, 0x0000019ab56e4800,
0x0000019ab7629000, 0x0000019ab6f1e800, 0x0000019ab7626800, 0x0000019ab7629800,
0x0000019ab7627800, 0x0000019ab7625000, 0x0000019ab7628000, 0x0000019ab762d000,
0x0000019ab762a800
}

Java Threads: ( => current thread )
  0x0000019a97502000 JavaThread "main" [_thread_blocked, id=15252, stack(0x0000001cf1c00000,0x0000001cf1d00000)]
  0x0000019ab45ee800 JavaThread "Reference Handler" daemon [_thread_blocked, id=24712, stack(0x0000001cf2300000,0x0000001cf2400000)]
  0x0000019ab45f2800 JavaThread "Finalizer" daemon [_thread_blocked, id=8972, stack(0x0000001cf2400000,0x0000001cf2500000)]
  0x0000019ab4615800 JavaThread "Signal Dispatcher" daemon [_thread_blocked, id=2552, stack(0x0000001cf2500000,0x0000001cf2600000)]
  0x0000019ab4664800 JavaThread "Attach Listener" daemon [_thread_blocked, id=15628, stack(0x0000001cf2600000,0x0000001cf2700000)]
  0x0000019ab4668800 JavaThread "Service Thread" daemon [_thread_blocked, id=19596, stack(0x0000001cf2700000,0x0000001cf2800000)]
  0x0000019ab466d800 JavaThread "C2 CompilerThread0" daemon [_thread_in_native, id=22032, stack(0x0000001cf2800000,0x0000001cf2900000)]
  0x0000019ab467e000 JavaThread "C1 CompilerThread0" daemon [_thread_blocked, id=26320, stack(0x0000001cf2900000,0x0000001cf2a00000)]
  0x0000019ab468f800 JavaThread "Sweeper thread" daemon [_thread_blocked, id=3820, stack(0x0000001cf2a00000,0x0000001cf2b00000)]
  0x0000019ab47e4800 JavaThread "Common-Cleaner" daemon [_thread_blocked, id=22840, stack(0x0000001cf2b00000,0x0000001cf2c00000)]
  0x0000019ab47e8000 JavaThread "Daemon health stats" [_thread_blocked, id=18840, stack(0x0000001cf3400000,0x0000001cf3500000)]
  0x0000019ab47e5800 JavaThread "Incoming local TCP Connector on port 53224" [_thread_in_native, id=1760, stack(0x0000001cf2d00000,0x0000001cf2e00000)]
  0x0000019ab47e2000 JavaThread "Daemon periodic checks" [_thread_blocked, id=24764, stack(0x0000001cf2e00000,0x0000001cf2f00000)]
  0x0000019ab47e6000 JavaThread "Daemon" [_thread_blocked, id=26916, stack(0x0000001cf3500000,0x0000001cf3600000)]
  0x0000019ab47e7000 JavaThread "Handler for socket connection from /127.0.0.1:53224 to /127.0.0.1:53225" [_thread_in_native, id=9868, stack(0x0000001cf3600000,0x0000001cf3700000)]
  0x0000019ab47e8800 JavaThread "Cancel handler" [_thread_blocked, id=23256, stack(0x0000001cf3700000,0x0000001cf3800000)]
  0x0000019ab47e3000 JavaThread "Daemon worker" [_thread_blocked, id=9320, stack(0x0000001cf3800000,0x0000001cf3900000)]
  0x0000019ab47e3800 JavaThread "Asynchronous log dispatcher for DefaultDaemonConnection: socket connection from /127.0.0.1:53224 to /127.0.0.1:53225" [_thread_blocked, id=25728, stack(0x0000001cf3900000,0x0000001cf3a00000)]
  0x0000019ab56e8800 JavaThread "Stdin handler" [_thread_blocked, id=13632, stack(0x0000001cf3a00000,0x0000001cf3b00000)]
  0x0000019ab56e7000 JavaThread "Daemon client event forwarder" [_thread_blocked, id=25608, stack(0x0000001cf3b00000,0x0000001cf3c00000)]
  0x0000019ab56e5800 JavaThread "Cache worker for file hash cache (C:\Users\user\.gradle\caches\7.0.2\fileHashes)" [_thread_blocked, id=25464, stack(0x0000001cf3c00000,0x0000001cf3d00000)]
  0x0000019ab56e3800 JavaThread "File lock request listener" [_thread_in_native, id=17360, stack(0x0000001cf3d00000,0x0000001cf3e00000)]
  0x0000019ab56e9800 JavaThread "Cache worker for journal cache (C:\Users\user\.gradle\caches\journal-1)" [_thread_blocked, id=27472, stack(0x0000001cf4400000,0x0000001cf4500000)]
  0x0000019ab7623000 JavaThread "C2 CompilerThread1" daemon [_thread_in_native, id=15040, stack(0x0000001cf4500000,0x0000001cf4600000)]
  0x0000019ab56ea800 JavaThread "Cache worker for file hash cache (C:\Users\user\coding\android\project\.gradle\7.0.2\fileHashes)" [_thread_blocked, id=13800, stack(0x0000001cf4600000,0x0000001cf4700000)]
  0x0000019ab56e6000 JavaThread "File watcher server" daemon [_thread_in_native, id=9920, stack(0x0000001cf4700000,0x0000001cf4800000)]
  0x0000019ab56e8000 JavaThread "File watcher consumer" daemon [_thread_blocked, id=15504, stack(0x0000001cf4800000,0x0000001cf4900000)]
  0x0000019ab56e4800 JavaThread "Cache worker for checksums cache (C:\Users\user\coding\android\project\.gradle\checksums)" [_thread_blocked, id=13016, stack(0x0000001cf4900000,0x0000001cf4a00000)]
  0x0000019ab7629000 JavaThread "Cache worker for cache directory md-supplier (C:\Users\user\.gradle\caches\7.0.2\md-supplier)" [_thread_blocked, id=24168, stack(0x0000001cf4a00000,0x0000001cf4b00000)]
=>0x0000019ab6f1e800 JavaThread "C2 CompilerThread2" daemon [_thread_in_native, id=15184, stack(0x0000001cf4b00000,0x0000001cf4c00000)]
  0x0000019ab7626800 JavaThread "Cache worker for cache directory md-rule (C:\Users\user\.gradle\caches\7.0.2\md-rule)" [_thread_blocked, id=27352, stack(0x0000001cf4c00000,0x0000001cf4d00000)]
  0x0000019ab7629800 JavaThread "Cache worker for execution history cache (C:\Users\user\.gradle\caches\7.0.2\executionHistory)" [_thread_blocked, id=14824, stack(0x0000001cf4d00000,0x0000001cf4e00000)]
  0x0000019ab7627800 JavaThread "jar transforms" [_thread_blocked, id=5172, stack(0x0000001cf4e00000,0x0000001cf4f00000)]
  0x0000019ab7625000 JavaThread "jar transforms Thread 2" [_thread_blocked, id=25920, stack(0x0000001cf4f00000,0x0000001cf5000000)]
  0x0000019ab7628000 JavaThread "Cache worker for file content cache (C:\Users\user\.gradle\caches\7.0.2\fileContent)" [_thread_blocked, id=27572, stack(0x0000001cf5000000,0x0000001cf5100000)]
  0x0000019ab762d000 JavaThread "Cache worker for dependencies-accessors (C:\Users\user\coding\android\project\.gradle\7.0.2\dependencies-accessors)" [_thread_blocked, id=3776, stack(0x0000001cf5100000,0x0000001cf5200000)]
  0x0000019ab762a800 JavaThread "jar transforms Thread 3" [_thread_in_Java, id=27236, stack(0x0000001cf5200000,0x0000001cf5300000)]

Other Threads:
  0x0000019ab45ea000 VMThread "VM Thread" [stack: 0x0000001cf2200000,0x0000001cf2300000] [id=26920]
  0x0000019ab484d000 WatcherThread [stack: 0x0000001cf2c00000,0x0000001cf2d00000] [id=25604]
  0x0000019a9751a800 GCTaskThread "GC Thread#0" [stack: 0x0000001cf1d00000,0x0000001cf1e00000] [id=8956]
  0x0000019ab589b000 GCTaskThread "GC Thread#1" [stack: 0x0000001cf2f00000,0x0000001cf3000000] [id=1964]
  0x0000019ab5a50800 GCTaskThread "GC Thread#2" [stack: 0x0000001cf3000000,0x0000001cf3100000] [id=12524]
  0x0000019ab5680800 GCTaskThread "GC Thread#3" [stack: 0x0000001cf3100000,0x0000001cf3200000] [id=19988]
  0x0000019ab4c51000 GCTaskThread "GC Thread#4" [stack: 0x0000001cf3200000,0x0000001cf3300000] [id=5992]
  0x0000019ab5485000 GCTaskThread "GC Thread#5" [stack: 0x0000001cf3300000,0x0000001cf3400000] [id=16088]
  0x0000019ab5488800 GCTaskThread "GC Thread#6" [stack: 0x0000001cf3e00000,0x0000001cf3f00000] [id=9740]
  0x0000019ab548b800 GCTaskThread "GC Thread#7" [stack: 0x0000001cf3f00000,0x0000001cf4000000] [id=26040]
  0x0000019ab5489000 GCTaskThread "GC Thread#8" [stack: 0x0000001cf4000000,0x0000001cf4100000] [id=3520]
  0x0000019ab548a800 GCTaskThread "GC Thread#9" [stack: 0x0000001cf4100000,0x0000001cf4200000] [id=12692]
  0x0000019a9754c000 ConcurrentGCThread "G1 Main Marker" [stack: 0x0000001cf1e00000,0x0000001cf1f00000] [id=9700]
  0x0000019a9754e000 ConcurrentGCThread "G1 Conc#0" [stack: 0x0000001cf1f00000,0x0000001cf2000000] [id=26960]
  0x0000019ab5487000 ConcurrentGCThread "G1 Conc#1" [stack: 0x0000001cf4200000,0x0000001cf4300000] [id=8836]
  0x0000019ab548c000 ConcurrentGCThread "G1 Conc#2" [stack: 0x0000001cf4300000,0x0000001cf4400000] [id=9540]
  0x0000019ab3c37800 ConcurrentGCThread "G1 Refine#0" [stack: 0x0000001cf2000000,0x0000001cf2100000] [id=24640]
  0x0000019ab3c38800 ConcurrentGCThread "G1 Young RemSet Sampling" [stack: 0x0000001cf2100000,0x0000001cf2200000] [id=10580]

Threads with active compile tasks:
C2 CompilerThread0   4390 3551   !   4       java.net.URLClassLoader$1::run (63 bytes)
C2 CompilerThread1   4390 3537       4       org.objectweb.asm.Frame::execute (2318 bytes)
C2 CompilerThread2   4390 3550       4       java.net.URLClassLoader$1::run (5 bytes)

VM state:not at safepoint (normal execution)

VM Mutex/Monitor currently owned by a thread: None

Heap address: 0x0000000080000000, size: 2048 MB, Compressed Oops mode: 32-bit
Narrow klass base: 0x0000000000000000, Narrow klass shift: 3
Compressed class space size: 1073741824 Address: 0x0000000100000000

Heap:
 garbage-first heap   total 262144K, used 113055K [0x0000000080000000, 0x0000000100000000)
  region size 1024K, 93 young (95232K), 6 survivors (6144K)
 Metaspace       used 42364K, capacity 43363K, committed 43468K, reserved 1087488K
  class space    used 5383K, capacity 5741K, committed 5836K, reserved 1048576K
Heap Regions: E=young(eden), S=young(survivor), O=old, HS=humongous(starts), HC=humongous(continues), CS=collection set, F=free, A=archive, TAMS=top-at-mark-start (previous, next)
|   0|0x0000000080000000, 0x0000000080100000, 0x0000000080100000|100%| O|  |TAMS 0x0000000080100000, 0x0000000080000000| Untracked 
|   1|0x0000000080100000, 0x0000000080200000, 0x0000000080200000|100%| O|  |TAMS 0x0000000080200000, 0x0000000080100000| Untracked 
|   2|0x0000000080200000, 0x0000000080300000, 0x0000000080300000|100%| O|  |TAMS 0x0000000080300000, 0x0000000080200000| Untracked 
|   3|0x0000000080300000, 0x0000000080400000, 0x0000000080400000|100%|HS|  |TAMS 0x0000000080400000, 0x0000000080300000| Complete 
|   4|0x0000000080400000, 0x0000000080500000, 0x0000000080500000|100%|HC|  |TAMS 0x0000000080500000, 0x0000000080400000| Complete 
|   5|0x0000000080500000, 0x0000000080600000, 0x0000000080600000|100%|HC|  |TAMS 0x0000000080600000, 0x0000000080500000| Complete 
|   6|0x0000000080600000, 0x0000000080700000, 0x0000000080700000|100%| O|  |TAMS 0x0000000080700000, 0x0000000080600000| Untracked 
|   7|0x0000000080700000, 0x0000000080800000, 0x0000000080800000|100%| O|  |TAMS 0x0000000080800000, 0x0000000080700000| Untracked 
|   8|0x0000000080800000, 0x0000000080900000, 0x0000000080900000|100%| O|  |TAMS 0x0000000080900000, 0x0000000080800000| Untracked 
|   9|0x0000000080900000, 0x0000000080a00000, 0x0000000080a00000|100%| O|  |TAMS 0x0000000080a00000, 0x0000000080900000| Untracked 
|  10|0x0000000080a00000, 0x0000000080b00000, 0x0000000080b00000|100%| O|  |TAMS 0x0000000080b00000, 0x0000000080a00000| Untracked 
|  11|0x0000000080b00000, 0x0000000080c00000, 0x0000000080c00000|100%| O|  |TAMS 0x0000000080c00000, 0x0000000080b00000| Untracked 
|  12|0x0000000080c00000, 0x0000000080d00000, 0x0000000080d00000|100%| O|  |TAMS 0x0000000080d00000, 0x0000000080c00000| Untracked 
|  13|0x0000000080d00000, 0x0000000080e00000, 0x0000000080e00000|100%| O|  |TAMS 0x0000000080e00000, 0x0000000080d00000| Untracked 
|  14|0x0000000080e00000, 0x0000000080f00000, 0x0000000080f00000|100%| O|  |TAMS 0x0000000080f00000, 0x0000000080e00000| Untracked 
|  15|0x0000000080f00000, 0x0000000080fee400, 0x0000000081000000| 93%| O|  |TAMS 0x0000000080fee400, 0x0000000080f00000| Untracked 
|  16|0x0000000081000000, 0x0000000081100000, 0x0000000081100000|100%|HS|  |TAMS 0x0000000081000000, 0x0000000081000000| Complete 
|  17|0x0000000081100000, 0x0000000081200000, 0x0000000081200000|100%|HS|  |TAMS 0x0000000081100000, 0x0000000081100000| Complete 
|  18|0x0000000081200000, 0x0000000081300000, 0x0000000081300000|100%|HC|  |TAMS 0x0000000081200000, 0x0000000081200000| Complete 
|  19|0x0000000081300000, 0x0000000081400000, 0x0000000081400000|100%|HS|  |TAMS 0x0000000081300000, 0x0000000081300000| Complete 
|  20|0x0000000081400000, 0x0000000081400000, 0x0000000081500000|  0%| F|  |TAMS 0x0000000081400000, 0x0000000081400000| Untracked 
|  21|0x0000000081500000, 0x0000000081500000, 0x0000000081600000|  0%| F|  |TAMS 0x0000000081500000, 0x0000000081500000| Untracked 
|  22|0x0000000081600000, 0x0000000081600000, 0x0000000081700000|  0%| F|  |TAMS 0x0000000081600000, 0x0000000081600000| Untracked 
|  23|0x0000000081700000, 0x0000000081700000, 0x0000000081800000|  0%| F|  |TAMS 0x0000000081700000, 0x0000000081700000| Untracked 
|  24|0x0000000081800000, 0x0000000081800000, 0x0000000081900000|  0%| F|  |TAMS 0x0000000081800000, 0x0000000081800000| Untracked 
|  25|0x0000000081900000, 0x0000000081900000, 0x0000000081a00000|  0%| F|  |TAMS 0x0000000081900000, 0x0000000081900000| Untracked 
|  26|0x0000000081a00000, 0x0000000081a00000, 0x0000000081b00000|  0%| F|  |TAMS 0x0000000081a00000, 0x0000000081a00000| Untracked 
|  27|0x0000000081b00000, 0x0000000081b00000, 0x0000000081c00000|  0%| F|  |TAMS 0x0000000081b00000, 0x0000000081b00000| Untracked 
|  28|0x0000000081c00000, 0x0000000081c00000, 0x0000000081d00000|  0%| F|  |TAMS 0x0000000081c00000, 0x0000000081c00000| Untracked 
|  29|0x0000000081d00000, 0x0000000081d00000, 0x0000000081e00000|  0%| F|  |TAMS 0x0000000081d00000, 0x0000000081d00000| Untracked 
|  30|0x0000000081e00000, 0x0000000081e00000, 0x0000000081f00000|  0%| F|  |TAMS 0x0000000081e00000, 0x0000000081e00000| Untracked 
|  31|0x0000000081f00000, 0x0000000081f00000, 0x0000000082000000|  0%| F|  |TAMS 0x0000000081f00000, 0x0000000081f00000| Untracked 
|  32|0x0000000082000000, 0x0000000082000000, 0x0000000082100000|  0%| F|  |TAMS 0x0000000082000000, 0x0000000082000000| Untracked 
|  33|0x0000000082100000, 0x0000000082100000, 0x0000000082200000|  0%| F|  |TAMS 0x0000000082100000, 0x0000000082100000| Untracked 
|  34|0x0000000082200000, 0x0000000082200000, 0x0000000082300000|  0%| F|  |TAMS 0x0000000082200000, 0x0000000082200000| Untracked 
|  35|0x0000000082300000, 0x0000000082300000, 0x0000000082400000|  0%| F|  |TAMS 0x0000000082300000, 0x0000000082300000| Untracked 
|  36|0x0000000082400000, 0x0000000082400000, 0x0000000082500000|  0%| F|  |TAMS 0x0000000082400000, 0x0000000082400000| Untracked 
|  37|0x0000000082500000, 0x0000000082500000, 0x0000000082600000|  0%| F|  |TAMS 0x0000000082500000, 0x0000000082500000| Untracked 
|  38|0x0000000082600000, 0x0000000082600000, 0x0000000082700000|  0%| F|  |TAMS 0x0000000082600000, 0x0000000082600000| Untracked 
|  39|0x0000000082700000, 0x0000000082700000, 0x0000000082800000|  0%| F|  |TAMS 0x0000000082700000, 0x0000000082700000| Untracked 
|  40|0x0000000082800000, 0x0000000082800000, 0x0000000082900000|  0%| F|  |TAMS 0x0000000082800000, 0x0000000082800000| Untracked 
|  41|0x0000000082900000, 0x0000000082900000, 0x0000000082a00000|  0%| F|  |TAMS 0x0000000082900000, 0x0000000082900000| Untracked 
|  42|0x0000000082a00000, 0x0000000082a00000, 0x0000000082b00000|  0%| F|  |TAMS 0x0000000082a00000, 0x0000000082a00000| Untracked 
|  43|0x0000000082b00000, 0x0000000082b00000, 0x0000000082c00000|  0%| F|  |TAMS 0x0000000082b00000, 0x0000000082b00000| Untracked 
|  44|0x0000000082c00000, 0x0000000082c00000, 0x0000000082d00000|  0%| F|  |TAMS 0x0000000082c00000, 0x0000000082c00000| Untracked 
|  45|0x0000000082d00000, 0x0000000082d00000, 0x0000000082e00000|  0%| F|  |TAMS 0x0000000082d00000, 0x0000000082d00000| Untracked 
|  46|0x0000000082e00000, 0x0000000082e00000, 0x0000000082f00000|  0%| F|  |TAMS 0x0000000082e00000, 0x0000000082e00000| Untracked 
|  47|0x0000000082f00000, 0x0000000082f00000, 0x0000000083000000|  0%| F|  |TAMS 0x0000000082f00000, 0x0000000082f00000| Untracked 
|  48|0x0000000083000000, 0x0000000083000000, 0x0000000083100000|  0%| F|  |TAMS 0x0000000083000000, 0x0000000083000000| Untracked 
|  49|0x0000000083100000, 0x0000000083100000, 0x0000000083200000|  0%| F|  |TAMS 0x0000000083100000, 0x0000000083100000| Untracked 
|  50|0x0000000083200000, 0x0000000083200000, 0x0000000083300000|  0%| F|  |TAMS 0x0000000083200000, 0x0000000083200000| Untracked 
|  51|0x0000000083300000, 0x0000000083300000, 0x0000000083400000|  0%| F|  |TAMS 0x0000000083300000, 0x0000000083300000| Untracked 
|  52|0x0000000083400000, 0x0000000083400000, 0x0000000083500000|  0%| F|  |TAMS 0x0000000083400000, 0x0000000083400000| Untracked 
|  53|0x0000000083500000, 0x0000000083500000, 0x0000000083600000|  0%| F|  |TAMS 0x0000000083500000, 0x0000000083500000| Untracked 
|  54|0x0000000083600000, 0x0000000083600000, 0x0000000083700000|  0%| F|  |TAMS 0x0000000083600000, 0x0000000083600000| Untracked 
|  55|0x0000000083700000, 0x0000000083700000, 0x0000000083800000|  0%| F|  |TAMS 0x0000000083700000, 0x0000000083700000| Untracked 
|  56|0x0000000083800000, 0x0000000083800000, 0x0000000083900000|  0%| F|  |TAMS 0x0000000083800000, 0x0000000083800000| Untracked 
|  57|0x0000000083900000, 0x0000000083900000, 0x0000000083a00000|  0%| F|  |TAMS 0x0000000083900000, 0x0000000083900000| Untracked 
|  58|0x0000000083a00000, 0x0000000083a00000, 0x0000000083b00000|  0%| F|  |TAMS 0x0000000083a00000, 0x0000000083a00000| Untracked 
|  59|0x0000000083b00000, 0x0000000083b00000, 0x0000000083c00000|  0%| F|  |TAMS 0x0000000083b00000, 0x0000000083b00000| Untracked 
|  60|0x0000000083c00000, 0x0000000083c00000, 0x0000000083d00000|  0%| F|  |TAMS 0x0000000083c00000, 0x0000000083c00000| Untracked 
|  61|0x0000000083d00000, 0x0000000083d00000, 0x0000000083e00000|  0%| F|  |TAMS 0x0000000083d00000, 0x0000000083d00000| Untracked 
|  62|0x0000000083e00000, 0x0000000083e00000, 0x0000000083f00000|  0%| F|  |TAMS 0x0000000083e00000, 0x0000000083e00000| Untracked 
|  63|0x0000000083f00000, 0x0000000083f00000, 0x0000000084000000|  0%| F|  |TAMS 0x0000000083f00000, 0x0000000083f00000| Untracked 
|  64|0x0000000084000000, 0x0000000084000000, 0x0000000084100000|  0%| F|  |TAMS 0x0000000084000000, 0x0000000084000000| Untracked 
|  65|0x0000000084100000, 0x0000000084100000, 0x0000000084200000|  0%| F|  |TAMS 0x0000000084100000, 0x0000000084100000| Untracked 
|  66|0x0000000084200000, 0x0000000084200000, 0x0000000084300000|  0%| F|  |TAMS 0x0000000084200000, 0x0000000084200000| Untracked 
|  67|0x0000000084300000, 0x0000000084300000, 0x0000000084400000|  0%| F|  |TAMS 0x0000000084300000, 0x0000000084300000| Untracked 
|  68|0x0000000084400000, 0x0000000084400000, 0x0000000084500000|  0%| F|  |TAMS 0x0000000084400000, 0x0000000084400000| Untracked 
|  69|0x0000000084500000, 0x0000000084500000, 0x0000000084600000|  0%| F|  |TAMS 0x0000000084500000, 0x0000000084500000| Untracked 
|  70|0x0000000084600000, 0x0000000084600000, 0x0000000084700000|  0%| F|  |TAMS 0x0000000084600000, 0x0000000084600000| Untracked 
|  71|0x0000000084700000, 0x0000000084700000, 0x0000000084800000|  0%| F|  |TAMS 0x0000000084700000, 0x0000000084700000| Untracked 
|  72|0x0000000084800000, 0x0000000084800000, 0x0000000084900000|  0%| F|  |TAMS 0x0000000084800000, 0x0000000084800000| Untracked 
|  73|0x0000000084900000, 0x0000000084900000, 0x0000000084a00000|  0%| F|  |TAMS 0x0000000084900000, 0x0000000084900000| Untracked 
|  74|0x0000000084a00000, 0x0000000084a00000, 0x0000000084b00000|  0%| F|  |TAMS 0x0000000084a00000, 0x0000000084a00000| Untracked 
|  75|0x0000000084b00000, 0x0000000084b00000, 0x0000000084c00000|  0%| F|  |TAMS 0x0000000084b00000, 0x0000000084b00000| Untracked 
|  76|0x0000000084c00000, 0x0000000084c00000, 0x0000000084d00000|  0%| F|  |TAMS 0x0000000084c00000, 0x0000000084c00000| Untracked 
|  77|0x0000000084d00000, 0x0000000084d00000, 0x0000000084e00000|  0%| F|  |TAMS 0x0000000084d00000, 0x0000000084d00000| Untracked 
|  78|0x0000000084e00000, 0x0000000084e00000, 0x0000000084f00000|  0%| F|  |TAMS 0x0000000084e00000, 0x0000000084e00000| Untracked 
|  79|0x0000000084f00000, 0x0000000084f00000, 0x0000000085000000|  0%| F|  |TAMS 0x0000000084f00000, 0x0000000084f00000| Untracked 
|  80|0x0000000085000000, 0x0000000085000000, 0x0000000085100000|  0%| F|  |TAMS 0x0000000085000000, 0x0000000085000000| Untracked 
|  81|0x0000000085100000, 0x0000000085100000, 0x0000000085200000|  0%| F|  |TAMS 0x0000000085100000, 0x0000000085100000| Untracked 
|  82|0x0000000085200000, 0x0000000085200000, 0x0000000085300000|  0%| F|  |TAMS 0x0000000085200000, 0x0000000085200000| Untracked 
|  83|0x0000000085300000, 0x0000000085300000, 0x0000000085400000|  0%| F|  |TAMS 0x0000000085300000, 0x0000000085300000| Untracked 
|  84|0x0000000085400000, 0x0000000085400000, 0x0000000085500000|  0%| F|  |TAMS 0x0000000085400000, 0x0000000085400000| Untracked 
|  85|0x0000000085500000, 0x0000000085500000, 0x0000000085600000|  0%| F|  |TAMS 0x0000000085500000, 0x0000000085500000| Untracked 
|  86|0x0000000085600000, 0x0000000085600000, 0x0000000085700000|  0%| F|  |TAMS 0x0000000085600000, 0x0000000085600000| Untracked 
|  87|0x0000000085700000, 0x0000000085700000, 0x0000000085800000|  0%| F|  |TAMS 0x0000000085700000, 0x0000000085700000| Untracked 
|  88|0x0000000085800000, 0x0000000085800000, 0x0000000085900000|  0%| F|  |TAMS 0x0000000085800000, 0x0000000085800000| Untracked 
|  89|0x0000000085900000, 0x0000000085900000, 0x0000000085a00000|  0%| F|  |TAMS 0x0000000085900000, 0x0000000085900000| Untracked 
|  90|0x0000000085a00000, 0x0000000085a00000, 0x0000000085b00000|  0%| F|  |TAMS 0x0000000085a00000, 0x0000000085a00000| Untracked 
|  91|0x0000000085b00000, 0x0000000085b00000, 0x0000000085c00000|  0%| F|  |TAMS 0x0000000085b00000, 0x0000000085b00000| Untracked 
|  92|0x0000000085c00000, 0x0000000085c00000, 0x0000000085d00000|  0%| F|  |TAMS 0x0000000085c00000, 0x0000000085c00000| Untracked 
|  93|0x0000000085d00000, 0x0000000085d00000, 0x0000000085e00000|  0%| F|  |TAMS 0x0000000085d00000, 0x0000000085d00000| Untracked 
|  94|0x0000000085e00000, 0x0000000085e00000, 0x0000000085f00000|  0%| F|  |TAMS 0x0000000085e00000, 0x0000000085e00000| Untracked 
|  95|0x0000000085f00000, 0x0000000085f00000, 0x0000000086000000|  0%| F|  |TAMS 0x0000000085f00000, 0x0000000085f00000| Untracked 
|  96|0x0000000086000000, 0x0000000086000000, 0x0000000086100000|  0%| F|  |TAMS 0x0000000086000000, 0x0000000086000000| Untracked 
|  97|0x0000000086100000, 0x0000000086100000, 0x0000000086200000|  0%| F|  |TAMS 0x0000000086100000, 0x0000000086100000| Untracked 
|  98|0x0000000086200000, 0x0000000086200000, 0x0000000086300000|  0%| F|  |TAMS 0x0000000086200000, 0x0000000086200000| Untracked 
|  99|0x0000000086300000, 0x0000000086300000, 0x0000000086400000|  0%| F|  |TAMS 0x0000000086300000, 0x0000000086300000| Untracked 
| 100|0x0000000086400000, 0x0000000086400000, 0x0000000086500000|  0%| F|  |TAMS 0x0000000086400000, 0x0000000086400000| Untracked 
| 101|0x0000000086500000, 0x0000000086500000, 0x0000000086600000|  0%| F|  |TAMS 0x0000000086500000, 0x0000000086500000| Untracked 
| 102|0x0000000086600000, 0x0000000086600000, 0x0000000086700000|  0%| F|  |TAMS 0x0000000086600000, 0x0000000086600000| Untracked 
| 103|0x0000000086700000, 0x0000000086700000, 0x0000000086800000|  0%| F|  |TAMS 0x0000000086700000, 0x0000000086700000| Untracked 
| 104|0x0000000086800000, 0x0000000086800000, 0x0000000086900000|  0%| F|  |TAMS 0x0000000086800000, 0x0000000086800000| Untracked 
| 105|0x0000000086900000, 0x0000000086900000, 0x0000000086a00000|  0%| F|  |TAMS 0x0000000086900000, 0x0000000086900000| Untracked 
| 106|0x0000000086a00000, 0x0000000086a00000, 0x0000000086b00000|  0%| F|  |TAMS 0x0000000086a00000, 0x0000000086a00000| Untracked 
| 107|0x0000000086b00000, 0x0000000086b00000, 0x0000000086c00000|  0%| F|  |TAMS 0x0000000086b00000, 0x0000000086b00000| Untracked 
| 108|0x0000000086c00000, 0x0000000086c00000, 0x0000000086d00000|  0%| F|  |TAMS 0x0000000086c00000, 0x0000000086c00000| Untracked 
| 109|0x0000000086d00000, 0x0000000086d00000, 0x0000000086e00000|  0%| F|  |TAMS 0x0000000086d00000, 0x0000000086d00000| Untracked 
| 110|0x0000000086e00000, 0x0000000086e00000, 0x0000000086f00000|  0%| F|  |TAMS 0x0000000086e00000, 0x0000000086e00000| Untracked 
| 111|0x0000000086f00000, 0x0000000086f00000, 0x0000000087000000|  0%| F|  |TAMS 0x0000000086f00000, 0x0000000086f00000| Untracked 
| 112|0x0000000087000000, 0x0000000087000000, 0x0000000087100000|  0%| F|  |TAMS 0x0000000087000000, 0x0000000087000000| Untracked 
| 113|0x0000000087100000, 0x0000000087100000, 0x0000000087200000|  0%| F|  |TAMS 0x0000000087100000, 0x0000000087100000| Untracked 
| 114|0x0000000087200000, 0x0000000087200000, 0x0000000087300000|  0%| F|  |TAMS 0x0000000087200000, 0x0000000087200000| Untracked 
| 115|0x0000000087300000, 0x0000000087300000, 0x0000000087400000|  0%| F|  |TAMS 0x0000000087300000, 0x0000000087300000| Untracked 
| 116|0x0000000087400000, 0x0000000087400000, 0x0000000087500000|  0%| F|  |TAMS 0x0000000087400000, 0x0000000087400000| Untracked 
| 117|0x0000000087500000, 0x0000000087500000, 0x0000000087600000|  0%| F|  |TAMS 0x0000000087500000, 0x0000000087500000| Untracked 
| 118|0x0000000087600000, 0x0000000087600000, 0x0000000087700000|  0%| F|  |TAMS 0x0000000087600000, 0x0000000087600000| Untracked 
| 119|0x0000000087700000, 0x0000000087700000, 0x0000000087800000|  0%| F|  |TAMS 0x0000000087700000, 0x0000000087700000| Untracked 
| 120|0x0000000087800000, 0x0000000087800000, 0x0000000087900000|  0%| F|  |TAMS 0x0000000087800000, 0x0000000087800000| Untracked 
| 121|0x0000000087900000, 0x0000000087900000, 0x0000000087a00000|  0%| F|  |TAMS 0x0000000087900000, 0x0000000087900000| Untracked 
| 122|0x0000000087a00000, 0x0000000087a00000, 0x0000000087b00000|  0%| F|  |TAMS 0x0000000087a00000, 0x0000000087a00000| Untracked 
| 123|0x0000000087b00000, 0x0000000087b00000, 0x0000000087c00000|  0%| F|  |TAMS 0x0000000087b00000, 0x0000000087b00000| Untracked 
| 124|0x0000000087c00000, 0x0000000087c00000, 0x0000000087d00000|  0%| F|  |TAMS 0x0000000087c00000, 0x0000000087c00000| Untracked 
| 125|0x0000000087d00000, 0x0000000087d00000, 0x0000000087e00000|  0%| F|  |TAMS 0x0000000087d00000, 0x0000000087d00000| Untracked 
| 126|0x0000000087e00000, 0x0000000087e00000, 0x0000000087f00000|  0%| F|  |TAMS 0x0000000087e00000, 0x0000000087e00000| Untracked 
| 127|0x0000000087f00000, 0x0000000087f00000, 0x0000000088000000|  0%| F|  |TAMS 0x0000000087f00000, 0x0000000087f00000| Untracked 
| 128|0x0000000088000000, 0x0000000088000000, 0x0000000088100000|  0%| F|  |TAMS 0x0000000088000000, 0x0000000088000000| Untracked 
| 129|0x0000000088100000, 0x0000000088100000, 0x0000000088200000|  0%| F|  |TAMS 0x0000000088100000, 0x0000000088100000| Untracked 
| 130|0x0000000088200000, 0x0000000088200000, 0x0000000088300000|  0%| F|  |TAMS 0x0000000088200000, 0x0000000088200000| Untracked 
| 131|0x0000000088300000, 0x0000000088300000, 0x0000000088400000|  0%| F|  |TAMS 0x0000000088300000, 0x0000000088300000| Untracked 
| 132|0x0000000088400000, 0x0000000088400000, 0x0000000088500000|  0%| F|  |TAMS 0x0000000088400000, 0x0000000088400000| Untracked 
| 133|0x0000000088500000, 0x0000000088500000, 0x0000000088600000|  0%| F|  |TAMS 0x0000000088500000, 0x0000000088500000| Untracked 
| 134|0x0000000088600000, 0x0000000088600000, 0x0000000088700000|  0%| F|  |TAMS 0x0000000088600000, 0x0000000088600000| Untracked 
| 135|0x0000000088700000, 0x0000000088700000, 0x0000000088800000|  0%| F|  |TAMS 0x0000000088700000, 0x0000000088700000| Untracked 
| 136|0x0000000088800000, 0x0000000088800000, 0x0000000088900000|  0%| F|  |TAMS 0x0000000088800000, 0x0000000088800000| Untracked 
| 137|0x0000000088900000, 0x0000000088900000, 0x0000000088a00000|  0%| F|  |TAMS 0x0000000088900000, 0x0000000088900000| Untracked 
| 138|0x0000000088a00000, 0x0000000088a00000, 0x0000000088b00000|  0%| F|  |TAMS 0x0000000088a00000, 0x0000000088a00000| Untracked 
| 139|0x0000000088b00000, 0x0000000088b00000, 0x0000000088c00000|  0%| F|  |TAMS 0x0000000088b00000, 0x0000000088b00000| Untracked 
| 140|0x0000000088c00000, 0x0000000088c00000, 0x0000000088d00000|  0%| F|  |TAMS 0x0000000088c00000, 0x0000000088c00000| Untracked 
| 141|0x0000000088d00000, 0x0000000088d00000, 0x0000000088e00000|  0%| F|  |TAMS 0x0000000088d00000, 0x0000000088d00000| Untracked 
| 142|0x0000000088e00000, 0x0000000088e00000, 0x0000000088f00000|  0%| F|  |TAMS 0x0000000088e00000, 0x0000000088e00000| Untracked 
| 143|0x0000000088f00000, 0x0000000088f00000, 0x0000000089000000|  0%| F|  |TAMS 0x0000000088f00000, 0x0000000088f00000| Untracked 
| 144|0x0000000089000000, 0x0000000089000000, 0x0000000089100000|  0%| F|  |TAMS 0x0000000089000000, 0x0000000089000000| Untracked 
| 145|0x0000000089100000, 0x0000000089100000, 0x0000000089200000|  0%| F|  |TAMS 0x0000000089100000, 0x0000000089100000| Untracked 
| 146|0x0000000089200000, 0x0000000089200000, 0x0000000089300000|  0%| F|  |TAMS 0x0000000089200000, 0x0000000089200000| Untracked 
| 147|0x0000000089300000, 0x0000000089300000, 0x0000000089400000|  0%| F|  |TAMS 0x0000000089300000, 0x0000000089300000| Untracked 
| 148|0x0000000089400000, 0x0000000089400000, 0x0000000089500000|  0%| F|  |TAMS 0x0000000089400000, 0x0000000089400000| Untracked 
| 149|0x0000000089500000, 0x0000000089500000, 0x0000000089600000|  0%| F|  |TAMS 0x0000000089500000, 0x0000000089500000| Untracked 
| 150|0x0000000089600000, 0x0000000089600000, 0x0000000089700000|  0%| F|  |TAMS 0x0000000089600000, 0x0000000089600000| Untracked 
| 151|0x0000000089700000, 0x0000000089700000, 0x0000000089800000|  0%| F|  |TAMS 0x0000000089700000, 0x0000000089700000| Untracked 
| 152|0x0000000089800000, 0x0000000089800000, 0x0000000089900000|  0%| F|  |TAMS 0x0000000089800000, 0x0000000089800000| Untracked 
| 153|0x0000000089900000, 0x0000000089900000, 0x0000000089a00000|  0%| F|  |TAMS 0x0000000089900000, 0x0000000089900000| Untracked 
| 154|0x0000000089a00000, 0x0000000089a00000, 0x0000000089b00000|  0%| F|  |TAMS 0x0000000089a00000, 0x0000000089a00000| Untracked 
| 155|0x0000000089b00000, 0x0000000089b00000, 0x0000000089c00000|  0%| F|  |TAMS 0x0000000089b00000, 0x0000000089b00000| Untracked 
| 156|0x0000000089c00000, 0x0000000089c00000, 0x0000000089d00000|  0%| F|  |TAMS 0x0000000089c00000, 0x0000000089c00000| Untracked 
| 157|0x0000000089d00000, 0x0000000089d00000, 0x0000000089e00000|  0%| F|  |TAMS 0x0000000089d00000, 0x0000000089d00000| Untracked 
| 158|0x0000000089e00000, 0x0000000089e00000, 0x0000000089f00000|  0%| F|  |TAMS 0x0000000089e00000, 0x0000000089e00000| Untracked 
| 159|0x0000000089f00000, 0x0000000089f00000, 0x000000008a000000|  0%| F|  |TAMS 0x0000000089f00000, 0x0000000089f00000| Untracked 
| 160|0x000000008a000000, 0x000000008a000000, 0x000000008a100000|  0%| F|  |TAMS 0x000000008a000000, 0x000000008a000000| Untracked 
| 161|0x000000008a100000, 0x000000008a100000, 0x000000008a200000|  0%| F|  |TAMS 0x000000008a100000, 0x000000008a100000| Untracked 
| 162|0x000000008a200000, 0x000000008a200000, 0x000000008a300000|  0%| F|  |TAMS 0x000000008a200000, 0x000000008a200000| Untracked 
| 163|0x000000008a300000, 0x000000008a400000, 0x000000008a400000|100%| E|  |TAMS 0x000000008a300000, 0x000000008a300000| Complete 
| 164|0x000000008a400000, 0x000000008a500000, 0x000000008a500000|100%| E|CS|TAMS 0x000000008a400000, 0x000000008a400000| Complete 
| 165|0x000000008a500000, 0x000000008a600000, 0x000000008a600000|100%| E|CS|TAMS 0x000000008a500000, 0x000000008a500000| Complete 
| 166|0x000000008a600000, 0x000000008a700000, 0x000000008a700000|100%| E|  |TAMS 0x000000008a600000, 0x000000008a600000| Complete 
| 167|0x000000008a700000, 0x000000008a800000, 0x000000008a800000|100%| E|CS|TAMS 0x000000008a700000, 0x000000008a700000| Complete 
| 168|0x000000008a800000, 0x000000008a900000, 0x000000008a900000|100%| E|CS|TAMS 0x000000008a800000, 0x000000008a800000| Complete 
| 169|0x000000008a900000, 0x000000008aa00000, 0x000000008aa00000|100%| E|CS|TAMS 0x000000008a900000, 0x000000008a900000| Complete 
| 170|0x000000008aa00000, 0x000000008ab00000, 0x000000008ab00000|100%| E|CS|TAMS 0x000000008aa00000, 0x000000008aa00000| Complete 
| 171|0x000000008ab00000, 0x000000008ab79b00, 0x000000008ac00000| 47%| S|CS|TAMS 0x000000008ab00000, 0x000000008ab00000| Complete 
| 172|0x000000008ac00000, 0x000000008ad00000, 0x000000008ad00000|100%| S|CS|TAMS 0x000000008ac00000, 0x000000008ac00000| Complete 
| 173|0x000000008ad00000, 0x000000008ae00000, 0x000000008ae00000|100%| S|CS|TAMS 0x000000008ad00000, 0x000000008ad00000| Complete 
| 174|0x000000008ae00000, 0x000000008af00000, 0x000000008af00000|100%| S|CS|TAMS 0x000000008ae00000, 0x000000008ae00000| Complete 
| 175|0x000000008af00000, 0x000000008b000000, 0x000000008b000000|100%| S|CS|TAMS 0x000000008af00000, 0x000000008af00000| Complete 
| 176|0x000000008b000000, 0x000000008b100000, 0x000000008b100000|100%| S|CS|TAMS 0x000000008b000000, 0x000000008b000000| Complete 
| 177|0x000000008b100000, 0x000000008b200000, 0x000000008b200000|100%| E|CS|TAMS 0x000000008b100000, 0x000000008b100000| Complete 
| 178|0x000000008b200000, 0x000000008b300000, 0x000000008b300000|100%| E|CS|TAMS 0x000000008b200000, 0x000000008b200000| Complete 
| 179|0x000000008b300000, 0x000000008b400000, 0x000000008b400000|100%| E|CS|TAMS 0x000000008b300000, 0x000000008b300000| Complete 
| 180|0x000000008b400000, 0x000000008b500000, 0x000000008b500000|100%| E|CS|TAMS 0x000000008b400000, 0x000000008b400000| Complete 
| 181|0x000000008b500000, 0x000000008b600000, 0x000000008b600000|100%| E|CS|TAMS 0x000000008b500000, 0x000000008b500000| Complete 
| 182|0x000000008b600000, 0x000000008b700000, 0x000000008b700000|100%| E|CS|TAMS 0x000000008b600000, 0x000000008b600000| Complete 
| 183|0x000000008b700000, 0x000000008b800000, 0x000000008b800000|100%| E|CS|TAMS 0x000000008b700000, 0x000000008b700000| Complete 
| 184|0x000000008b800000, 0x000000008b900000, 0x000000008b900000|100%| E|CS|TAMS 0x000000008b800000, 0x000000008b800000| Complete 
| 185|0x000000008b900000, 0x000000008ba00000, 0x000000008ba00000|100%| E|CS|TAMS 0x000000008b900000, 0x000000008b900000| Complete 
| 186|0x000000008ba00000, 0x000000008bb00000, 0x000000008bb00000|100%| E|CS|TAMS 0x000000008ba00000, 0x000000008ba00000| Complete 
| 187|0x000000008bb00000, 0x000000008bc00000, 0x000000008bc00000|100%| E|CS|TAMS 0x000000008bb00000, 0x000000008bb00000| Complete 
| 188|0x000000008bc00000, 0x000000008bd00000, 0x000000008bd00000|100%| E|CS|TAMS 0x000000008bc00000, 0x000000008bc00000| Complete 
| 189|0x000000008bd00000, 0x000000008be00000, 0x000000008be00000|100%| E|CS|TAMS 0x000000008bd00000, 0x000000008bd00000| Complete 
| 190|0x000000008be00000, 0x000000008bf00000, 0x000000008bf00000|100%| E|CS|TAMS 0x000000008be00000, 0x000000008be00000| Complete 
| 191|0x000000008bf00000, 0x000000008c000000, 0x000000008c000000|100%| E|CS|TAMS 0x000000008bf00000, 0x000000008bf00000| Complete 
| 192|0x000000008c000000, 0x000000008c100000, 0x000000008c100000|100%| E|CS|TAMS 0x000000008c000000, 0x000000008c000000| Complete 
| 193|0x000000008c100000, 0x000000008c200000, 0x000000008c200000|100%| E|CS|TAMS 0x000000008c100000, 0x000000008c100000| Complete 
| 194|0x000000008c200000, 0x000000008c300000, 0x000000008c300000|100%| E|CS|TAMS 0x000000008c200000, 0x000000008c200000| Complete 
| 195|0x000000008c300000, 0x000000008c400000, 0x000000008c400000|100%| E|CS|TAMS 0x000000008c300000, 0x000000008c300000| Complete 
| 196|0x000000008c400000, 0x000000008c500000, 0x000000008c500000|100%| E|CS|TAMS 0x000000008c400000, 0x000000008c400000| Complete 
| 197|0x000000008c500000, 0x000000008c600000, 0x000000008c600000|100%| E|CS|TAMS 0x000000008c500000, 0x000000008c500000| Complete 
| 198|0x000000008c600000, 0x000000008c700000, 0x000000008c700000|100%| E|CS|TAMS 0x000000008c600000, 0x000000008c600000| Complete 
| 199|0x000000008c700000, 0x000000008c800000, 0x000000008c800000|100%| E|CS|TAMS 0x000000008c700000, 0x000000008c700000| Complete 
| 200|0x000000008c800000, 0x000000008c900000, 0x000000008c900000|100%| E|CS|TAMS 0x000000008c800000, 0x000000008c800000| Complete 
| 201|0x000000008c900000, 0x000000008ca00000, 0x000000008ca00000|100%| E|CS|TAMS 0x000000008c900000, 0x000000008c900000| Complete 
| 202|0x000000008ca00000, 0x000000008cb00000, 0x000000008cb00000|100%| E|CS|TAMS 0x000000008ca00000, 0x000000008ca00000| Complete 
| 203|0x000000008cb00000, 0x000000008cc00000, 0x000000008cc00000|100%| E|CS|TAMS 0x000000008cb00000, 0x000000008cb00000| Complete 
| 204|0x000000008cc00000, 0x000000008cd00000, 0x000000008cd00000|100%| E|CS|TAMS 0x000000008cc00000, 0x000000008cc00000| Complete 
| 205|0x000000008cd00000, 0x000000008ce00000, 0x000000008ce00000|100%| E|CS|TAMS 0x000000008cd00000, 0x000000008cd00000| Complete 
| 206|0x000000008ce00000, 0x000000008cf00000, 0x000000008cf00000|100%| E|CS|TAMS 0x000000008ce00000, 0x000000008ce00000| Complete 
| 207|0x000000008cf00000, 0x000000008d000000, 0x000000008d000000|100%| E|CS|TAMS 0x000000008cf00000, 0x000000008cf00000| Complete 
| 208|0x000000008d000000, 0x000000008d100000, 0x000000008d100000|100%| E|CS|TAMS 0x000000008d000000, 0x000000008d000000| Complete 
| 209|0x000000008d100000, 0x000000008d200000, 0x000000008d200000|100%| E|CS|TAMS 0x000000008d100000, 0x000000008d100000| Complete 
| 210|0x000000008d200000, 0x000000008d300000, 0x000000008d300000|100%| E|CS|TAMS 0x000000008d200000, 0x000000008d200000| Complete 
| 211|0x000000008d300000, 0x000000008d400000, 0x000000008d400000|100%| E|CS|TAMS 0x000000008d300000, 0x000000008d300000| Complete 
| 212|0x000000008d400000, 0x000000008d500000, 0x000000008d500000|100%| E|CS|TAMS 0x000000008d400000, 0x000000008d400000| Complete 
| 213|0x000000008d500000, 0x000000008d600000, 0x000000008d600000|100%| E|CS|TAMS 0x000000008d500000, 0x000000008d500000| Complete 
| 214|0x000000008d600000, 0x000000008d700000, 0x000000008d700000|100%| E|CS|TAMS 0x000000008d600000, 0x000000008d600000| Complete 
| 215|0x000000008d700000, 0x000000008d800000, 0x000000008d800000|100%| E|CS|TAMS 0x000000008d700000, 0x000000008d700000| Complete 
| 216|0x000000008d800000, 0x000000008d900000, 0x000000008d900000|100%| E|CS|TAMS 0x000000008d800000, 0x000000008d800000| Complete 
| 217|0x000000008d900000, 0x000000008da00000, 0x000000008da00000|100%| E|CS|TAMS 0x000000008d900000, 0x000000008d900000| Complete 
| 218|0x000000008da00000, 0x000000008db00000, 0x000000008db00000|100%| E|CS|TAMS 0x000000008da00000, 0x000000008da00000| Complete 
| 219|0x000000008db00000, 0x000000008dc00000, 0x000000008dc00000|100%| E|CS|TAMS 0x000000008db00000, 0x000000008db00000| Complete 
| 220|0x000000008dc00000, 0x000000008dd00000, 0x000000008dd00000|100%| E|CS|TAMS 0x000000008dc00000, 0x000000008dc00000| Complete 
| 221|0x000000008dd00000, 0x000000008de00000, 0x000000008de00000|100%| E|CS|TAMS 0x000000008dd00000, 0x000000008dd00000| Complete 
| 222|0x000000008de00000, 0x000000008df00000, 0x000000008df00000|100%| E|CS|TAMS 0x000000008de00000, 0x000000008de00000| Complete 
| 223|0x000000008df00000, 0x000000008e000000, 0x000000008e000000|100%| E|CS|TAMS 0x000000008df00000, 0x000000008df00000| Complete 
| 224|0x000000008e000000, 0x000000008e100000, 0x000000008e100000|100%| E|CS|TAMS 0x000000008e000000, 0x000000008e000000| Complete 
| 225|0x000000008e100000, 0x000000008e200000, 0x000000008e200000|100%| E|CS|TAMS 0x000000008e100000, 0x000000008e100000| Complete 
| 226|0x000000008e200000, 0x000000008e300000, 0x000000008e300000|100%| E|CS|TAMS 0x000000008e200000, 0x000000008e200000| Complete 
| 227|0x000000008e300000, 0x000000008e400000, 0x000000008e400000|100%| E|CS|TAMS 0x000000008e300000, 0x000000008e300000| Complete 
| 228|0x000000008e400000, 0x000000008e500000, 0x000000008e500000|100%| E|CS|TAMS 0x000000008e400000, 0x000000008e400000| Complete 
| 229|0x000000008e500000, 0x000000008e600000, 0x000000008e600000|100%| E|CS|TAMS 0x000000008e500000, 0x000000008e500000| Complete 
| 230|0x000000008e600000, 0x000000008e700000, 0x000000008e700000|100%| E|CS|TAMS 0x000000008e600000, 0x000000008e600000| Complete 
| 231|0x000000008e700000, 0x000000008e800000, 0x000000008e800000|100%| E|CS|TAMS 0x000000008e700000, 0x000000008e700000| Complete 
| 232|0x000000008e800000, 0x000000008e900000, 0x000000008e900000|100%| E|CS|TAMS 0x000000008e800000, 0x000000008e800000| Complete 
| 233|0x000000008e900000, 0x000000008ea00000, 0x000000008ea00000|100%| E|CS|TAMS 0x000000008e900000, 0x000000008e900000| Complete 
| 234|0x000000008ea00000, 0x000000008eb00000, 0x000000008eb00000|100%| E|CS|TAMS 0x000000008ea00000, 0x000000008ea00000| Complete 
| 235|0x000000008eb00000, 0x000000008ec00000, 0x000000008ec00000|100%| E|CS|TAMS 0x000000008eb00000, 0x000000008eb00000| Complete 
| 236|0x000000008ec00000, 0x000000008ed00000, 0x000000008ed00000|100%| E|CS|TAMS 0x000000008ec00000, 0x000000008ec00000| Complete 
| 237|0x000000008ed00000, 0x000000008ee00000, 0x000000008ee00000|100%| E|CS|TAMS 0x000000008ed00000, 0x000000008ed00000| Complete 
| 238|0x000000008ee00000, 0x000000008ef00000, 0x000000008ef00000|100%| E|CS|TAMS 0x000000008ee00000, 0x000000008ee00000| Complete 
| 239|0x000000008ef00000, 0x000000008f000000, 0x000000008f000000|100%| E|CS|TAMS 0x000000008ef00000, 0x000000008ef00000| Complete 
| 240|0x000000008f000000, 0x000000008f100000, 0x000000008f100000|100%| E|CS|TAMS 0x000000008f000000, 0x000000008f000000| Complete 
| 241|0x000000008f100000, 0x000000008f200000, 0x000000008f200000|100%| E|CS|TAMS 0x000000008f100000, 0x000000008f100000| Complete 
| 242|0x000000008f200000, 0x000000008f300000, 0x000000008f300000|100%| E|CS|TAMS 0x000000008f200000, 0x000000008f200000| Complete 
| 243|0x000000008f300000, 0x000000008f400000, 0x000000008f400000|100%| E|CS|TAMS 0x000000008f300000, 0x000000008f300000| Complete 
| 244|0x000000008f400000, 0x000000008f500000, 0x000000008f500000|100%| E|CS|TAMS 0x000000008f400000, 0x000000008f400000| Complete 
| 245|0x000000008f500000, 0x000000008f600000, 0x000000008f600000|100%| E|CS|TAMS 0x000000008f500000, 0x000000008f500000| Complete 
| 246|0x000000008f600000, 0x000000008f700000, 0x000000008f700000|100%| E|CS|TAMS 0x000000008f600000, 0x000000008f600000| Complete 
| 247|0x000000008f700000, 0x000000008f800000, 0x000000008f800000|100%| E|CS|TAMS 0x000000008f700000, 0x000000008f700000| Complete 
| 248|0x000000008f800000, 0x000000008f900000, 0x000000008f900000|100%| E|CS|TAMS 0x000000008f800000, 0x000000008f800000| Complete 
| 249|0x000000008f900000, 0x000000008fa00000, 0x000000008fa00000|100%| E|CS|TAMS 0x000000008f900000, 0x000000008f900000| Complete 
| 250|0x000000008fa00000, 0x000000008fb00000, 0x000000008fb00000|100%| E|CS|TAMS 0x000000008fa00000, 0x000000008fa00000| Complete 
| 251|0x000000008fb00000, 0x000000008fc00000, 0x000000008fc00000|100%| E|CS|TAMS 0x000000008fb00000, 0x000000008fb00000| Complete 
| 252|0x000000008fc00000, 0x000000008fd00000, 0x000000008fd00000|100%| E|CS|TAMS 0x000000008fc00000, 0x000000008fc00000| Complete 
| 253|0x000000008fd00000, 0x000000008fe00000, 0x000000008fe00000|100%| E|CS|TAMS 0x000000008fd00000, 0x000000008fd00000| Complete 
| 254|0x000000008fe00000, 0x000000008ff00000, 0x000000008ff00000|100%| E|CS|TAMS 0x000000008fe00000, 0x000000008fe00000| Complete 
| 255|0x000000008ff00000, 0x0000000090000000, 0x0000000090000000|100%| E|CS|TAMS 0x000000008ff00000, 0x000000008ff00000| Complete 

Card table byte_map: [0x0000019aac860000,0x0000019aacc60000] _byte_map_base: 0x0000019aac460000

Marking Bits (Prev, Next): (CMBitMap*) 0x0000019a97542fb8, (CMBitMap*) 0x0000019a97542ff0
 Prev Bits: [0x0000019aad060000, 0x0000019aaf060000)
 Next Bits: [0x0000019aaf060000, 0x0000019ab1060000)

Polling page: 0x0000019a97280000

Metaspace:

Usage:
  Non-class:     36.76 MB capacity,    36.15 MB ( 98%) used,   527.98 KB (  1%) free+waste,    97.88 KB ( <1%) overhead. 
      Class:      5.62 MB capacity,     5.26 MB ( 94%) used,   312.23 KB (  5%) free+waste,    46.69 KB ( <1%) overhead. 
       Both:     42.38 MB capacity,    41.42 MB ( 98%) used,   840.20 KB (  2%) free+waste,   144.56 KB ( <1%) overhead. 

Virtual space:
  Non-class space:       38.00 MB reserved,      37.00 MB ( 97%) committed 
      Class space:        1.00 GB reserved,       5.70 MB ( <1%) committed 
             Both:        1.04 GB reserved,      42.70 MB (  4%) committed 

Chunk freelists:
   Non-Class:  0 bytes
       Class:  10.00 KB
        Both:  10.00 KB

MaxMetaspaceSize: 17179869184.00 GB
CompressedClassSpaceSize: 1.00 GB

CodeHeap 'non-profiled nmethods': size=120000Kb used=1928Kb max_used=1928Kb free=118071Kb
 bounds [0x0000019aa42b0000, 0x0000019aa4520000, 0x0000019aab7e0000]
CodeHeap 'profiled nmethods': size=120000Kb used=7704Kb max_used=7704Kb free=112295Kb
 bounds [0x0000019a9cd80000, 0x0000019a9d510000, 0x0000019aa42b0000]
CodeHeap 'non-nmethods': size=5760Kb used=2201Kb max_used=2279Kb free=3559Kb
 bounds [0x0000019a9c7e0000, 0x0000019a9ca50000, 0x0000019a9cd80000]
 total_blobs=4413 nmethods=3642 adapters=681
 compilation: enabled
              stopped_count=0, restarted_count=0
 full_count=0

Compilation events (20 events):
Event: 4.342 Thread 0x0000019ab467e000 3616       3       sun.reflect.generics.reflectiveObjects.WildcardTypeImpl::getUpperBounds (34 bytes)
Event: 4.342 Thread 0x0000019ab467e000 nmethod 3616 0x0000019a9d4e0890 code [0x0000019a9d4e0a80, 0x0000019a9d4e10b8]
Event: 4.342 Thread 0x0000019ab467e000 3617       3       jdk.internal.org.objectweb.asm.MethodVisitor::visitCode (15 bytes)
Event: 4.342 Thread 0x0000019ab467e000 nmethod 3617 0x0000019a9d4e1210 code [0x0000019a9d4e13c0, 0x0000019a9d4e15a8]
Event: 4.342 Thread 0x0000019ab467e000 3618       3       jdk.internal.org.objectweb.asm.MethodVisitor::visitMaxs (17 bytes)
Event: 4.342 Thread 0x0000019ab467e000 nmethod 3618 0x0000019a9d4e1690 code [0x0000019a9d4e1840, 0x0000019a9d4e1a28]
Event: 4.342 Thread 0x0000019ab467e000 3619       3       jdk.internal.org.objectweb.asm.MethodVisitor::visitEnd (15 bytes)
Event: 4.342 Thread 0x0000019ab467e000 nmethod 3619 0x0000019a9d4e1b10 code [0x0000019a9d4e1cc0, 0x0000019a9d4e1ea8]
Event: 4.346 Thread 0x0000019ab467e000 3620  s    3       sun.net.www.protocol.file.Handler::openConnection (7 bytes)
Event: 4.346 Thread 0x0000019ab467e000 nmethod 3620 0x0000019a9d4e1f90 code [0x0000019a9d4e2160, 0x0000019a9d4e2428]
Event: 4.346 Thread 0x0000019ab467e000 3621  s!   3       sun.net.www.protocol.file.Handler::openConnection (273 bytes)
Event: 4.348 Thread 0x0000019ab467e000 nmethod 3621 0x0000019a9d4e2510 code [0x0000019a9d4e2ac0, 0x0000019a9d4e54a8]
Event: 4.348 Thread 0x0000019ab467e000 3622       1       com.google.common.cache.LocalCache$2::poll (2 bytes)
Event: 4.348 Thread 0x0000019ab467e000 nmethod 3622 0x0000019aa4486f10 code [0x0000019aa44870c0, 0x0000019aa4487178]
Event: 4.352 Thread 0x0000019ab467e000 3623       3       org.gradle.internal.instantiation.generator.AsmBackedClassGenerator::access$500 (4 bytes)
Event: 4.352 Thread 0x0000019ab467e000 nmethod 3623 0x0000019a9d4e6590 code [0x0000019a9d4e6740, 0x0000019a9d4e6838]
Event: 4.355 Thread 0x0000019ab467e000 3624       3       java.nio.ByteBuffer::order (48 bytes)
Event: 4.355 Thread 0x0000019ab467e000 nmethod 3624 0x0000019a9d4e6910 code [0x0000019a9d4e6ac0, 0x0000019a9d4e6cf8]
Event: 4.355 Thread 0x0000019ab467e000 3625       3       sun.nio.fs.WindowsPath::isEmpty (8 bytes)
Event: 4.355 Thread 0x0000019ab467e000 nmethod 3625 0x0000019a9d4e6d90 code [0x0000019a9d4e6f40, 0x0000019a9d4e7118]

GC Heap History (8 events):
Event: 0.641 GC heap before
{Heap before GC invocations=0 (full 0):
 garbage-first heap   total 262144K, used 29696K [0x0000000080000000, 0x0000000100000000)
  region size 1024K, 24 young (24576K), 0 survivors (0K)
 Metaspace       used 10158K, capacity 10405K, committed 10624K, reserved 1058816K
  class space    used 1061K, capacity 1107K, committed 1152K, reserved 1048576K
}
Event: 0.645 GC heap after
{Heap after GC invocations=1 (full 0):
 garbage-first heap   total 262144K, used 9325K [0x0000000080000000, 0x0000000100000000)
  region size 1024K, 3 young (3072K), 3 survivors (3072K)
 Metaspace       used 10158K, capacity 10405K, committed 10624K, reserved 1058816K
  class space    used 1061K, capacity 1107K, committed 1152K, reserved 1048576K
}
Event: 2.372 GC heap before
{Heap before GC invocations=1 (full 0):
 garbage-first heap   total 262144K, used 106605K [0x0000000080000000, 0x0000000100000000)
  region size 1024K, 98 young (100352K), 3 survivors (3072K)
 Metaspace       used 20577K, capacity 21104K, committed 21248K, reserved 1067008K
  class space    used 2505K, capacity 2690K, committed 2816K, reserved 1048576K
}
Event: 2.381 GC heap after
{Heap after GC invocations=2 (full 0):
 garbage-first heap   total 262144K, used 16523K [0x0000000080000000, 0x0000000100000000)
  region size 1024K, 11 young (11264K), 11 survivors (11264K)
 Metaspace       used 20577K, capacity 21104K, committed 21248K, reserved 1067008K
  class space    used 2505K, capacity 2690K, committed 2816K, reserved 1048576K
}
Event: 2.666 GC heap before
{Heap before GC invocations=3 (full 0):
 garbage-first heap   total 262144K, used 51339K [0x0000000080000000, 0x0000000100000000)
  region size 1024K, 45 young (46080K), 11 survivors (11264K)
 Metaspace       used 23899K, capacity 24518K, committed 24832K, reserved 1071104K
  class space    used 3056K, capacity 3257K, committed 3328K, reserved 1048576K
}
Event: 2.672 GC heap after
{Heap after GC invocations=4 (full 0):
 garbage-first heap   total 262144K, used 17736K [0x0000000080000000, 0x0000000100000000)
  region size 1024K, 2 young (2048K), 2 survivors (2048K)
 Metaspace       used 23899K, capacity 24518K, committed 24832K, reserved 1071104K
  class space    used 3056K, capacity 3257K, committed 3328K, reserved 1048576K
}
Event: 3.476 GC heap before
{Heap before GC invocations=4 (full 0):
 garbage-first heap   total 262144K, used 95560K [0x0000000080000000, 0x0000000100000000)
  region size 1024K, 79 young (80896K), 2 survivors (2048K)
 Metaspace       used 35034K, capacity 35838K, committed 35840K, reserved 1081344K
  class space    used 4540K, capacity 4864K, committed 4864K, reserved 1048576K
}
Event: 3.484 GC heap after
{Heap after GC invocations=5 (full 0):
 garbage-first heap   total 262144K, used 21919K [0x0000000080000000, 0x0000000100000000)
  region size 1024K, 6 young (6144K), 6 survivors (6144K)
 Metaspace       used 35034K, capacity 35838K, committed 35840K, reserved 1081344K
  class space    used 4540K, capacity 4864K, committed 4864K, reserved 1048576K
}

Deoptimization events (20 events):
Event: 4.208 Thread 0x0000019ab47e3000 DEOPT PACKING pc=0x0000019aa4415ab4 sp=0x0000001cf38f8e20
Event: 4.208 Thread 0x0000019ab47e3000 DEOPT UNPACKING pc=0x0000019a9c8078af sp=0x0000001cf38f8dd8 mode 2
Event: 4.212 Thread 0x0000019ab47e3000 Uncommon trap: trap_request=0xffffff4d fr.pc=0x0000019aa43e60d8 relative=0x00000000000002f8
Event: 4.212 Thread 0x0000019ab47e3000 Uncommon trap: reason=unstable_if action=reinterpret pc=0x0000019aa43e60d8 method=org.gradle.internal.reflect.PropertyAccessorType.isGetGetterName(Ljava/lang/String;)Z @ 14 c2
Event: 4.212 Thread 0x0000019ab47e3000 DEOPT PACKING pc=0x0000019aa43e60d8 sp=0x0000001cf38f97b0
Event: 4.212 Thread 0x0000019ab47e3000 DEOPT UNPACKING pc=0x0000019a9c8078af sp=0x0000001cf38f9708 mode 2
Event: 4.237 Thread 0x0000019ab47e3000 Uncommon trap: trap_request=0xffffff4d fr.pc=0x0000019aa43d4208 relative=0x00000000000000e8
Event: 4.237 Thread 0x0000019ab47e3000 Uncommon trap: reason=unstable_if action=reinterpret pc=0x0000019aa43d4208 method=org.objectweb.asm.ByteVector.putShort(I)Lorg/objectweb/asm/ByteVector; @ 13 c2
Event: 4.237 Thread 0x0000019ab47e3000 DEOPT PACKING pc=0x0000019aa43d4208 sp=0x0000001cf38f9370
Event: 4.237 Thread 0x0000019ab47e3000 DEOPT UNPACKING pc=0x0000019a9c8078af sp=0x0000001cf38f9308 mode 2
Event: 4.260 Thread 0x0000019ab47e3000 Uncommon trap: trap_request=0xffffff4d fr.pc=0x0000019aa4412d80 relative=0x0000000000001b80
Event: 4.261 Thread 0x0000019ab47e3000 Uncommon trap: reason=unstable_if action=reinterpret pc=0x0000019aa4412d80 method=java.util.concurrent.ConcurrentHashMap.computeIfAbsent(Ljava/lang/Object;Ljava/util/function/Function;)Ljava/lang/Object; @ 123 c2
Event: 4.261 Thread 0x0000019ab47e3000 DEOPT PACKING pc=0x0000019aa4412d80 sp=0x0000001cf38fa860
Event: 4.261 Thread 0x0000019ab47e3000 DEOPT UNPACKING pc=0x0000019a9c8078af sp=0x0000001cf38fa7f0 mode 2
Event: 4.321 Thread 0x0000019ab47e8000 Uncommon trap: trap_request=0xffffffc6 fr.pc=0x0000019aa4426a98 relative=0x00000000000005f8
Event: 4.321 Thread 0x0000019ab47e8000 Uncommon trap: reason=bimorphic_or_optimized_type_check action=maybe_recompile pc=0x0000019aa4426a98 method=java.util.stream.Sink$ChainedReference.cancellationRequested()Z @ 4 c2
Event: 4.321 Thread 0x0000019ab47e8000 DEOPT PACKING pc=0x0000019aa4426a98 sp=0x0000001cf34fe8f0
Event: 4.321 Thread 0x0000019ab47e8000 DEOPT UNPACKING pc=0x0000019a9c8078af sp=0x0000001cf34fe830 mode 2
Event: 4.337 Thread 0x0000019ab47e3000 DEOPT PACKING pc=0x0000019a9d215891 sp=0x0000001cf38fa5f0
Event: 4.337 Thread 0x0000019ab47e3000 DEOPT UNPACKING pc=0x0000019a9c8076ce sp=0x0000001cf38f9ad0 mode 0

Classes redefined (0 events):
No events

Internal exceptions (20 events):
Event: 3.895 Thread 0x0000019ab47e3000 Exception <a 'java/lang/ClassNotFoundException'{0x000000008ce57f08}: org/gradle/api/internal/DefaultNamedDomainObjectListBeanInfo> (0x000000008ce57f08) thrown at [./src/hotspot/share/classfile/systemDictionary.cpp, line 231]
Event: 3.895 Thread 0x0000019ab47e3000 Exception <a 'java/lang/ClassNotFoundException'{0x000000008ce83b00}: org/gradle/api/internal/DefaultNamedDomainObjectCollectionBeanInfo> (0x000000008ce83b00) thrown at [./src/hotspot/share/classfile/systemDictionary.cpp, line 231]
Event: 3.896 Thread 0x0000019ab47e3000 Exception <a 'java/lang/ClassNotFoundException'{0x000000008ceaecb0}: org/gradle/api/internal/DefaultDomainObjectCollectionBeanInfo> (0x000000008ceaecb0) thrown at [./src/hotspot/share/classfile/systemDictionary.cpp, line 231]
Event: 3.897 Thread 0x0000019ab47e3000 Exception <a 'java/lang/ClassNotFoundException'{0x000000008ceb4ee8}: java/util/AbstractCollectionBeanInfo> (0x000000008ceb4ee8) thrown at [./src/hotspot/share/classfile/systemDictionary.cpp, line 231]
Event: 3.897 Thread 0x0000019ab47e3000 Exception <a 'java/lang/ClassNotFoundException'{0x000000008cebb668}: java/util/AbstractCollectionCustomizer> (0x000000008cebb668) thrown at [./src/hotspot/share/classfile/systemDictionary.cpp, line 231]
Event: 3.901 Thread 0x0000019ab47e3000 Exception <a 'java/lang/ClassNotFoundException'{0x000000008ceef2a8}: org/gradle/api/internal/DefaultDomainObjectCollectionCustomizer> (0x000000008ceef2a8) thrown at [./src/hotspot/share/classfile/systemDictionary.cpp, line 231]
Event: 3.906 Thread 0x0000019ab47e3000 Exception <a 'java/lang/ClassNotFoundException'{0x000000008cd38048}: org/gradle/api/internal/DefaultNamedDomainObjectCollectionCustomizer> (0x000000008cd38048) thrown at [./src/hotspot/share/classfile/systemDictionary.cpp, line 231]
Event: 3.909 Thread 0x0000019ab47e3000 Exception <a 'java/lang/ClassNotFoundException'{0x000000008cdb01c0}: org/gradle/api/internal/DefaultNamedDomainObjectListCustomizer> (0x000000008cdb01c0) thrown at [./src/hotspot/share/classfile/systemDictionary.cpp, line 231]
Event: 3.911 Thread 0x0000019ab47e3000 Exception <a 'java/lang/ClassNotFoundException'{0x000000008cc05268}: org/gradle/api/internal/artifacts/DefaultArtifactRepositoryContainerCustomizer> (0x000000008cc05268) thrown at [./src/hotspot/share/classfile/systemDictionary.cpp, line 231]
Event: 3.912 Thread 0x0000019ab47e3000 Exception <a 'java/lang/ClassNotFoundException'{0x000000008cc4f490}: org/gradle/api/internal/artifacts/dsl/DefaultRepositoryHandlerCustomizer> (0x000000008cc4f490) thrown at [./src/hotspot/share/classfile/systemDictionary.cpp, line 231]
Event: 3.922 Thread 0x0000019ab47e3000 Exception <a 'java/lang/ClassNotFoundException'{0x000000008ccac710}: org/gradle/api/internal/artifacts/dsl/DefaultRepositoryHandler_DecoratedCustomizer> (0x000000008ccac710) thrown at [./src/hotspot/share/classfile/systemDictionary.cpp, line 231]
Event: 3.977 Thread 0x0000019ab47e3000 Exception <a 'java/lang/ClassNotFoundException'{0x000000008c79bd90}: org/gradle/initialization/DefaultProjectDescriptorBeanInfo> (0x000000008c79bd90) thrown at [./src/hotspot/share/classfile/systemDictionary.cpp, line 231]
Event: 3.978 Thread 0x0000019ab47e3000 Exception <a 'java/lang/ClassNotFoundException'{0x000000008c7c0ec8}: org/gradle/initialization/DefaultProjectDescriptorCustomizer> (0x000000008c7c0ec8) thrown at [./src/hotspot/share/classfile/systemDictionary.cpp, line 231]
Event: 3.981 Thread 0x0000019ab47e3000 Implicit null exception at 0x0000019aa43ee06c to 0x0000019aa43ee114
Event: 4.104 Thread 0x0000019ab56e7000 Exception <a 'java/lang/NoSuchMethodError'{0x000000008ff8d9a8}: <clinit>> (0x000000008ff8d9a8) thrown at [./src/hotspot/share/prims/jni.cpp, line 1362]
Event: 4.104 Thread 0x0000019ab56e7000 Exception <a 'java/lang/NoSuchMethodError'{0x000000008ff8ef98}: <clinit>> (0x000000008ff8ef98) thrown at [./src/hotspot/share/prims/jni.cpp, line 1362]
Event: 4.105 Thread 0x0000019ab56e7000 Exception <a 'java/lang/NoSuchMethodError'{0x000000008bc07f10}: <clinit>> (0x000000008bc07f10) thrown at [./src/hotspot/share/prims/jni.cpp, line 1362]
Event: 4.105 Thread 0x0000019ab56e7000 Exception <a 'java/lang/NoSuchMethodError'{0x000000008bc09d60}: <clinit>> (0x000000008bc09d60) thrown at [./src/hotspot/share/prims/jni.cpp, line 1362]
Event: 4.106 Thread 0x0000019ab56e7000 Exception <a 'java/lang/NoSuchMethodError'{0x000000008bc991d8}: <clinit>> (0x000000008bc991d8) thrown at [./src/hotspot/share/prims/jni.cpp, line 1362]
Event: 4.208 Thread 0x0000019ab47e3000 Implicit null exception at 0x0000019aa42de178 to 0x0000019aa42de20a

Events (20 events):
Event: 4.347 loading class org/gradle/api/tasks/wrapper/Wrapper
Event: 4.347 loading class org/gradle/api/tasks/wrapper/Wrapper done
Event: 4.347 loading class org/gradle/api/tasks/wrapper/Wrapper
Event: 4.347 loading class org/gradle/api/tasks/wrapper/Wrapper done
Event: 4.347 loading class org/gradle/api/Action
Event: 4.347 loading class org/gradle/api/Action done
Event: 4.348 loading class org/gradle/internal/service/scopes/ProjectScopeServices$ProjectBackedModuleMetaDataProvider
Event: 4.348 loading class org/gradle/internal/service/scopes/ProjectScopeServices$ProjectBackedModuleMetaDataProvider done
Event: 4.348 loading class org/gradle/internal/service/scopes/ProjectScopeServices$ScriptScopedContext
Event: 4.348 loading class org/gradle/internal/service/scopes/ProjectScopeServices$ScriptScopedContext done
Event: 4.352 loading class org/gradle/api/internal/project/ProjectInternal
Event: 4.352 loading class org/gradle/api/internal/project/ProjectInternal done
Event: 4.352 loading class org/gradle/configuration/ScriptPlugin
Event: 4.352 loading class org/gradle/configuration/ScriptPlugin done
Event: 4.353 loading class org/gradle/internal/build/event/types/DefaultScriptPluginIdentifier
Event: 4.353 loading class org/gradle/internal/build/event/types/DefaultScriptPluginIdentifier done
Event: 4.354 loading class org/gradle/configuration/ProjectScriptTarget
Event: 4.354 loading class org/gradle/configuration/ProjectScriptTarget done
Event: 4.354 loading class org/gradle/api/internal/project/ProjectScript
Event: 4.354 loading class org/gradle/api/internal/project/ProjectScript done


Dynamic libraries:
0x00007ff7c6a80000 - 0x00007ff7c6a8a000 	C:\Program Files\Android\Android Studio\jre\bin\java.exe
0x00007ffc2c9e0000 - 0x00007ffc2cbe7000 	C:\WINDOWS\SYSTEM32\ntdll.dll
0x00007ffc2bbd0000 - 0x00007ffc2bc8d000 	C:\WINDOWS\System32\KERNEL32.DLL
0x00007ffc2a160000 - 0x00007ffc2a4d4000 	C:\WINDOWS\System32\KERNELBASE.dll
0x00007ffc2a4e0000 - 0x00007ffc2a5f1000 	C:\WINDOWS\System32\ucrtbase.dll
0x00007ffc044c0000 - 0x00007ffc044d9000 	C:\Program Files\Android\Android Studio\jre\bin\jli.dll
0x00007ffc07d00000 - 0x00007ffc07d17000 	C:\Program Files\Android\Android Studio\jre\bin\VCRUNTIME140.dll
0x00007ffc2ad90000 - 0x00007ffc2af3c000 	C:\WINDOWS\System32\USER32.dll
0x00007ffc29ff0000 - 0x00007ffc2a016000 	C:\WINDOWS\System32\win32u.dll
0x00007ffc2c5c0000 - 0x00007ffc2c5e9000 	C:\WINDOWS\System32\GDI32.dll
0x00007ffc15b80000 - 0x00007ffc15e25000 	C:\WINDOWS\WinSxS\amd64_microsoft.windows.common-controls_6595b64144ccf1df_6.0.22000.120_none_9d947278b86cc467\COMCTL32.dll
0x00007ffc29ed0000 - 0x00007ffc29fe2000 	C:\WINDOWS\System32\gdi32full.dll
0x00007ffc2a7e0000 - 0x00007ffc2a87d000 	C:\WINDOWS\System32\msvcp_win.dll
0x00007ffc2a9a0000 - 0x00007ffc2aa43000 	C:\WINDOWS\System32\msvcrt.dll
0x00007ffc2c3e0000 - 0x00007ffc2c411000 	C:\WINDOWS\System32\IMM32.DLL
0x00007ffbeaa60000 - 0x00007ffbeaafd000 	C:\Program Files\Android\Android Studio\jre\bin\msvcp140.dll
0x00007ffba9a40000 - 0x00007ffbaa50f000 	C:\Program Files\Android\Android Studio\jre\bin\server\jvm.dll
0x00007ffc2c420000 - 0x00007ffc2c4ce000 	C:\WINDOWS\System32\ADVAPI32.dll
0x00007ffc2c790000 - 0x00007ffc2c82e000 	C:\WINDOWS\System32\sechost.dll
0x00007ffc2a880000 - 0x00007ffc2a9a0000 	C:\WINDOWS\System32\RPCRT4.dll
0x00007ffc2c210000 - 0x00007ffc2c218000 	C:\WINDOWS\System32\PSAPI.DLL
0x00007ffc12b10000 - 0x00007ffc12b19000 	C:\WINDOWS\SYSTEM32\WSOCK32.dll
0x00007ffc24740000 - 0x00007ffc24773000 	C:\WINDOWS\SYSTEM32\WINMM.dll
0x00007ffc244a0000 - 0x00007ffc244aa000 	C:\WINDOWS\SYSTEM32\VERSION.dll
0x00007ffc2af40000 - 0x00007ffc2afaf000 	C:\WINDOWS\System32\WS2_32.dll
0x00007ffc290c0000 - 0x00007ffc290d8000 	C:\WINDOWS\SYSTEM32\kernel.appcore.dll
0x00007ffc25b10000 - 0x00007ffc25b21000 	C:\Program Files\Android\Android Studio\jre\bin\verify.dll
0x00007ffc1a300000 - 0x00007ffc1a521000 	C:\WINDOWS\SYSTEM32\DBGHELP.DLL
0x00007ffc12620000 - 0x00007ffc12651000 	C:\WINDOWS\SYSTEM32\dbgcore.DLL
0x00007ffc2a020000 - 0x00007ffc2a09f000 	C:\WINDOWS\System32\bcryptPrimitives.dll
0x00007ffc0f630000 - 0x00007ffc0f659000 	C:\Program Files\Android\Android Studio\jre\bin\java.dll
0x00007ffc15060000 - 0x00007ffc1506b000 	C:\Program Files\Android\Android Studio\jre\bin\jimage.dll
0x00007ffc0e160000 - 0x00007ffc0e178000 	C:\Program Files\Android\Android Studio\jre\bin\zip.dll
0x00007ffc2b420000 - 0x00007ffc2bbce000 	C:\WINDOWS\System32\SHELL32.dll
0x00007ffc28040000 - 0x00007ffc288a7000 	C:\WINDOWS\SYSTEM32\windows.storage.dll
0x00007ffc2be90000 - 0x00007ffc2c208000 	C:\WINDOWS\System32\combase.dll
0x00007ffc27ed0000 - 0x00007ffc28036000 	C:\WINDOWS\SYSTEM32\wintypes.dll
0x00007ffc2c4d0000 - 0x00007ffc2c5ba000 	C:\WINDOWS\System32\SHCORE.dll
0x00007ffc2c730000 - 0x00007ffc2c78d000 	C:\WINDOWS\System32\shlwapi.dll
0x00007ffc29e00000 - 0x00007ffc29e21000 	C:\WINDOWS\SYSTEM32\profapi.dll
0x00007ffc08810000 - 0x00007ffc0882a000 	C:\Program Files\Android\Android Studio\jre\bin\net.dll
0x00007ffc23de0000 - 0x00007ffc23eec000 	C:\WINDOWS\SYSTEM32\WINHTTP.dll
0x00007ffc294f0000 - 0x00007ffc29557000 	C:\WINDOWS\system32\mswsock.dll
0x00007ffc087f0000 - 0x00007ffc08804000 	C:\Program Files\Android\Android Studio\jre\bin\nio.dll
0x00007ffc14380000 - 0x00007ffc143a7000 	C:\Users\user\.gradle\native\8bec1ad78214c89d9ad589b4d07fe93259594b29d510b10fafb7a158f7737e5d\windows-amd64\native-platform.dll
0x00007ffbee050000 - 0x00007ffbee18d000 	C:\Users\user\.gradle\native\53dbd7edfb1c66fb8903c78663c9afc45aea4f116125fa6feffd364cf09443e8\windows-amd64\native-platform-file-events.dll
0x00007ffc15050000 - 0x00007ffc1505a000 	C:\Program Files\Android\Android Studio\jre\bin\management.dll
0x00007ffc14f20000 - 0x00007ffc14f2c000 	C:\Program Files\Android\Android Studio\jre\bin\management_ext.dll
0x00007ffc29740000 - 0x00007ffc29758000 	C:\WINDOWS\SYSTEM32\CRYPTSP.dll
0x00007ffc29020000 - 0x00007ffc29055000 	C:\WINDOWS\system32\rsaenh.dll
0x00007ffc295e0000 - 0x00007ffc29609000 	C:\WINDOWS\SYSTEM32\USERENV.dll
0x00007ffc298b0000 - 0x00007ffc298d7000 	C:\WINDOWS\SYSTEM32\bcrypt.dll
0x00007ffc29730000 - 0x00007ffc2973c000 	C:\WINDOWS\SYSTEM32\CRYPTBASE.dll
0x00007ffc28b80000 - 0x00007ffc28bad000 	C:\WINDOWS\SYSTEM32\IPHLPAPI.DLL
0x00007ffc2be80000 - 0x00007ffc2be89000 	C:\WINDOWS\System32\NSI.dll
0x00007ffc24480000 - 0x00007ffc24499000 	C:\WINDOWS\SYSTEM32\dhcpcsvc6.DLL
0x00007ffc24f50000 - 0x00007ffc24f6e000 	C:\WINDOWS\SYSTEM32\dhcpcsvc.DLL
0x00007ffc28bb0000 - 0x00007ffc28c97000 	C:\WINDOWS\SYSTEM32\DNSAPI.dll

dbghelp: loaded successfully - version: 4.0.5 - missing functions: none
symbol engine: initialized successfully - sym options: 0x614 - pdb path: .;C:\Program Files\Android\Android Studio\jre\bin;C:\WINDOWS\SYSTEM32;C:\WINDOWS\WinSxS\amd64_microsoft.windows.common-controls_6595b64144ccf1df_6.0.22000.120_none_9d947278b86cc467;C:\Program Files\Android\Android Studio\jre\bin\server;C:\Users\user\.gradle\native\8bec1ad78214c89d9ad589b4d07fe93259594b29d510b10fafb7a158f7737e5d\windows-amd64;C:\Users\user\.gradle\native\53dbd7edfb1c66fb8903c78663c9afc45aea4f116125fa6feffd364cf09443e8\windows-amd64

VM Arguments:
jvm_args: --add-opens=java.base/java.util=ALL-UNNAMED --add-opens=java.base/java.lang=ALL-UNNAMED --add-opens=java.base/java.lang.invoke=ALL-UNNAMED --add-opens=java.base/java.util=ALL-UNNAMED --add-opens=java.prefs/java.util.prefs=ALL-UNNAMED --add-opens=java.prefs/java.util.prefs=ALL-UNNAMED --add-opens=java.base/java.nio.charset=ALL-UNNAMED --add-opens=java.base/java.net=ALL-UNNAMED --add-opens=java.base/java.util.concurrent.atomic=ALL-UNNAMED -Xmx2048m -Dfile.encoding=UTF-8 -Duser.country=KR -Duser.language=ko -Duser.variant 
java_command: org.gradle.launcher.daemon.bootstrap.GradleDaemon 7.0.2
java_class_path (initial): C:\Users\user\.gradle\wrapper\dists\gradle-7.0.2-bin\857tjihv64xamwrf0h14cai3r\gradle-7.0.2\lib\gradle-launcher-7.0.2.jar
Launcher Type: SUN_STANDARD

[Global flags]
     intx CICompilerCount                          = 4                                         {product} {ergonomic}
     uint ConcGCThreads                            = 3                                         {product} {ergonomic}
     uint G1ConcRefinementThreads                  = 10                                        {product} {ergonomic}
   size_t G1HeapRegionSize                         = 1048576                                   {product} {ergonomic}
    uintx GCDrainStackTargetSize                   = 64                                        {product} {ergonomic}
   size_t InitialHeapSize                          = 268435456                                 {product} {ergonomic}
   size_t MarkStackSize                            = 4194304                                   {product} {ergonomic}
   size_t MaxHeapSize                              = 2147483648                                {product} {command line}
   size_t MaxNewSize                               = 1287651328                                {product} {ergonomic}
   size_t MinHeapDeltaBytes                        = 1048576                                   {product} {ergonomic}
    uintx NonNMethodCodeHeapSize                   = 5836300                                {pd product} {ergonomic}
    uintx NonProfiledCodeHeapSize                  = 122910970                              {pd product} {ergonomic}
    uintx ProfiledCodeHeapSize                     = 122910970                              {pd product} {ergonomic}
    uintx ReservedCodeCacheSize                    = 251658240                              {pd product} {ergonomic}
     bool SegmentedCodeCache                       = true                                      {product} {ergonomic}
     bool UseCompressedClassPointers               = true                                 {lp64_product} {ergonomic}
     bool UseCompressedOops                        = true                                 {lp64_product} {ergonomic}
     bool UseG1GC                                  = true                                      {product} {ergonomic}
     bool UseLargePagesIndividualAllocation        = false                                  {pd product} {ergonomic}

Logging:
Log output configuration:
 #0: stdout all=warning uptime,level,tags
 #1: stderr all=off uptime,level,tags

Environment Variables:
JAVA_HOME=C:\Program Files\Java\jre1.8.0_301
PATH=C:\Program Files\National Instruments\Shared\OpenVINO\;C:\xampp\mysql\bin;C:\Program Files (x86)\Common Files\Oracle\Java\javapath;C:\ProgramData\Anaconda3;C:\ProgramData\Anaconda3\Library\mingw-w64\bin;C:\ProgramData\Anaconda3\Library\usr\bin;C:\ProgramData\Anaconda3\Library\bin;C:\ProgramData\Anaconda3\Scripts;C:\Windows\system32;C:\Windows;C:\Windows\System32\Wbem;C:\Windows\System32\WindowsPowerShell\v1.0\;C:\Program Files\NVIDIA Corporation\NVIDIA NvDLISR;C:\WINDOWS\system32;C:\WINDOWS;C:\WINDOWS\System32\Wbem;C:\WINDOWS\System32\WindowsPowerShell\v1.0\;C:\WINDOWS\System32\OpenSSH\;C:\Program Files (x86)\NVIDIA Corporation\PhysX\Common;C:\WINDOWS\system32;C:\WINDOWS;C:\WINDOWS\System32\Wbem;C:\WINDOWS\System32\WindowsPowerShell\v1.0\;C:\WINDOWS\System32\OpenSSH\;C:\Program Files\Wolfram Research\WolframScript\;C:\MinGW\bin;C:\Program Files\nodejs\;C:\Program Files\PuTTY\;C:\Program Files\Git\cmd;C:\Program Files (x86)\IVI Foundation\VISA\WinNT\Bin\;C:\Program Files\IVI Foundation\VISA\Win64\Bin\;C:\Program Files (x86)\National Instruments\Shared\LabVIEW CLI;C:\Program Files (x86)\IVI Foundation\IVI\bin;C:\Program Files\IVI Foundation\IVI\bin;C:\Program Files (x86)\IVI Foundation\VISA\WinNT\Bin;C:\Users\user\AppData\Local\Programs\Python\Python39\Scripts\;C:\Users\user\AppData\Local\Programs\Python\Python39\;C:\Users\user\AppData\Local\Microsoft\WindowsApps;C:\Program Files\JetBrains\PyCharm Community Edition 2020.3.3\bin;;C:\Program Files\JetBrains\IntelliJ IDEA Community Edition 2020.3.2\bin;;C:\Users\user\AppData\Roaming\npm;C:\Users\user\AppData\Local\Programs\Microsoft VS Code\bin;C:\Users\user\AppData\Local\GitHubDesktop\bin;
USERNAME=user
OS=Windows_NT
PROCESSOR_IDENTIFIER=AMD64 Family 25 Model 33 Stepping 0, AuthenticAMD



---------------  S Y S T E M  ---------------

OS: Windows 10 , 64 bit Build 22000 (10.0.22000.434)
OS uptime: 0 days 5:48 hours

CPU:total 12 (initial active 12) (12 cores per cpu, 2 threads per core) family 25 model 33 stepping 0 microcode 0x0, cmov, cx8, fxsr, mmx, sse, sse2, sse3, ssse3, sse4.1, sse4.2, popcnt, avx, avx2, aes, clmul, erms, mmxext, 3dnowpref, lzcnt, sse4a, ht, tsc, tscinvbit, tscinv, bmi1, bmi2,

Memory: 4k page, system-wide physical 16310M (4077M free)
TotalPageFile size 24502M (AvailPageFile size 11M)
current process WorkingSet (physical memory assigned to process): 306M, peak: 313M
current process commit charge ("private bytes"): 474M, peak: 482M

vm_info: OpenJDK 64-Bit Server VM (11.0.10+0-b96-7249189) for windows-amd64 JRE (11.0.10+0-b96-7249189), built on Mar 31 2021 21:44:00 by "builder" with MS VC++ 14.0 (VS2015)

END.
