#
# There is insufficient memory for the Java Runtime Environment to continue.
# Native memory allocation (malloc) failed to allocate 616496 bytes for Chunk::new
# Possible reasons:
#   The system is out of physical RAM or swap space
#   The process is running with CompressedOops enabled, and the Java Heap may be blocking the growth of the native heap
# Possible solutions:
#   Reduce memory load on the system
#   Increase physical memory or swap space
#   Check if swap backing store is full
#   Decrease Java heap size (-Xmx/-Xms)
#   Decrease number of Java threads
#   Decrease Java thread stack sizes (-Xss)
#   Set larger code cache with -XX:ReservedCodeCacheSize=
#   JVM is running with Unscaled Compressed Oops mode in which the Java heap is
#     placed in the first 4GB address space. The Java Heap base address is the
#     maximum limit for the native heap growth. Please use -XX:HeapBaseMinAddress
#     to set the Java Heap base and to place the Java Heap above 4GB virtual address.
# This output file may be truncated or incomplete.
#
#  Out of Memory Error (./src/hotspot/share/memory/arena.cpp:197), pid=21420, tid=1460
#
# JRE version: OpenJDK Runtime Environment (11.0.10) (build 11.0.10+0-b96-7249189)
# Java VM: OpenJDK 64-Bit Server VM (11.0.10+0-b96-7249189, mixed mode, tiered, compressed oops, g1 gc, windows-amd64)
# No core dump will be written. Minidumps are not enabled by default on client versions of Windows
#

---------------  S U M M A R Y ------------

Command Line: --add-opens=java.base/java.util=ALL-UNNAMED --add-opens=java.base/java.lang=ALL-UNNAMED --add-opens=java.base/java.lang.invoke=ALL-UNNAMED --add-opens=java.base/java.util=ALL-UNNAMED --add-opens=java.prefs/java.util.prefs=ALL-UNNAMED --add-opens=java.prefs/java.util.prefs=ALL-UNNAMED --add-opens=java.base/java.nio.charset=ALL-UNNAMED --add-opens=java.base/java.net=ALL-UNNAMED --add-opens=java.base/java.util.concurrent.atomic=ALL-UNNAMED -Xmx2048m -Dfile.encoding=UTF-8 -Duser.country=KR -Duser.language=ko -Duser.variant org.gradle.launcher.daemon.bootstrap.GradleDaemon 7.0.2

Host: AMD Ryzen 5 5600X 6-Core Processor             , 12 cores, 15G,  Windows 10 , 64 bit Build 22000 (10.0.22000.434)
Time: Wed Jan 19 21:31:32 2022 대한민국 표준시 elapsed time: 22.052912 seconds (0d 0h 0m 22s)

---------------  T H R E A D  ---------------

Current thread (0x0000028a790de800):  JavaThread "C2 CompilerThread0" daemon [_thread_in_native, id=1460, stack(0x000000e5f9f00000,0x000000e5fa000000)]


Current CompileTask:
C2:  22053 11292       4       jdk.internal.org.objectweb.asm.Frame::execute (2264 bytes)

Stack: [0x000000e5f9f00000,0x000000e5fa000000]
Native frames: (J=compiled Java code, j=interpreted, Vv=VM code, C=native code)
V  [jvm.dll+0x5ecfaa]
V  [jvm.dll+0x722bd5]
V  [jvm.dll+0x72412d]
V  [jvm.dll+0x7247e3]
V  [jvm.dll+0x242928]
V  [jvm.dll+0xbc4fc]
V  [jvm.dll+0xbca0c]
V  [jvm.dll+0x2b4fd4]
V  [jvm.dll+0x506028]
V  [jvm.dll+0x1fc985]
V  [jvm.dll+0x1fa77f]
V  [jvm.dll+0x18354c]
V  [jvm.dll+0x208ee7]
V  [jvm.dll+0x207731]
V  [jvm.dll+0x6eb1cf]
V  [jvm.dll+0x6e3d45]
V  [jvm.dll+0x5ebe96]
C  [ucrtbase.dll+0x26c0c]
C  [KERNEL32.DLL+0x154e0]
C  [ntdll.dll+0x485b]


---------------  P R O C E S S  ---------------

Threads class SMR info:
_java_thread_list=0x0000028a01671aa0, length=77, elements={
0x0000028a5df42800, 0x0000028a7905d800, 0x0000028a79068000, 0x0000028a790d1800,
0x0000028a790d3000, 0x0000028a790d5800, 0x0000028a790de800, 0x0000028a790e5000,
0x0000028a790e9800, 0x0000028a79253800, 0x0000028a7b7f4800, 0x0000028a7b130000,
0x0000028a795ee800, 0x0000028a7b481800, 0x0000028a7b24f800, 0x0000028a7b84d000,
0x0000028a7ac5d800, 0x0000028a7b172800, 0x0000028a7a5a9000, 0x0000028a7b9e4800,
0x0000028a7b9e6000, 0x0000028a7b9e8800, 0x0000028a7b9e7000, 0x0000028a7b9e8000,
0x0000028a7b9e5800, 0x0000028a7b9e9800, 0x0000028a7b9ea800, 0x0000028a7b9eb000,
0x0000028a7cf49800, 0x0000028a7cf4e800, 0x0000028a7cf4c000, 0x0000028a7cf4d800,
0x0000028a7cf50000, 0x0000028a7cf4d000, 0x0000028a7cf4a800, 0x0000028a7cf56800,
0x0000028a7cf51000, 0x0000028a7cf55000, 0x0000028a7cf56000, 0x0000028a7cf54000,
0x0000028a7cf52800, 0x0000028a7cf57800, 0x0000028a7cf51800, 0x0000028a7cf58000,
0x0000028a7cf53800, 0x0000028a7e5d6800, 0x0000028a7e5d9000, 0x0000028a7e5d7000,
0x0000028a7e5d8000, 0x0000028a7e5d9800, 0x0000028a7e5d4000, 0x0000028a7e5d5800,
0x0000028a7e5da800, 0x0000028a7e5d5000, 0x0000028a7e5dc000, 0x0000028a7e5dd800,
0x0000028a7e5de800, 0x0000028a7e5e1000, 0x0000028a7e5dd000, 0x0000028a7e5e0000,
0x0000028a7e5db800, 0x0000028a7e5e2000, 0x0000028a7e5e2800, 0x0000028a7a7c0000,
0x0000028a7a7c1800, 0x0000028a7a7bf000, 0x0000028a7a7c2800, 0x0000028a7a7c3000,
0x0000028a7a7c6800, 0x0000028a7a7c1000, 0x0000028a7a7c5000, 0x0000028a7a7c5800,
0x0000028a7a7ca000, 0x0000028a7a7c4000, 0x0000028a7a7cb800, 0x0000028a7a7cd000,
0x0000028a7a7c9000
}

Java Threads: ( => current thread )
  0x0000028a5df42800 JavaThread "main" [_thread_blocked, id=20592, stack(0x000000e5f9300000,0x000000e5f9400000)]
  0x0000028a7905d800 JavaThread "Reference Handler" daemon [_thread_blocked, id=21348, stack(0x000000e5f9a00000,0x000000e5f9b00000)]
  0x0000028a79068000 JavaThread "Finalizer" daemon [_thread_blocked, id=3696, stack(0x000000e5f9b00000,0x000000e5f9c00000)]
  0x0000028a790d1800 JavaThread "Signal Dispatcher" daemon [_thread_blocked, id=20040, stack(0x000000e5f9c00000,0x000000e5f9d00000)]
  0x0000028a790d3000 JavaThread "Attach Listener" daemon [_thread_blocked, id=13820, stack(0x000000e5f9d00000,0x000000e5f9e00000)]
  0x0000028a790d5800 JavaThread "Service Thread" daemon [_thread_blocked, id=20808, stack(0x000000e5f9e00000,0x000000e5f9f00000)]
=>0x0000028a790de800 JavaThread "C2 CompilerThread0" daemon [_thread_in_native, id=1460, stack(0x000000e5f9f00000,0x000000e5fa000000)]
  0x0000028a790e5000 JavaThread "C1 CompilerThread0" daemon [_thread_blocked, id=28524, stack(0x000000e5fa000000,0x000000e5fa100000)]
  0x0000028a790e9800 JavaThread "Sweeper thread" daemon [_thread_blocked, id=18896, stack(0x000000e5fa100000,0x000000e5fa200000)]
  0x0000028a79253800 JavaThread "Common-Cleaner" daemon [_thread_blocked, id=21216, stack(0x000000e5fa200000,0x000000e5fa300000)]
  0x0000028a7b7f4800 JavaThread "Daemon health stats" [_thread_blocked, id=9168, stack(0x000000e5fab00000,0x000000e5fac00000)]
  0x0000028a7b130000 JavaThread "Incoming local TCP Connector on port 63715" [_thread_in_native, id=8912, stack(0x000000e5fa400000,0x000000e5fa500000)]
  0x0000028a795ee800 JavaThread "Daemon periodic checks" [_thread_blocked, id=17248, stack(0x000000e5faa00000,0x000000e5fab00000)]
  0x0000028a7b481800 JavaThread "Daemon" [_thread_blocked, id=9764, stack(0x000000e5fac00000,0x000000e5fad00000)]
  0x0000028a7b24f800 JavaThread "Handler for socket connection from /127.0.0.1:63715 to /127.0.0.1:63716" [_thread_in_native, id=24712, stack(0x000000e5fad00000,0x000000e5fae00000)]
  0x0000028a7b84d000 JavaThread "Cancel handler" [_thread_blocked, id=26132, stack(0x000000e5fae00000,0x000000e5faf00000)]
  0x0000028a7ac5d800 JavaThread "Daemon worker" [_thread_blocked, id=21544, stack(0x000000e5faf00000,0x000000e5fb000000)]
  0x0000028a7b172800 JavaThread "Asynchronous log dispatcher for DefaultDaemonConnection: socket connection from /127.0.0.1:63715 to /127.0.0.1:63716" [_thread_blocked, id=23804, stack(0x000000e5fb000000,0x000000e5fb100000)]
  0x0000028a7a5a9000 JavaThread "Stdin handler" [_thread_blocked, id=20560, stack(0x000000e5fb100000,0x000000e5fb200000)]
  0x0000028a7b9e4800 JavaThread "Daemon client event forwarder" [_thread_blocked, id=21076, stack(0x000000e5fb200000,0x000000e5fb300000)]
  0x0000028a7b9e6000 JavaThread "Cache worker for file hash cache (C:\Users\user\.gradle\caches\7.0.2\fileHashes)" [_thread_blocked, id=28536, stack(0x000000e5fb300000,0x000000e5fb400000)]
  0x0000028a7b9e8800 JavaThread "File lock request listener" [_thread_in_native, id=3692, stack(0x000000e5fb400000,0x000000e5fb500000)]
  0x0000028a7b9e7000 JavaThread "Cache worker for journal cache (C:\Users\user\.gradle\caches\journal-1)" [_thread_blocked, id=9724, stack(0x000000e5fbb00000,0x000000e5fbc00000)]
  0x0000028a7b9e8000 JavaThread "Cache worker for file hash cache (C:\Users\user\coding\android\project\.gradle\7.0.2\fileHashes)" [_thread_blocked, id=26940, stack(0x000000e5fbd00000,0x000000e5fbe00000)]
  0x0000028a7b9e5800 JavaThread "File watcher server" daemon [_thread_in_native, id=28232, stack(0x000000e5fbe00000,0x000000e5fbf00000)]
  0x0000028a7b9e9800 JavaThread "File watcher consumer" daemon [_thread_blocked, id=24048, stack(0x000000e5fbf00000,0x000000e5fc000000)]
  0x0000028a7b9ea800 JavaThread "Cache worker for checksums cache (C:\Users\user\coding\android\project\.gradle\checksums)" [_thread_blocked, id=28256, stack(0x000000e5fc000000,0x000000e5fc100000)]
  0x0000028a7b9eb000 JavaThread "Cache worker for cache directory md-supplier (C:\Users\user\.gradle\caches\7.0.2\md-supplier)" [_thread_blocked, id=20356, stack(0x000000e5fc100000,0x000000e5fc200000)]
  0x0000028a7cf49800 JavaThread "Cache worker for cache directory md-rule (C:\Users\user\.gradle\caches\7.0.2\md-rule)" [_thread_blocked, id=22408, stack(0x000000e5fc200000,0x000000e5fc300000)]
  0x0000028a7cf4e800 JavaThread "Cache worker for execution history cache (C:\Users\user\.gradle\caches\7.0.2\executionHistory)" [_thread_blocked, id=23792, stack(0x000000e5fc400000,0x000000e5fc500000)]
  0x0000028a7cf4c000 JavaThread "jar transforms" [_thread_blocked, id=28456, stack(0x000000e5fc500000,0x000000e5fc600000)]
  0x0000028a7cf4d800 JavaThread "jar transforms Thread 2" [_thread_blocked, id=21800, stack(0x000000e5fc600000,0x000000e5fc700000)]
  0x0000028a7cf50000 JavaThread "Cache worker for file content cache (C:\Users\user\.gradle\caches\7.0.2\fileContent)" [_thread_blocked, id=18920, stack(0x000000e5fc700000,0x000000e5fc800000)]
  0x0000028a7cf4d000 JavaThread "Cache worker for dependencies-accessors (C:\Users\user\coding\android\project\.gradle\7.0.2\dependencies-accessors)" [_thread_blocked, id=22184, stack(0x000000e5fc800000,0x000000e5fc900000)]
  0x0000028a7cf4a800 JavaThread "jar transforms Thread 3" [_thread_blocked, id=25644, stack(0x000000e5fc900000,0x000000e5fca00000)]
  0x0000028a7cf56800 JavaThread "Cache worker for Build Output Cleanup Cache (C:\Users\user\coding\android\project\.gradle\buildOutputCleanup)" [_thread_blocked, id=22160, stack(0x000000e5fca00000,0x000000e5fcb00000)]
  0x0000028a7cf51000 JavaThread "Build operations" [_thread_blocked, id=21704, stack(0x000000e5fcb00000,0x000000e5fcc00000)]
  0x0000028a7cf55000 JavaThread "Build operations Thread 2" [_thread_blocked, id=16548, stack(0x000000e5fcc00000,0x000000e5fcd00000)]
  0x0000028a7cf56000 JavaThread "Build operations Thread 3" [_thread_blocked, id=27792, stack(0x000000e5fcd00000,0x000000e5fce00000)]
  0x0000028a7cf54000 JavaThread "Build operations Thread 4" [_thread_blocked, id=10848, stack(0x000000e5fce00000,0x000000e5fcf00000)]
  0x0000028a7cf52800 JavaThread "Build operations Thread 5" [_thread_blocked, id=27336, stack(0x000000e5fcf00000,0x000000e5fd000000)]
  0x0000028a7cf57800 JavaThread "Build operations Thread 6" [_thread_blocked, id=3796, stack(0x000000e5fd000000,0x000000e5fd100000)]
  0x0000028a7cf51800 JavaThread "Build operations Thread 7" [_thread_blocked, id=9260, stack(0x000000e5fd100000,0x000000e5fd200000)]
  0x0000028a7cf58000 JavaThread "Build operations Thread 8" [_thread_blocked, id=27988, stack(0x000000e5fd200000,0x000000e5fd300000)]
  0x0000028a7cf53800 JavaThread "Build operations Thread 9" [_thread_blocked, id=20644, stack(0x000000e5fd300000,0x000000e5fd400000)]
  0x0000028a7e5d6800 JavaThread "Build operations Thread 10" [_thread_blocked, id=27464, stack(0x000000e5fd400000,0x000000e5fd500000)]
  0x0000028a7e5d9000 JavaThread "Build operations Thread 11" [_thread_blocked, id=21052, stack(0x000000e5fd500000,0x000000e5fd600000)]
  0x0000028a7e5d7000 JavaThread "Build operations Thread 12" [_thread_blocked, id=2240, stack(0x000000e5fd600000,0x000000e5fd700000)]
  0x0000028a7e5d8000 JavaThread "jar transforms Thread 4" [_thread_blocked, id=1388, stack(0x000000e5fd700000,0x000000e5fd800000)]
  0x0000028a7e5d9800 JavaThread "jar transforms Thread 5" [_thread_blocked, id=28060, stack(0x000000e5fd800000,0x000000e5fd900000)]
  0x0000028a7e5d4000 JavaThread "jar transforms Thread 6" [_thread_blocked, id=22392, stack(0x000000e5fd900000,0x000000e5fda00000)]
  0x0000028a7e5d5800 JavaThread "jar transforms Thread 7" [_thread_blocked, id=21152, stack(0x000000e5fda00000,0x000000e5fdb00000)]
  0x0000028a7e5da800 JavaThread "jar transforms Thread 8" [_thread_blocked, id=4580, stack(0x000000e5fdb00000,0x000000e5fdc00000)]
  0x0000028a7e5d5000 JavaThread "jar transforms Thread 9" [_thread_blocked, id=22592, stack(0x000000e5fdc00000,0x000000e5fdd00000)]
  0x0000028a7e5dc000 JavaThread "jar transforms Thread 10" [_thread_blocked, id=19788, stack(0x000000e5fdd00000,0x000000e5fde00000)]
  0x0000028a7e5dd800 JavaThread "jar transforms Thread 11" [_thread_blocked, id=20984, stack(0x000000e5fde00000,0x000000e5fdf00000)]
  0x0000028a7e5de800 JavaThread "jar transforms Thread 12" [_thread_blocked, id=21264, stack(0x000000e5fdf00000,0x000000e5fe000000)]
  0x0000028a7e5e1000 JavaThread "Memory manager" [_thread_blocked, id=28748, stack(0x000000e5fe100000,0x000000e5fe200000)]
  0x0000028a7e5dd000 JavaThread "build event listener" [_thread_blocked, id=28760, stack(0x000000e5fe200000,0x000000e5fe300000)]
  0x0000028a7e5e0000 JavaThread "build event listener" [_thread_blocked, id=28804, stack(0x000000e5fe300000,0x000000e5fe400000)]
  0x0000028a7e5db800 JavaThread "pool-3-thread-1" [_thread_blocked, id=28808, stack(0x000000e5fe400000,0x000000e5fe500000)]
  0x0000028a7e5e2000 JavaThread "build event listener" [_thread_blocked, id=28812, stack(0x000000e5fe500000,0x000000e5fe600000)]
  0x0000028a7e5e2800 JavaThread "Execution worker for ':'" [_thread_blocked, id=28816, stack(0x000000e5fe600000,0x000000e5fe700000)]
  0x0000028a7a7c0000 JavaThread "Execution worker for ':' Thread 2" [_thread_blocked, id=28820, stack(0x000000e5fe700000,0x000000e5fe800000)]
  0x0000028a7a7c1800 JavaThread "Execution worker for ':' Thread 3" [_thread_blocked, id=28824, stack(0x000000e5fe800000,0x000000e5fe900000)]
  0x0000028a7a7bf000 JavaThread "Execution worker for ':' Thread 4" [_thread_blocked, id=28828, stack(0x000000e5fe900000,0x000000e5fea00000)]
  0x0000028a7a7c2800 JavaThread "Execution worker for ':' Thread 5" [_thread_blocked, id=28832, stack(0x000000e5fea00000,0x000000e5feb00000)]
  0x0000028a7a7c3000 JavaThread "Execution worker for ':' Thread 6" [_thread_blocked, id=28836, stack(0x000000e5feb00000,0x000000e5fec00000)]
  0x0000028a7a7c6800 JavaThread "Execution worker for ':' Thread 7" [_thread_in_vm, id=28840, stack(0x000000e5fec00000,0x000000e5fed00000)]
  0x0000028a7a7c1000 JavaThread "Execution worker for ':' Thread 8" [_thread_blocked, id=28844, stack(0x000000e5fed00000,0x000000e5fee00000)]
  0x0000028a7a7c5000 JavaThread "Execution worker for ':' Thread 9" [_thread_blocked, id=28848, stack(0x000000e5fee00000,0x000000e5fef00000)]
  0x0000028a7a7c5800 JavaThread "Execution worker for ':' Thread 10" [_thread_blocked, id=28852, stack(0x000000e5fef00000,0x000000e5ff000000)]
  0x0000028a7a7ca000 JavaThread "Execution worker for ':' Thread 11" [_thread_blocked, id=28856, stack(0x000000e5ff000000,0x000000e5ff100000)]
  0x0000028a7a7c4000 JavaThread "Cache worker for execution history cache (C:\Users\user\coding\android\project\.gradle\7.0.2\executionHistory)" [_thread_blocked, id=28860, stack(0x000000e5ff100000,0x000000e5ff200000)]
  0x0000028a7a7cb800 JavaThread "RMI Scheduler(0)" daemon [_thread_blocked, id=29612, stack(0x000000e5fbc00000,0x000000e5fbd00000)]
  0x0000028a7a7cd000 JavaThread "RMI RenewClean-[127.0.0.1:17734,org.jetbrains.kotlin.daemon.common.LoopbackNetworkInterface$ClientLoopbackSocketFactory@68a2a4d9]" daemon [_thread_blocked, id=29616, stack(0x000000e5fc300000,0x000000e5fc400000)]
  0x0000028a7a7c9000 JavaThread "RMI GC Daemon" daemon [_thread_blocked, id=29620, stack(0x000000e5ff200000,0x000000e5ff300000)]

Other Threads:
  0x0000028a7905b800 VMThread "VM Thread" [stack: 0x000000e5f9900000,0x000000e5f9a00000] [id=9416]
  0x0000028a7929d000 WatcherThread [stack: 0x000000e5fa300000,0x000000e5fa400000] [id=22420]
  0x0000028a5df59000 GCTaskThread "GC Thread#0" [stack: 0x000000e5f9400000,0x000000e5f9500000] [id=27528]
  0x0000028a79e05800 GCTaskThread "GC Thread#1" [stack: 0x000000e5fa500000,0x000000e5fa600000] [id=10720]
  0x0000028a79678800 GCTaskThread "GC Thread#2" [stack: 0x000000e5fa600000,0x000000e5fa700000] [id=20836]
  0x0000028a79c8d000 GCTaskThread "GC Thread#3" [stack: 0x000000e5fa700000,0x000000e5fa800000] [id=12360]
  0x0000028a798aa000 GCTaskThread "GC Thread#4" [stack: 0x000000e5fa800000,0x000000e5fa900000] [id=27844]
  0x0000028a798aa800 GCTaskThread "GC Thread#5" [stack: 0x000000e5fa900000,0x000000e5faa00000] [id=11376]
  0x0000028a7c36a800 GCTaskThread "GC Thread#6" [stack: 0x000000e5fb500000,0x000000e5fb600000] [id=21104]
  0x0000028a7c5dc800 GCTaskThread "GC Thread#7" [stack: 0x000000e5fb600000,0x000000e5fb700000] [id=16168]
  0x0000028a7a653800 GCTaskThread "GC Thread#8" [stack: 0x000000e5fb700000,0x000000e5fb800000] [id=28052]
  0x0000028a7a78e800 GCTaskThread "GC Thread#9" [stack: 0x000000e5fb800000,0x000000e5fb900000] [id=14764]
  0x0000028a5df8d800 ConcurrentGCThread "G1 Main Marker" [stack: 0x000000e5f9500000,0x000000e5f9600000] [id=20596]
  0x0000028a5df8f800 ConcurrentGCThread "G1 Conc#0" [stack: 0x000000e5f9600000,0x000000e5f9700000] [id=28216]
  0x0000028a7a62d800 ConcurrentGCThread "G1 Conc#1" [stack: 0x000000e5fb900000,0x000000e5fba00000] [id=20196]
  0x0000028a7ac5c800 ConcurrentGCThread "G1 Conc#2" [stack: 0x000000e5fba00000,0x000000e5fbb00000] [id=15512]
  0x0000028a786a9800 ConcurrentGCThread "G1 Refine#0" [stack: 0x000000e5f9700000,0x000000e5f9800000] [id=25652]
  0x0000028a00d4c000 ConcurrentGCThread "G1 Refine#1" [stack: 0x000000e5fe000000,0x000000e5fe100000] [id=28744]
  0x0000028a786aa800 ConcurrentGCThread "G1 Young RemSet Sampling" [stack: 0x000000e5f9800000,0x000000e5f9900000] [id=20300]

Threads with active compile tasks:
C2 CompilerThread0  22073 11292       4       jdk.internal.org.objectweb.asm.Frame::execute (2264 bytes)

VM state:not at safepoint (normal execution)

VM Mutex/Monitor currently owned by a thread:  ([mutex/lock_event])
[0x0000028a5df3f4d0] SymbolTable_lock - owner thread: 0x0000000000000000

Heap address: 0x0000000080000000, size: 2048 MB, Compressed Oops mode: 32-bit
Narrow klass base: 0x0000000000000000, Narrow klass shift: 3
Compressed class space size: 1073741824 Address: 0x0000000100000000

Heap:
 garbage-first heap   total 262144K, used 180232K [0x0000000080000000, 0x0000000100000000)
  region size 1024K, 101 young (103424K), 8 survivors (8192K)
 Metaspace       used 95142K, capacity 97701K, committed 97868K, reserved 1134592K
  class space    used 12306K, capacity 13313K, committed 13388K, reserved 1048576K
Heap Regions: E=young(eden), S=young(survivor), O=old, HS=humongous(starts), HC=humongous(continues), CS=collection set, F=free, A=archive, TAMS=top-at-mark-start (previous, next)
|   0|0x0000000080000000, 0x0000000080100000, 0x0000000080100000|100%| O|  |TAMS 0x0000000080100000, 0x0000000080000000| Untracked 
|   1|0x0000000080100000, 0x0000000080200000, 0x0000000080200000|100%| O|  |TAMS 0x0000000080200000, 0x0000000080100000| Untracked 
|   2|0x0000000080200000, 0x0000000080300000, 0x0000000080300000|100%| O|  |TAMS 0x0000000080300000, 0x0000000080200000| Untracked 
|   3|0x0000000080300000, 0x0000000080400000, 0x0000000080400000|100%|HS|  |TAMS 0x0000000080400000, 0x0000000080300000| Complete 
|   4|0x0000000080400000, 0x0000000080500000, 0x0000000080500000|100%|HC|  |TAMS 0x0000000080500000, 0x0000000080400000| Complete 
|   5|0x0000000080500000, 0x0000000080600000, 0x0000000080600000|100%|HC|  |TAMS 0x0000000080600000, 0x0000000080500000| Complete 
|   6|0x0000000080600000, 0x0000000080700000, 0x0000000080700000|100%| O|  |TAMS 0x0000000080700000, 0x0000000080600000| Untracked 
|   7|0x0000000080700000, 0x0000000080800000, 0x0000000080800000|100%| O|  |TAMS 0x0000000080800000, 0x0000000080700000| Untracked 
|   8|0x0000000080800000, 0x0000000080900000, 0x0000000080900000|100%| O|  |TAMS 0x0000000080900000, 0x0000000080800000| Untracked 
|   9|0x0000000080900000, 0x0000000080a00000, 0x0000000080a00000|100%| O|  |TAMS 0x0000000080a00000, 0x0000000080900000| Untracked 
|  10|0x0000000080a00000, 0x0000000080b00000, 0x0000000080b00000|100%| O|  |TAMS 0x0000000080b00000, 0x0000000080a00000| Untracked 
|  11|0x0000000080b00000, 0x0000000080c00000, 0x0000000080c00000|100%| O|  |TAMS 0x0000000080c00000, 0x0000000080b00000| Untracked 
|  12|0x0000000080c00000, 0x0000000080d00000, 0x0000000080d00000|100%| O|  |TAMS 0x0000000080d00000, 0x0000000080c00000| Untracked 
|  13|0x0000000080d00000, 0x0000000080e00000, 0x0000000080e00000|100%| O|  |TAMS 0x0000000080e00000, 0x0000000080d00000| Untracked 
|  14|0x0000000080e00000, 0x0000000080f00000, 0x0000000080f00000|100%| O|  |TAMS 0x0000000080f00000, 0x0000000080e00000| Untracked 
|  15|0x0000000080f00000, 0x0000000081000000, 0x0000000081000000|100%| O|  |TAMS 0x0000000081000000, 0x0000000080f00000| Untracked 
|  16|0x0000000081000000, 0x0000000081100000, 0x0000000081100000|100%| O|  |TAMS 0x0000000081100000, 0x0000000081000000| Untracked 
|  17|0x0000000081100000, 0x0000000081200000, 0x0000000081200000|100%|HS|  |TAMS 0x0000000081200000, 0x0000000081100000| Complete 
|  18|0x0000000081200000, 0x0000000081300000, 0x0000000081300000|100%|HS|  |TAMS 0x0000000081300000, 0x0000000081200000| Complete 
|  19|0x0000000081300000, 0x0000000081400000, 0x0000000081400000|100%|HS|  |TAMS 0x0000000081400000, 0x0000000081300000| Complete 
|  20|0x0000000081400000, 0x0000000081500000, 0x0000000081500000|100%|HS|  |TAMS 0x0000000081500000, 0x0000000081400000| Complete 
|  21|0x0000000081500000, 0x0000000081600000, 0x0000000081600000|100%|HC|  |TAMS 0x0000000081600000, 0x0000000081500000| Complete 
|  22|0x0000000081600000, 0x0000000081700000, 0x0000000081700000|100%|HC|  |TAMS 0x0000000081700000, 0x0000000081600000| Complete 
|  23|0x0000000081700000, 0x0000000081800000, 0x0000000081800000|100%|HS|  |TAMS 0x0000000081800000, 0x0000000081700000| Complete 
|  24|0x0000000081800000, 0x0000000081900000, 0x0000000081900000|100%|HC|  |TAMS 0x0000000081900000, 0x0000000081800000| Complete 
|  25|0x0000000081900000, 0x0000000081a00000, 0x0000000081a00000|100%| O|  |TAMS 0x0000000081a00000, 0x0000000081900000| Untracked 
|  26|0x0000000081a00000, 0x0000000081b00000, 0x0000000081b00000|100%| O|  |TAMS 0x0000000081b00000, 0x0000000081a00000| Untracked 
|  27|0x0000000081b00000, 0x0000000081c00000, 0x0000000081c00000|100%| O|  |TAMS 0x0000000081c00000, 0x0000000081b00000| Untracked 
|  28|0x0000000081c00000, 0x0000000081d00000, 0x0000000081d00000|100%| O|  |TAMS 0x0000000081d00000, 0x0000000081c00000| Untracked 
|  29|0x0000000081d00000, 0x0000000081e00000, 0x0000000081e00000|100%| O|  |TAMS 0x0000000081e00000, 0x0000000081d00000| Untracked 
|  30|0x0000000081e00000, 0x0000000081f00000, 0x0000000081f00000|100%| O|  |TAMS 0x0000000081f00000, 0x0000000081e00000| Untracked 
|  31|0x0000000081f00000, 0x0000000082000000, 0x0000000082000000|100%| O|  |TAMS 0x0000000082000000, 0x0000000081f00000| Untracked 
|  32|0x0000000082000000, 0x0000000082100000, 0x0000000082100000|100%| O|  |TAMS 0x0000000082100000, 0x0000000082000000| Untracked 
|  33|0x0000000082100000, 0x0000000082200000, 0x0000000082200000|100%| O|  |TAMS 0x0000000082200000, 0x0000000082100000| Untracked 
|  34|0x0000000082200000, 0x0000000082300000, 0x0000000082300000|100%| O|  |TAMS 0x0000000082300000, 0x0000000082200000| Untracked 
|  35|0x0000000082300000, 0x0000000082400000, 0x0000000082400000|100%| O|  |TAMS 0x0000000082400000, 0x0000000082300000| Untracked 
|  36|0x0000000082400000, 0x0000000082500000, 0x0000000082500000|100%| O|  |TAMS 0x0000000082500000, 0x0000000082400000| Untracked 
|  37|0x0000000082500000, 0x0000000082600000, 0x0000000082600000|100%| O|  |TAMS 0x0000000082600000, 0x0000000082500000| Untracked 
|  38|0x0000000082600000, 0x0000000082700000, 0x0000000082700000|100%| O|  |TAMS 0x0000000082700000, 0x0000000082600000| Untracked 
|  39|0x0000000082700000, 0x0000000082800000, 0x0000000082800000|100%| O|  |TAMS 0x0000000082800000, 0x0000000082700000| Untracked 
|  40|0x0000000082800000, 0x0000000082900000, 0x0000000082900000|100%| O|  |TAMS 0x0000000082900000, 0x0000000082800000| Untracked 
|  41|0x0000000082900000, 0x0000000082a00000, 0x0000000082a00000|100%| O|  |TAMS 0x0000000082a00000, 0x0000000082900000| Untracked 
|  42|0x0000000082a00000, 0x0000000082b00000, 0x0000000082b00000|100%| O|  |TAMS 0x0000000082b00000, 0x0000000082a00000| Untracked 
|  43|0x0000000082b00000, 0x0000000082c00000, 0x0000000082c00000|100%| O|  |TAMS 0x0000000082c00000, 0x0000000082b00000| Untracked 
|  44|0x0000000082c00000, 0x0000000082d00000, 0x0000000082d00000|100%| O|  |TAMS 0x0000000082d00000, 0x0000000082c00000| Untracked 
|  45|0x0000000082d00000, 0x0000000082e00000, 0x0000000082e00000|100%| O|  |TAMS 0x0000000082e00000, 0x0000000082d00000| Untracked 
|  46|0x0000000082e00000, 0x0000000082f00000, 0x0000000082f00000|100%| O|  |TAMS 0x0000000082f00000, 0x0000000082e00000| Untracked 
|  47|0x0000000082f00000, 0x0000000083000000, 0x0000000083000000|100%| O|  |TAMS 0x0000000083000000, 0x0000000082f00000| Untracked 
|  48|0x0000000083000000, 0x0000000083100000, 0x0000000083100000|100%| O|  |TAMS 0x0000000083083a00, 0x0000000083000000| Untracked 
|  49|0x0000000083100000, 0x0000000083200000, 0x0000000083200000|100%| O|  |TAMS 0x0000000083100000, 0x0000000083100000| Untracked 
|  50|0x0000000083200000, 0x0000000083300000, 0x0000000083300000|100%| O|  |TAMS 0x0000000083200000, 0x0000000083200000| Untracked 
|  51|0x0000000083300000, 0x0000000083400000, 0x0000000083400000|100%| O|  |TAMS 0x0000000083300000, 0x0000000083300000| Untracked 
|  52|0x0000000083400000, 0x0000000083500000, 0x0000000083500000|100%| O|  |TAMS 0x0000000083400000, 0x0000000083400000| Untracked 
|  53|0x0000000083500000, 0x0000000083600000, 0x0000000083600000|100%| O|  |TAMS 0x0000000083500000, 0x0000000083500000| Untracked 
|  54|0x0000000083600000, 0x0000000083700000, 0x0000000083700000|100%| O|  |TAMS 0x0000000083600000, 0x0000000083600000| Untracked 
|  55|0x0000000083700000, 0x0000000083800000, 0x0000000083800000|100%| O|  |TAMS 0x0000000083700000, 0x0000000083700000| Untracked 
|  56|0x0000000083800000, 0x0000000083900000, 0x0000000083900000|100%| O|  |TAMS 0x0000000083800000, 0x0000000083800000| Untracked 
|  57|0x0000000083900000, 0x0000000083a00000, 0x0000000083a00000|100%| O|  |TAMS 0x0000000083900000, 0x0000000083900000| Untracked 
|  58|0x0000000083a00000, 0x0000000083b00000, 0x0000000083b00000|100%| O|  |TAMS 0x0000000083a00000, 0x0000000083a00000| Untracked 
|  59|0x0000000083b00000, 0x0000000083c00000, 0x0000000083c00000|100%| O|  |TAMS 0x0000000083b00000, 0x0000000083b00000| Untracked 
|  60|0x0000000083c00000, 0x0000000083d00000, 0x0000000083d00000|100%| O|  |TAMS 0x0000000083c00000, 0x0000000083c00000| Untracked 
|  61|0x0000000083d00000, 0x0000000083e00000, 0x0000000083e00000|100%| O|  |TAMS 0x0000000083d00000, 0x0000000083d00000| Untracked 
|  62|0x0000000083e00000, 0x0000000083f00000, 0x0000000083f00000|100%| O|  |TAMS 0x0000000083e00000, 0x0000000083e00000| Untracked 
|  63|0x0000000083f00000, 0x0000000084000000, 0x0000000084000000|100%| O|  |TAMS 0x0000000083f00000, 0x0000000083f00000| Untracked 
|  64|0x0000000084000000, 0x0000000084100000, 0x0000000084100000|100%| O|  |TAMS 0x0000000084000000, 0x0000000084000000| Untracked 
|  65|0x0000000084100000, 0x0000000084200000, 0x0000000084200000|100%| O|  |TAMS 0x0000000084100000, 0x0000000084100000| Untracked 
|  66|0x0000000084200000, 0x0000000084300000, 0x0000000084300000|100%| O|  |TAMS 0x0000000084200000, 0x0000000084200000| Untracked 
|  67|0x0000000084300000, 0x0000000084400000, 0x0000000084400000|100%| O|  |TAMS 0x0000000084300000, 0x0000000084300000| Untracked 
|  68|0x0000000084400000, 0x0000000084500000, 0x0000000084500000|100%| O|  |TAMS 0x0000000084400000, 0x0000000084400000| Untracked 
|  69|0x0000000084500000, 0x0000000084600000, 0x0000000084600000|100%| O|  |TAMS 0x0000000084500000, 0x0000000084500000| Untracked 
|  70|0x0000000084600000, 0x0000000084700000, 0x0000000084700000|100%| O|  |TAMS 0x0000000084600000, 0x0000000084600000| Untracked 
|  71|0x0000000084700000, 0x0000000084800000, 0x0000000084800000|100%| O|  |TAMS 0x0000000084700000, 0x0000000084700000| Untracked 
|  72|0x0000000084800000, 0x0000000084900000, 0x0000000084900000|100%| O|  |TAMS 0x0000000084800000, 0x0000000084800000| Untracked 
|  73|0x0000000084900000, 0x0000000084a00000, 0x0000000084a00000|100%| O|  |TAMS 0x0000000084900000, 0x0000000084900000| Untracked 
|  74|0x0000000084a00000, 0x0000000084b00000, 0x0000000084b00000|100%| O|  |TAMS 0x0000000084a00000, 0x0000000084a00000| Untracked 
|  75|0x0000000084b00000, 0x0000000084c00000, 0x0000000084c00000|100%| O|  |TAMS 0x0000000084b00000, 0x0000000084b00000| Untracked 
|  76|0x0000000084c00000, 0x0000000084d00000, 0x0000000084d00000|100%| O|  |TAMS 0x0000000084c00000, 0x0000000084c00000| Untracked 
|  77|0x0000000084d00000, 0x0000000084d75200, 0x0000000084e00000| 45%| O|  |TAMS 0x0000000084d00000, 0x0000000084d00000| Untracked 
|  78|0x0000000084e00000, 0x0000000084e00000, 0x0000000084f00000|  0%| F|  |TAMS 0x0000000084e00000, 0x0000000084e00000| Untracked 
|  79|0x0000000084f00000, 0x0000000084f00000, 0x0000000085000000|  0%| F|  |TAMS 0x0000000084f00000, 0x0000000084f00000| Untracked 
|  80|0x0000000085000000, 0x0000000085000000, 0x0000000085100000|  0%| F|  |TAMS 0x0000000085000000, 0x0000000085000000| Untracked 
|  81|0x0000000085100000, 0x0000000085100000, 0x0000000085200000|  0%| F|  |TAMS 0x0000000085100000, 0x0000000085100000| Untracked 
|  82|0x0000000085200000, 0x0000000085200000, 0x0000000085300000|  0%| F|  |TAMS 0x0000000085200000, 0x0000000085200000| Untracked 
|  83|0x0000000085300000, 0x0000000085300000, 0x0000000085400000|  0%| F|  |TAMS 0x0000000085300000, 0x0000000085300000| Untracked 
|  84|0x0000000085400000, 0x0000000085400000, 0x0000000085500000|  0%| F|  |TAMS 0x0000000085400000, 0x0000000085400000| Untracked 
|  85|0x0000000085500000, 0x0000000085500000, 0x0000000085600000|  0%| F|  |TAMS 0x0000000085500000, 0x0000000085500000| Untracked 
|  86|0x0000000085600000, 0x0000000085600000, 0x0000000085700000|  0%| F|  |TAMS 0x0000000085600000, 0x0000000085600000| Untracked 
|  87|0x0000000085700000, 0x0000000085700000, 0x0000000085800000|  0%| F|  |TAMS 0x0000000085700000, 0x0000000085700000| Untracked 
|  88|0x0000000085800000, 0x0000000085800000, 0x0000000085900000|  0%| F|  |TAMS 0x0000000085800000, 0x0000000085800000| Untracked 
|  89|0x0000000085900000, 0x0000000085900000, 0x0000000085a00000|  0%| F|  |TAMS 0x0000000085900000, 0x0000000085900000| Untracked 
|  90|0x0000000085a00000, 0x0000000085a00000, 0x0000000085b00000|  0%| F|  |TAMS 0x0000000085a00000, 0x0000000085a00000| Untracked 
|  91|0x0000000085b00000, 0x0000000085b00000, 0x0000000085c00000|  0%| F|  |TAMS 0x0000000085b00000, 0x0000000085b00000| Untracked 
|  92|0x0000000085c00000, 0x0000000085c00000, 0x0000000085d00000|  0%| F|  |TAMS 0x0000000085c00000, 0x0000000085c00000| Untracked 
|  93|0x0000000085d00000, 0x0000000085d00000, 0x0000000085e00000|  0%| F|  |TAMS 0x0000000085d00000, 0x0000000085d00000| Untracked 
|  94|0x0000000085e00000, 0x0000000085e00000, 0x0000000085f00000|  0%| F|  |TAMS 0x0000000085e00000, 0x0000000085e00000| Untracked 
|  95|0x0000000085f00000, 0x0000000085f00000, 0x0000000086000000|  0%| F|  |TAMS 0x0000000085f00000, 0x0000000085f00000| Untracked 
|  96|0x0000000086000000, 0x0000000086000000, 0x0000000086100000|  0%| F|  |TAMS 0x0000000086000000, 0x0000000086000000| Untracked 
|  97|0x0000000086100000, 0x0000000086100000, 0x0000000086200000|  0%| F|  |TAMS 0x0000000086100000, 0x0000000086100000| Untracked 
|  98|0x0000000086200000, 0x0000000086200000, 0x0000000086300000|  0%| F|  |TAMS 0x0000000086200000, 0x0000000086200000| Untracked 
|  99|0x0000000086300000, 0x0000000086300000, 0x0000000086400000|  0%| F|  |TAMS 0x0000000086300000, 0x0000000086300000| Untracked 
| 100|0x0000000086400000, 0x0000000086400000, 0x0000000086500000|  0%| F|  |TAMS 0x0000000086400000, 0x0000000086400000| Untracked 
| 101|0x0000000086500000, 0x0000000086500000, 0x0000000086600000|  0%| F|  |TAMS 0x0000000086500000, 0x0000000086500000| Untracked 
| 102|0x0000000086600000, 0x0000000086600000, 0x0000000086700000|  0%| F|  |TAMS 0x0000000086600000, 0x0000000086600000| Untracked 
| 103|0x0000000086700000, 0x0000000086700000, 0x0000000086800000|  0%| F|  |TAMS 0x0000000086700000, 0x0000000086700000| Untracked 
| 104|0x0000000086800000, 0x0000000086800000, 0x0000000086900000|  0%| F|  |TAMS 0x0000000086800000, 0x0000000086800000| Untracked 
| 105|0x0000000086900000, 0x0000000086900000, 0x0000000086a00000|  0%| F|  |TAMS 0x0000000086900000, 0x0000000086900000| Untracked 
| 106|0x0000000086a00000, 0x0000000086a00000, 0x0000000086b00000|  0%| F|  |TAMS 0x0000000086a00000, 0x0000000086a00000| Untracked 
| 107|0x0000000086b00000, 0x0000000086b00000, 0x0000000086c00000|  0%| F|  |TAMS 0x0000000086b00000, 0x0000000086b00000| Untracked 
| 108|0x0000000086c00000, 0x0000000086c00000, 0x0000000086d00000|  0%| F|  |TAMS 0x0000000086c00000, 0x0000000086c00000| Untracked 
| 109|0x0000000086d00000, 0x0000000086d00000, 0x0000000086e00000|  0%| F|  |TAMS 0x0000000086d00000, 0x0000000086d00000| Untracked 
| 110|0x0000000086e00000, 0x0000000086e00000, 0x0000000086f00000|  0%| F|  |TAMS 0x0000000086e00000, 0x0000000086e00000| Untracked 
| 111|0x0000000086f00000, 0x0000000086f00000, 0x0000000087000000|  0%| F|  |TAMS 0x0000000086f00000, 0x0000000086f00000| Untracked 
| 112|0x0000000087000000, 0x0000000087000000, 0x0000000087100000|  0%| F|  |TAMS 0x0000000087000000, 0x0000000087000000| Untracked 
| 113|0x0000000087100000, 0x0000000087100000, 0x0000000087200000|  0%| F|  |TAMS 0x0000000087100000, 0x0000000087100000| Untracked 
| 114|0x0000000087200000, 0x0000000087200000, 0x0000000087300000|  0%| F|  |TAMS 0x0000000087200000, 0x0000000087200000| Untracked 
| 115|0x0000000087300000, 0x0000000087300000, 0x0000000087400000|  0%| F|  |TAMS 0x0000000087300000, 0x0000000087300000| Untracked 
| 116|0x0000000087400000, 0x0000000087400000, 0x0000000087500000|  0%| F|  |TAMS 0x0000000087400000, 0x0000000087400000| Untracked 
| 117|0x0000000087500000, 0x0000000087500000, 0x0000000087600000|  0%| F|  |TAMS 0x0000000087500000, 0x0000000087500000| Untracked 
| 118|0x0000000087600000, 0x0000000087600000, 0x0000000087700000|  0%| F|  |TAMS 0x0000000087600000, 0x0000000087600000| Untracked 
| 119|0x0000000087700000, 0x0000000087700000, 0x0000000087800000|  0%| F|  |TAMS 0x0000000087700000, 0x0000000087700000| Untracked 
| 120|0x0000000087800000, 0x0000000087800000, 0x0000000087900000|  0%| F|  |TAMS 0x0000000087800000, 0x0000000087800000| Untracked 
| 121|0x0000000087900000, 0x0000000087900000, 0x0000000087a00000|  0%| F|  |TAMS 0x0000000087900000, 0x0000000087900000| Untracked 
| 122|0x0000000087a00000, 0x0000000087a00000, 0x0000000087b00000|  0%| F|  |TAMS 0x0000000087a00000, 0x0000000087a00000| Untracked 
| 123|0x0000000087b00000, 0x0000000087b00000, 0x0000000087c00000|  0%| F|  |TAMS 0x0000000087b00000, 0x0000000087b00000| Untracked 
| 124|0x0000000087c00000, 0x0000000087c00000, 0x0000000087d00000|  0%| F|  |TAMS 0x0000000087c00000, 0x0000000087c00000| Untracked 
| 125|0x0000000087d00000, 0x0000000087d00000, 0x0000000087e00000|  0%| F|  |TAMS 0x0000000087d00000, 0x0000000087d00000| Untracked 
| 126|0x0000000087e00000, 0x0000000087e00000, 0x0000000087f00000|  0%| F|  |TAMS 0x0000000087e00000, 0x0000000087e00000| Untracked 
| 127|0x0000000087f00000, 0x0000000087f00000, 0x0000000088000000|  0%| F|  |TAMS 0x0000000087f00000, 0x0000000087f00000| Untracked 
| 128|0x0000000088000000, 0x0000000088000000, 0x0000000088100000|  0%| F|  |TAMS 0x0000000088000000, 0x0000000088000000| Untracked 
| 129|0x0000000088100000, 0x0000000088100000, 0x0000000088200000|  0%| F|  |TAMS 0x0000000088100000, 0x0000000088100000| Untracked 
| 130|0x0000000088200000, 0x0000000088200000, 0x0000000088300000|  0%| F|  |TAMS 0x0000000088200000, 0x0000000088200000| Untracked 
| 131|0x0000000088300000, 0x0000000088300000, 0x0000000088400000|  0%| F|  |TAMS 0x0000000088300000, 0x0000000088300000| Untracked 
| 132|0x0000000088400000, 0x0000000088400000, 0x0000000088500000|  0%| F|  |TAMS 0x0000000088400000, 0x0000000088400000| Untracked 
| 133|0x0000000088500000, 0x0000000088500000, 0x0000000088600000|  0%| F|  |TAMS 0x0000000088500000, 0x0000000088500000| Untracked 
| 134|0x0000000088600000, 0x0000000088600000, 0x0000000088700000|  0%| F|  |TAMS 0x0000000088600000, 0x0000000088600000| Untracked 
| 135|0x0000000088700000, 0x0000000088700000, 0x0000000088800000|  0%| F|  |TAMS 0x0000000088700000, 0x0000000088700000| Untracked 
| 136|0x0000000088800000, 0x0000000088800000, 0x0000000088900000|  0%| F|  |TAMS 0x0000000088800000, 0x0000000088800000| Untracked 
| 137|0x0000000088900000, 0x0000000088900000, 0x0000000088a00000|  0%| F|  |TAMS 0x0000000088900000, 0x0000000088900000| Untracked 
| 138|0x0000000088a00000, 0x0000000088a00000, 0x0000000088b00000|  0%| F|  |TAMS 0x0000000088a00000, 0x0000000088a00000| Untracked 
| 139|0x0000000088b00000, 0x0000000088b00000, 0x0000000088c00000|  0%| F|  |TAMS 0x0000000088b00000, 0x0000000088b00000| Untracked 
| 140|0x0000000088c00000, 0x0000000088c00000, 0x0000000088d00000|  0%| F|  |TAMS 0x0000000088c00000, 0x0000000088c00000| Untracked 
| 141|0x0000000088d00000, 0x0000000088d00000, 0x0000000088e00000|  0%| F|  |TAMS 0x0000000088d00000, 0x0000000088d00000| Untracked 
| 142|0x0000000088e00000, 0x0000000088e8d078, 0x0000000088f00000| 55%| S|CS|TAMS 0x0000000088e00000, 0x0000000088e00000| Complete 
| 143|0x0000000088f00000, 0x0000000089000000, 0x0000000089000000|100%| S|CS|TAMS 0x0000000088f00000, 0x0000000088f00000| Complete 
| 144|0x0000000089000000, 0x0000000089100000, 0x0000000089100000|100%| S|CS|TAMS 0x0000000089000000, 0x0000000089000000| Complete 
| 145|0x0000000089100000, 0x0000000089200000, 0x0000000089200000|100%| S|CS|TAMS 0x0000000089100000, 0x0000000089100000| Complete 
| 146|0x0000000089200000, 0x0000000089200000, 0x0000000089300000|  0%| F|  |TAMS 0x0000000089200000, 0x0000000089200000| Untracked 
| 147|0x0000000089300000, 0x0000000089300000, 0x0000000089400000|  0%| F|  |TAMS 0x0000000089300000, 0x0000000089300000| Untracked 
| 148|0x0000000089400000, 0x0000000089400000, 0x0000000089500000|  0%| F|  |TAMS 0x0000000089400000, 0x0000000089400000| Untracked 
| 149|0x0000000089500000, 0x0000000089500000, 0x0000000089600000|  0%| F|  |TAMS 0x0000000089500000, 0x0000000089500000| Untracked 
| 150|0x0000000089600000, 0x0000000089600000, 0x0000000089700000|  0%| F|  |TAMS 0x0000000089600000, 0x0000000089600000| Untracked 
| 151|0x0000000089700000, 0x0000000089700000, 0x0000000089800000|  0%| F|  |TAMS 0x0000000089700000, 0x0000000089700000| Untracked 
| 152|0x0000000089800000, 0x0000000089800000, 0x0000000089900000|  0%| F|  |TAMS 0x0000000089800000, 0x0000000089800000| Untracked 
| 153|0x0000000089900000, 0x0000000089900000, 0x0000000089a00000|  0%| F|  |TAMS 0x0000000089900000, 0x0000000089900000| Untracked 
| 154|0x0000000089a00000, 0x0000000089a00000, 0x0000000089b00000|  0%| F|  |TAMS 0x0000000089a00000, 0x0000000089a00000| Untracked 
| 155|0x0000000089b00000, 0x0000000089c00000, 0x0000000089c00000|100%| S|CS|TAMS 0x0000000089b00000, 0x0000000089b00000| Complete 
| 156|0x0000000089c00000, 0x0000000089d00000, 0x0000000089d00000|100%| S|CS|TAMS 0x0000000089c00000, 0x0000000089c00000| Complete 
| 157|0x0000000089d00000, 0x0000000089e00000, 0x0000000089e00000|100%| S|CS|TAMS 0x0000000089d00000, 0x0000000089d00000| Complete 
| 158|0x0000000089e00000, 0x0000000089f00000, 0x0000000089f00000|100%| S|CS|TAMS 0x0000000089e00000, 0x0000000089e00000| Complete 
| 159|0x0000000089f00000, 0x0000000089f00000, 0x000000008a000000|  0%| F|  |TAMS 0x0000000089f00000, 0x0000000089f00000| Untracked 
| 160|0x000000008a000000, 0x000000008a000000, 0x000000008a100000|  0%| F|  |TAMS 0x000000008a000000, 0x000000008a000000| Untracked 
| 161|0x000000008a100000, 0x000000008a100000, 0x000000008a200000|  0%| F|  |TAMS 0x000000008a100000, 0x000000008a100000| Untracked 
| 162|0x000000008a200000, 0x000000008a200000, 0x000000008a300000|  0%| F|  |TAMS 0x000000008a200000, 0x000000008a200000| Untracked 
| 163|0x000000008a300000, 0x000000008a3e0610, 0x000000008a400000| 87%| E|  |TAMS 0x000000008a300000, 0x000000008a300000| Complete 
| 164|0x000000008a400000, 0x000000008a500000, 0x000000008a500000|100%| E|CS|TAMS 0x000000008a400000, 0x000000008a400000| Complete 
| 165|0x000000008a500000, 0x000000008a600000, 0x000000008a600000|100%| E|CS|TAMS 0x000000008a500000, 0x000000008a500000| Complete 
| 166|0x000000008a600000, 0x000000008a700000, 0x000000008a700000|100%| E|CS|TAMS 0x000000008a600000, 0x000000008a600000| Complete 
| 167|0x000000008a700000, 0x000000008a800000, 0x000000008a800000|100%| E|CS|TAMS 0x000000008a700000, 0x000000008a700000| Complete 
| 168|0x000000008a800000, 0x000000008a900000, 0x000000008a900000|100%| E|CS|TAMS 0x000000008a800000, 0x000000008a800000| Complete 
| 169|0x000000008a900000, 0x000000008aa00000, 0x000000008aa00000|100%| E|CS|TAMS 0x000000008a900000, 0x000000008a900000| Complete 
| 170|0x000000008aa00000, 0x000000008ab00000, 0x000000008ab00000|100%| E|CS|TAMS 0x000000008aa00000, 0x000000008aa00000| Complete 
| 171|0x000000008ab00000, 0x000000008ac00000, 0x000000008ac00000|100%| E|CS|TAMS 0x000000008ab00000, 0x000000008ab00000| Complete 
| 172|0x000000008ac00000, 0x000000008ad00000, 0x000000008ad00000|100%| E|CS|TAMS 0x000000008ac00000, 0x000000008ac00000| Complete 
| 173|0x000000008ad00000, 0x000000008ae00000, 0x000000008ae00000|100%| E|CS|TAMS 0x000000008ad00000, 0x000000008ad00000| Complete 
| 174|0x000000008ae00000, 0x000000008af00000, 0x000000008af00000|100%| E|CS|TAMS 0x000000008ae00000, 0x000000008ae00000| Complete 
| 175|0x000000008af00000, 0x000000008b000000, 0x000000008b000000|100%| E|CS|TAMS 0x000000008af00000, 0x000000008af00000| Complete 
| 176|0x000000008b000000, 0x000000008b100000, 0x000000008b100000|100%| E|CS|TAMS 0x000000008b000000, 0x000000008b000000| Complete 
| 177|0x000000008b100000, 0x000000008b200000, 0x000000008b200000|100%| E|CS|TAMS 0x000000008b100000, 0x000000008b100000| Complete 
| 178|0x000000008b200000, 0x000000008b300000, 0x000000008b300000|100%| E|CS|TAMS 0x000000008b200000, 0x000000008b200000| Complete 
| 179|0x000000008b300000, 0x000000008b400000, 0x000000008b400000|100%| E|  |TAMS 0x000000008b300000, 0x000000008b300000| Complete 
| 180|0x000000008b400000, 0x000000008b500000, 0x000000008b500000|100%| E|CS|TAMS 0x000000008b400000, 0x000000008b400000| Complete 
| 181|0x000000008b500000, 0x000000008b600000, 0x000000008b600000|100%| E|CS|TAMS 0x000000008b500000, 0x000000008b500000| Complete 
| 182|0x000000008b600000, 0x000000008b700000, 0x000000008b700000|100%| E|CS|TAMS 0x000000008b600000, 0x000000008b600000| Complete 
| 183|0x000000008b700000, 0x000000008b800000, 0x000000008b800000|100%| E|CS|TAMS 0x000000008b700000, 0x000000008b700000| Complete 
| 184|0x000000008b800000, 0x000000008b900000, 0x000000008b900000|100%| E|CS|TAMS 0x000000008b800000, 0x000000008b800000| Complete 
| 185|0x000000008b900000, 0x000000008ba00000, 0x000000008ba00000|100%| E|CS|TAMS 0x000000008b900000, 0x000000008b900000| Complete 
| 186|0x000000008ba00000, 0x000000008bb00000, 0x000000008bb00000|100%| E|CS|TAMS 0x000000008ba00000, 0x000000008ba00000| Complete 
| 187|0x000000008bb00000, 0x000000008bc00000, 0x000000008bc00000|100%| E|CS|TAMS 0x000000008bb00000, 0x000000008bb00000| Complete 
| 188|0x000000008bc00000, 0x000000008bd00000, 0x000000008bd00000|100%| E|CS|TAMS 0x000000008bc00000, 0x000000008bc00000| Complete 
| 189|0x000000008bd00000, 0x000000008be00000, 0x000000008be00000|100%| E|CS|TAMS 0x000000008bd00000, 0x000000008bd00000| Complete 
| 190|0x000000008be00000, 0x000000008bf00000, 0x000000008bf00000|100%| E|CS|TAMS 0x000000008be00000, 0x000000008be00000| Complete 
| 191|0x000000008bf00000, 0x000000008c000000, 0x000000008c000000|100%| E|CS|TAMS 0x000000008bf00000, 0x000000008bf00000| Complete 
| 192|0x000000008c000000, 0x000000008c100000, 0x000000008c100000|100%| E|CS|TAMS 0x000000008c000000, 0x000000008c000000| Complete 
| 193|0x000000008c100000, 0x000000008c200000, 0x000000008c200000|100%| E|CS|TAMS 0x000000008c100000, 0x000000008c100000| Complete 
| 194|0x000000008c200000, 0x000000008c300000, 0x000000008c300000|100%| E|CS|TAMS 0x000000008c200000, 0x000000008c200000| Complete 
| 195|0x000000008c300000, 0x000000008c400000, 0x000000008c400000|100%| E|CS|TAMS 0x000000008c300000, 0x000000008c300000| Complete 
| 196|0x000000008c400000, 0x000000008c500000, 0x000000008c500000|100%| E|CS|TAMS 0x000000008c400000, 0x000000008c400000| Complete 
| 197|0x000000008c500000, 0x000000008c600000, 0x000000008c600000|100%| E|CS|TAMS 0x000000008c500000, 0x000000008c500000| Complete 
| 198|0x000000008c600000, 0x000000008c700000, 0x000000008c700000|100%| E|CS|TAMS 0x000000008c600000, 0x000000008c600000| Complete 
| 199|0x000000008c700000, 0x000000008c800000, 0x000000008c800000|100%| E|CS|TAMS 0x000000008c700000, 0x000000008c700000| Complete 
| 200|0x000000008c800000, 0x000000008c900000, 0x000000008c900000|100%| E|CS|TAMS 0x000000008c800000, 0x000000008c800000| Complete 
| 201|0x000000008c900000, 0x000000008ca00000, 0x000000008ca00000|100%| E|CS|TAMS 0x000000008c900000, 0x000000008c900000| Complete 
| 202|0x000000008ca00000, 0x000000008cb00000, 0x000000008cb00000|100%| E|CS|TAMS 0x000000008ca00000, 0x000000008ca00000| Complete 
| 203|0x000000008cb00000, 0x000000008cc00000, 0x000000008cc00000|100%| E|CS|TAMS 0x000000008cb00000, 0x000000008cb00000| Complete 
| 204|0x000000008cc00000, 0x000000008cd00000, 0x000000008cd00000|100%| E|CS|TAMS 0x000000008cc00000, 0x000000008cc00000| Complete 
| 205|0x000000008cd00000, 0x000000008ce00000, 0x000000008ce00000|100%| E|CS|TAMS 0x000000008cd00000, 0x000000008cd00000| Complete 
| 206|0x000000008ce00000, 0x000000008cf00000, 0x000000008cf00000|100%| E|CS|TAMS 0x000000008ce00000, 0x000000008ce00000| Complete 
| 207|0x000000008cf00000, 0x000000008d000000, 0x000000008d000000|100%| E|CS|TAMS 0x000000008cf00000, 0x000000008cf00000| Complete 
| 208|0x000000008d000000, 0x000000008d100000, 0x000000008d100000|100%| E|CS|TAMS 0x000000008d000000, 0x000000008d000000| Complete 
| 209|0x000000008d100000, 0x000000008d200000, 0x000000008d200000|100%| E|CS|TAMS 0x000000008d100000, 0x000000008d100000| Complete 
| 210|0x000000008d200000, 0x000000008d300000, 0x000000008d300000|100%| E|CS|TAMS 0x000000008d200000, 0x000000008d200000| Complete 
| 211|0x000000008d300000, 0x000000008d400000, 0x000000008d400000|100%| E|CS|TAMS 0x000000008d300000, 0x000000008d300000| Complete 
| 212|0x000000008d400000, 0x000000008d500000, 0x000000008d500000|100%| E|CS|TAMS 0x000000008d400000, 0x000000008d400000| Complete 
| 213|0x000000008d500000, 0x000000008d600000, 0x000000008d600000|100%| E|CS|TAMS 0x000000008d500000, 0x000000008d500000| Complete 
| 214|0x000000008d600000, 0x000000008d700000, 0x000000008d700000|100%| E|CS|TAMS 0x000000008d600000, 0x000000008d600000| Complete 
| 215|0x000000008d700000, 0x000000008d800000, 0x000000008d800000|100%| E|CS|TAMS 0x000000008d700000, 0x000000008d700000| Complete 
| 216|0x000000008d800000, 0x000000008d900000, 0x000000008d900000|100%| E|CS|TAMS 0x000000008d800000, 0x000000008d800000| Complete 
| 217|0x000000008d900000, 0x000000008da00000, 0x000000008da00000|100%| E|CS|TAMS 0x000000008d900000, 0x000000008d900000| Complete 
| 218|0x000000008da00000, 0x000000008db00000, 0x000000008db00000|100%| E|CS|TAMS 0x000000008da00000, 0x000000008da00000| Complete 
| 219|0x000000008db00000, 0x000000008dc00000, 0x000000008dc00000|100%| E|CS|TAMS 0x000000008db00000, 0x000000008db00000| Complete 
| 220|0x000000008dc00000, 0x000000008dd00000, 0x000000008dd00000|100%| E|CS|TAMS 0x000000008dc00000, 0x000000008dc00000| Complete 
| 221|0x000000008dd00000, 0x000000008de00000, 0x000000008de00000|100%| E|CS|TAMS 0x000000008dd00000, 0x000000008dd00000| Complete 
| 222|0x000000008de00000, 0x000000008df00000, 0x000000008df00000|100%| E|CS|TAMS 0x000000008de00000, 0x000000008de00000| Complete 
| 223|0x000000008df00000, 0x000000008e000000, 0x000000008e000000|100%| E|CS|TAMS 0x000000008df00000, 0x000000008df00000| Complete 
| 224|0x000000008e000000, 0x000000008e100000, 0x000000008e100000|100%| E|CS|TAMS 0x000000008e000000, 0x000000008e000000| Complete 
| 225|0x000000008e100000, 0x000000008e200000, 0x000000008e200000|100%| E|CS|TAMS 0x000000008e100000, 0x000000008e100000| Complete 
| 226|0x000000008e200000, 0x000000008e300000, 0x000000008e300000|100%| E|CS|TAMS 0x000000008e200000, 0x000000008e200000| Complete 
| 227|0x000000008e300000, 0x000000008e400000, 0x000000008e400000|100%| E|CS|TAMS 0x000000008e300000, 0x000000008e300000| Complete 
| 228|0x000000008e400000, 0x000000008e500000, 0x000000008e500000|100%| E|CS|TAMS 0x000000008e400000, 0x000000008e400000| Complete 
| 229|0x000000008e500000, 0x000000008e600000, 0x000000008e600000|100%| E|CS|TAMS 0x000000008e500000, 0x000000008e500000| Complete 
| 230|0x000000008e600000, 0x000000008e700000, 0x000000008e700000|100%| E|CS|TAMS 0x000000008e600000, 0x000000008e600000| Complete 
| 231|0x000000008e700000, 0x000000008e800000, 0x000000008e800000|100%| E|CS|TAMS 0x000000008e700000, 0x000000008e700000| Complete 
| 232|0x000000008e800000, 0x000000008e900000, 0x000000008e900000|100%| E|CS|TAMS 0x000000008e800000, 0x000000008e800000| Complete 
| 233|0x000000008e900000, 0x000000008ea00000, 0x000000008ea00000|100%| E|CS|TAMS 0x000000008e900000, 0x000000008e900000| Complete 
| 234|0x000000008ea00000, 0x000000008eb00000, 0x000000008eb00000|100%| E|CS|TAMS 0x000000008ea00000, 0x000000008ea00000| Complete 
| 235|0x000000008eb00000, 0x000000008ec00000, 0x000000008ec00000|100%| E|CS|TAMS 0x000000008eb00000, 0x000000008eb00000| Complete 
| 236|0x000000008ec00000, 0x000000008ed00000, 0x000000008ed00000|100%| E|CS|TAMS 0x000000008ec00000, 0x000000008ec00000| Complete 
| 237|0x000000008ed00000, 0x000000008ee00000, 0x000000008ee00000|100%| E|CS|TAMS 0x000000008ed00000, 0x000000008ed00000| Complete 
| 238|0x000000008ee00000, 0x000000008ef00000, 0x000000008ef00000|100%| E|CS|TAMS 0x000000008ee00000, 0x000000008ee00000| Complete 
| 239|0x000000008ef00000, 0x000000008f000000, 0x000000008f000000|100%| E|CS|TAMS 0x000000008ef00000, 0x000000008ef00000| Complete 
| 240|0x000000008f000000, 0x000000008f100000, 0x000000008f100000|100%| E|CS|TAMS 0x000000008f000000, 0x000000008f000000| Complete 
| 241|0x000000008f100000, 0x000000008f200000, 0x000000008f200000|100%| E|CS|TAMS 0x000000008f100000, 0x000000008f100000| Complete 
| 242|0x000000008f200000, 0x000000008f300000, 0x000000008f300000|100%| E|CS|TAMS 0x000000008f200000, 0x000000008f200000| Complete 
| 243|0x000000008f300000, 0x000000008f400000, 0x000000008f400000|100%| E|CS|TAMS 0x000000008f300000, 0x000000008f300000| Complete 
| 244|0x000000008f400000, 0x000000008f500000, 0x000000008f500000|100%| E|CS|TAMS 0x000000008f400000, 0x000000008f400000| Complete 
| 245|0x000000008f500000, 0x000000008f600000, 0x000000008f600000|100%| E|CS|TAMS 0x000000008f500000, 0x000000008f500000| Complete 
| 246|0x000000008f600000, 0x000000008f700000, 0x000000008f700000|100%| E|CS|TAMS 0x000000008f600000, 0x000000008f600000| Complete 
| 247|0x000000008f700000, 0x000000008f800000, 0x000000008f800000|100%| E|CS|TAMS 0x000000008f700000, 0x000000008f700000| Complete 
| 248|0x000000008f800000, 0x000000008f900000, 0x000000008f900000|100%| E|CS|TAMS 0x000000008f800000, 0x000000008f800000| Complete 
| 249|0x000000008f900000, 0x000000008fa00000, 0x000000008fa00000|100%| E|CS|TAMS 0x000000008f900000, 0x000000008f900000| Complete 
| 250|0x000000008fa00000, 0x000000008fb00000, 0x000000008fb00000|100%| E|CS|TAMS 0x000000008fa00000, 0x000000008fa00000| Complete 
| 251|0x000000008fb00000, 0x000000008fc00000, 0x000000008fc00000|100%| E|CS|TAMS 0x000000008fb00000, 0x000000008fb00000| Complete 
| 252|0x000000008fc00000, 0x000000008fd00000, 0x000000008fd00000|100%| E|CS|TAMS 0x000000008fc00000, 0x000000008fc00000| Complete 
| 253|0x000000008fd00000, 0x000000008fe00000, 0x000000008fe00000|100%| E|CS|TAMS 0x000000008fd00000, 0x000000008fd00000| Complete 
| 254|0x000000008fe00000, 0x000000008ff00000, 0x000000008ff00000|100%| E|CS|TAMS 0x000000008fe00000, 0x000000008fe00000| Complete 
| 255|0x000000008ff00000, 0x0000000090000000, 0x0000000090000000|100%| E|CS|TAMS 0x000000008ff00000, 0x000000008ff00000| Complete 

Card table byte_map: [0x0000028a71380000,0x0000028a71780000] _byte_map_base: 0x0000028a70f80000

Marking Bits (Prev, Next): (CMBitMap*) 0x0000028a5df84ca0, (CMBitMap*) 0x0000028a5df84c68
 Prev Bits: [0x0000028a73b80000, 0x0000028a75b80000)
 Next Bits: [0x0000028a71b80000, 0x0000028a73b80000)

Polling page: 0x0000028a5bf30000

Metaspace:

Usage:
  Non-class:     82.54 MB capacity,    80.93 MB ( 98%) used,     1.32 MB (  2%) free+waste,   298.56 KB ( <1%) overhead. 
      Class:     13.00 MB capacity,    12.02 MB ( 92%) used,   864.75 KB (  6%) free+waste,   136.88 KB (  1%) overhead. 
       Both:     95.54 MB capacity,    92.96 MB ( 97%) used,     2.16 MB (  2%) free+waste,   435.44 KB ( <1%) overhead. 

Virtual space:
  Non-class space:       84.00 MB reserved,      82.75 MB ( 99%) committed 
      Class space:        1.00 GB reserved,      13.07 MB (  1%) committed 
             Both:        1.08 GB reserved,      95.82 MB (  9%) committed 

Chunk freelists:
   Non-Class:  21.00 KB
       Class:  29.00 KB
        Both:  50.00 KB

MaxMetaspaceSize: 17179869184.00 GB
CompressedClassSpaceSize: 1.00 GB

CodeHeap 'non-profiled nmethods': size=120000Kb used=6752Kb max_used=6752Kb free=113247Kb
 bounds [0x0000028a69500000, 0x0000028a69ba0000, 0x0000028a70a30000]
CodeHeap 'profiled nmethods': size=120000Kb used=24122Kb max_used=24122Kb free=95877Kb
 bounds [0x0000028a61fd0000, 0x0000028a63760000, 0x0000028a69500000]
CodeHeap 'non-nmethods': size=5760Kb used=2313Kb max_used=2356Kb free=3446Kb
 bounds [0x0000028a61a30000, 0x0000028a61ca0000, 0x0000028a61fd0000]
 total_blobs=12212 nmethods=11281 adapters=842
 compilation: enabled
              stopped_count=0, restarted_count=0
 full_count=0

Compilation events (20 events):
Event: 22.041 Thread 0x0000028a790e5000 11295       3       java.lang.invoke.InvokerBytecodeGenerator::constantPlaceholder (97 bytes)
Event: 22.042 Thread 0x0000028a790e5000 nmethod 11295 0x0000028a63754f90 code [0x0000028a63755280, 0x0000028a63756218]
Event: 22.042 Thread 0x0000028a790e5000 11301       3       java.lang.invoke.LambdaFormBuffer::clearDuplicatesAndNulls (268 bytes)
Event: 22.042 Thread 0x0000028a790e5000 nmethod 11301 0x0000028a63756810 code [0x0000028a63756ac0, 0x0000028a63757b38]
Event: 22.042 Thread 0x0000028a790e5000 11300       3       java.lang.invoke.LambdaFormBuffer::insertName (106 bytes)
Event: 22.042 Thread 0x0000028a790e5000 nmethod 11300 0x0000028a63758010 code [0x0000028a637581e0, 0x0000028a637583f8]
Event: 22.042 Thread 0x0000028a790e5000 11303       3       sun.invoke.util.VerifyType::isNullType (18 bytes)
Event: 22.042 Thread 0x0000028a790e5000 nmethod 11303 0x0000028a63758510 code [0x0000028a637586c0, 0x0000028a63758858]
Event: 22.042 Thread 0x0000028a790e5000 11304       3       java.lang.invoke.DirectMethodHandle::afIndex (20 bytes)
Event: 22.042 Thread 0x0000028a790e5000 nmethod 11304 0x0000028a63758910 code [0x0000028a63758ac0, 0x0000028a63758c18]
Event: 22.042 Thread 0x0000028a790e5000 11305   !   3       java.lang.invoke.ClassSpecializer$Factory::findGetter (41 bytes)
Event: 22.043 Thread 0x0000028a790e5000 nmethod 11305 0x0000028a63758c90 code [0x0000028a63758ec0, 0x0000028a63759528]
Event: 22.043 Thread 0x0000028a790e5000 11307       3       java.lang.invoke.ClassSpecializer::className (33 bytes)
Event: 22.043 Thread 0x0000028a790e5000 nmethod 11307 0x0000028a63759790 code [0x0000028a63759960, 0x0000028a63759b48]
Event: 22.043 Thread 0x0000028a790e5000 11310       3       java.lang.invoke.ClassSpecializer::classSig (94 bytes)
Event: 22.044 Thread 0x0000028a790e5000 nmethod 11310 0x0000028a63759c10 code [0x0000028a63759e80, 0x0000028a6375a698]
Event: 22.044 Thread 0x0000028a790e5000 11315       3       java.lang.invoke.MemberName::<init> (25 bytes)
Event: 22.045 Thread 0x0000028a790e5000 nmethod 11315 0x0000028a6375a990 code [0x0000028a6375ab60, 0x0000028a6375ad88]
Event: 22.045 Thread 0x0000028a790e5000 11318       3       java.lang.invoke.MethodHandles$Lookup::getDirectFieldCommon (67 bytes)
Event: 22.046 Thread 0x0000028a790e5000 nmethod 11318 0x0000028a6375ae90 code [0x0000028a6375b0c0, 0x0000028a6375b668]

GC Heap History (20 events):
Event: 1.913 GC heap before
{Heap before GC invocations=3 (full 0):
 garbage-first heap   total 262144K, used 62730K [0x0000000080000000, 0x0000000100000000)
  region size 1024K, 55 young (56320K), 10 survivors (10240K)
 Metaspace       used 25229K, capacity 25851K, committed 26112K, reserved 1071104K
  class space    used 3280K, capacity 3489K, committed 3584K, reserved 1048576K
}
Event: 1.917 GC heap after
{Heap after GC invocations=4 (full 0):
 garbage-first heap   total 262144K, used 18635K [0x0000000080000000, 0x0000000100000000)
  region size 1024K, 3 young (3072K), 3 survivors (3072K)
 Metaspace       used 25229K, capacity 25851K, committed 26112K, reserved 1071104K
  class space    used 3280K, capacity 3489K, committed 3584K, reserved 1048576K
}
Event: 2.500 GC heap before
{Heap before GC invocations=4 (full 0):
 garbage-first heap   total 262144K, used 84171K [0x0000000080000000, 0x0000000100000000)
  region size 1024K, 68 young (69632K), 3 survivors (3072K)
 Metaspace       used 35041K, capacity 35838K, committed 35840K, reserved 1081344K
  class space    used 4540K, capacity 4864K, committed 4864K, reserved 1048576K
}
Event: 2.506 GC heap after
{Heap after GC invocations=5 (full 0):
 garbage-first heap   total 262144K, used 22140K [0x0000000080000000, 0x0000000100000000)
  region size 1024K, 6 young (6144K), 6 survivors (6144K)
 Metaspace       used 35041K, capacity 35838K, committed 35840K, reserved 1081344K
  class space    used 4540K, capacity 4864K, committed 4864K, reserved 1048576K
}
Event: 3.412 GC heap before
{Heap before GC invocations=6 (full 0):
 garbage-first heap   total 262144K, used 139900K [0x0000000080000000, 0x0000000100000000)
  region size 1024K, 118 young (120832K), 6 survivors (6144K)
 Metaspace       used 43975K, capacity 45013K, committed 45260K, reserved 1089536K
  class space    used 5637K, capacity 6035K, committed 6092K, reserved 1048576K
}
Event: 3.417 GC heap after
{Heap after GC invocations=7 (full 0):
 garbage-first heap   total 262144K, used 29258K [0x0000000080000000, 0x0000000100000000)
  region size 1024K, 13 young (13312K), 13 survivors (13312K)
 Metaspace       used 43975K, capacity 45013K, committed 45260K, reserved 1089536K
  class space    used 5637K, capacity 6035K, committed 6092K, reserved 1048576K
}
Event: 4.759 GC heap before
{Heap before GC invocations=7 (full 0):
 garbage-first heap   total 262144K, used 170570K [0x0000000080000000, 0x0000000100000000)
  region size 1024K, 144 young (147456K), 13 survivors (13312K)
 Metaspace       used 55902K, capacity 57270K, committed 57548K, reserved 1099776K
  class space    used 7051K, capacity 7585K, committed 7628K, reserved 1048576K
}
Event: 4.771 GC heap after
{Heap after GC invocations=8 (full 0):
 garbage-first heap   total 262144K, used 49203K [0x0000000080000000, 0x0000000100000000)
  region size 1024K, 18 young (18432K), 18 survivors (18432K)
 Metaspace       used 55902K, capacity 57270K, committed 57548K, reserved 1099776K
  class space    used 7051K, capacity 7585K, committed 7628K, reserved 1048576K
}
Event: 4.970 GC heap before
{Heap before GC invocations=8 (full 0):
 garbage-first heap   total 262144K, used 65587K [0x0000000080000000, 0x0000000100000000)
  region size 1024K, 35 young (35840K), 18 survivors (18432K)
 Metaspace       used 58739K, capacity 60157K, committed 60236K, reserved 1101824K
  class space    used 7414K, capacity 7968K, committed 8012K, reserved 1048576K
}
Event: 4.984 GC heap after
{Heap after GC invocations=9 (full 0):
 garbage-first heap   total 262144K, used 52542K [0x0000000080000000, 0x0000000100000000)
  region size 1024K, 3 young (3072K), 3 survivors (3072K)
 Metaspace       used 58739K, capacity 60157K, committed 60236K, reserved 1101824K
  class space    used 7414K, capacity 7968K, committed 8012K, reserved 1048576K
}
Event: 5.664 GC heap before
{Heap before GC invocations=10 (full 0):
 garbage-first heap   total 262144K, used 140606K [0x0000000080000000, 0x0000000100000000)
  region size 1024K, 89 young (91136K), 3 survivors (3072K)
 Metaspace       used 66676K, capacity 68211K, committed 68428K, reserved 1107968K
  class space    used 8403K, capacity 8970K, committed 9036K, reserved 1048576K
}
Event: 5.668 GC heap after
{Heap after GC invocations=11 (full 0):
 garbage-first heap   total 262144K, used 57180K [0x0000000080000000, 0x0000000100000000)
  region size 1024K, 8 young (8192K), 8 survivors (8192K)
 Metaspace       used 66676K, capacity 68211K, committed 68428K, reserved 1107968K
  class space    used 8403K, capacity 8970K, committed 9036K, reserved 1048576K
}
Event: 6.394 GC heap before
{Heap before GC invocations=11 (full 0):
 garbage-first heap   total 262144K, used 151388K [0x0000000080000000, 0x0000000100000000)
  region size 1024K, 100 young (102400K), 8 survivors (8192K)
 Metaspace       used 74680K, capacity 76364K, committed 76620K, reserved 1116160K
  class space    used 9605K, capacity 10250K, committed 10316K, reserved 1048576K
}
Event: 6.402 GC heap after
{Heap after GC invocations=12 (full 0):
 garbage-first heap   total 262144K, used 64357K [0x0000000080000000, 0x0000000100000000)
  region size 1024K, 13 young (13312K), 13 survivors (13312K)
 Metaspace       used 74680K, capacity 76364K, committed 76620K, reserved 1116160K
  class space    used 9605K, capacity 10250K, committed 10316K, reserved 1048576K
}
Event: 7.249 GC heap before
{Heap before GC invocations=12 (full 0):
 garbage-first heap   total 262144K, used 162661K [0x0000000080000000, 0x0000000100000000)
  region size 1024K, 109 young (111616K), 13 survivors (13312K)
 Metaspace       used 84253K, capacity 86172K, committed 86476K, reserved 1124352K
  class space    used 10835K, capacity 11594K, committed 11724K, reserved 1048576K
}
Event: 7.258 GC heap after
{Heap after GC invocations=13 (full 0):
 garbage-first heap   total 262144K, used 72505K [0x0000000080000000, 0x0000000100000000)
  region size 1024K, 14 young (14336K), 14 survivors (14336K)
 Metaspace       used 84253K, capacity 86172K, committed 86476K, reserved 1124352K
  class space    used 10835K, capacity 11594K, committed 11724K, reserved 1048576K
}
Event: 7.684 GC heap before
{Heap before GC invocations=13 (full 0):
 garbage-first heap   total 262144K, used 170809K [0x0000000080000000, 0x0000000100000000)
  region size 1024K, 111 young (113664K), 14 survivors (14336K)
 Metaspace       used 86425K, capacity 88885K, committed 89164K, reserved 1126400K
  class space    used 11149K, capacity 12074K, committed 12108K, reserved 1048576K
}
Event: 7.693 GC heap after
{Heap after GC invocations=14 (full 0):
 garbage-first heap   total 262144K, used 81810K [0x0000000080000000, 0x0000000100000000)
  region size 1024K, 9 young (9216K), 9 survivors (9216K)
 Metaspace       used 86425K, capacity 88885K, committed 89164K, reserved 1126400K
  class space    used 11149K, capacity 12074K, committed 12108K, reserved 1048576K
}
Event: 8.070 GC heap before
{Heap before GC invocations=14 (full 0):
 garbage-first heap   total 262144K, used 180114K [0x0000000080000000, 0x0000000100000000)
  region size 1024K, 106 young (108544K), 9 survivors (9216K)
 Metaspace       used 88138K, capacity 90597K, committed 90700K, reserved 1128448K
  class space    used 11365K, capacity 12325K, committed 12364K, reserved 1048576K
}
Event: 8.076 GC heap after
{Heap after GC invocations=15 (full 0):
 garbage-first heap   total 262144K, used 87048K [0x0000000080000000, 0x0000000100000000)
  region size 1024K, 8 young (8192K), 8 survivors (8192K)
 Metaspace       used 88138K, capacity 90597K, committed 90700K, reserved 1128448K
  class space    used 11365K, capacity 12325K, committed 12364K, reserved 1048576K
}

Deoptimization events (20 events):
Event: 21.995 Thread 0x0000028a7a7c6800 Uncommon trap: trap_request=0xffffffde fr.pc=0x0000028a69604a80 relative=0x0000000000000320
Event: 21.995 Thread 0x0000028a7a7c6800 Uncommon trap: reason=class_check action=maybe_recompile pc=0x0000028a69604a80 method=java.io.DataOutputStream.write(I)V @ 5 c2
Event: 21.995 Thread 0x0000028a7a7c6800 DEOPT PACKING pc=0x0000028a69604a80 sp=0x000000e5fecf9560
Event: 21.995 Thread 0x0000028a7a7c6800 DEOPT UNPACKING pc=0x0000028a61a578af sp=0x000000e5fecf9528 mode 2
Event: 21.995 Thread 0x0000028a7a7c6800 Uncommon trap: trap_request=0xffffffde fr.pc=0x0000028a69604a80 relative=0x0000000000000320
Event: 21.995 Thread 0x0000028a7a7c6800 Uncommon trap: reason=class_check action=maybe_recompile pc=0x0000028a69604a80 method=java.io.DataOutputStream.write(I)V @ 5 c2
Event: 21.995 Thread 0x0000028a7a7c6800 DEOPT PACKING pc=0x0000028a69604a80 sp=0x000000e5fecf9560
Event: 21.995 Thread 0x0000028a7a7c6800 DEOPT UNPACKING pc=0x0000028a61a578af sp=0x000000e5fecf9528 mode 2
Event: 21.995 Thread 0x0000028a7a7c6800 Uncommon trap: trap_request=0xffffffde fr.pc=0x0000028a69604a80 relative=0x0000000000000320
Event: 21.995 Thread 0x0000028a7a7c6800 Uncommon trap: reason=class_check action=maybe_recompile pc=0x0000028a69604a80 method=java.io.DataOutputStream.write(I)V @ 5 c2
Event: 21.995 Thread 0x0000028a7a7c6800 DEOPT PACKING pc=0x0000028a69604a80 sp=0x000000e5fecf9560
Event: 21.995 Thread 0x0000028a7a7c6800 DEOPT UNPACKING pc=0x0000028a61a578af sp=0x000000e5fecf9528 mode 2
Event: 21.995 Thread 0x0000028a7a7c6800 Uncommon trap: trap_request=0xffffffde fr.pc=0x0000028a69606860 relative=0x0000000000000f80
Event: 21.995 Thread 0x0000028a7a7c6800 Uncommon trap: reason=class_check action=maybe_recompile pc=0x0000028a69606860 method=java.io.DataOutputStream.write(I)V @ 5 c2
Event: 21.995 Thread 0x0000028a7a7c6800 DEOPT PACKING pc=0x0000028a69606860 sp=0x000000e5fecf95a0
Event: 21.995 Thread 0x0000028a7a7c6800 DEOPT UNPACKING pc=0x0000028a61a578af sp=0x000000e5fecf9530 mode 2
Event: 22.048 Thread 0x0000028a7a7c6800 Uncommon trap: trap_request=0xffffff4d fr.pc=0x0000028a6964d348 relative=0x0000000000000968
Event: 22.048 Thread 0x0000028a7a7c6800 Uncommon trap: reason=unstable_if action=reinterpret pc=0x0000028a6964d348 method=java.util.WeakHashMap.eq(Ljava/lang/Object;Ljava/lang/Object;)Z @ 2 c2
Event: 22.048 Thread 0x0000028a7a7c6800 DEOPT PACKING pc=0x0000028a6964d348 sp=0x000000e5fecf9110
Event: 22.048 Thread 0x0000028a7a7c6800 DEOPT UNPACKING pc=0x0000028a61a578af sp=0x000000e5fecf9080 mode 2

Classes redefined (0 events):
No events

Internal exceptions (20 events):
Event: 12.782 Thread 0x0000028a7a7c6800 Exception <a 'java/net/ConnectException'{0x000000008acaa838}: Connection refused: connect> (0x000000008acaa838) thrown at [./src/hotspot/share/prims/jni.cpp, line 636]
Event: 14.820 Thread 0x0000028a7a7c6800 Exception <a 'java/net/ConnectException'{0x000000008acabd60}: Connection refused: connect> (0x000000008acabd60) thrown at [./src/hotspot/share/prims/jni.cpp, line 636]
Event: 14.962 Thread 0x0000028a7a7c6800 Exception <a 'java/lang/NoSuchMethodError'{0x000000008a8596e0}: 'void java.lang.invoke.DirectMethodHandle$Holder.invokeStatic(java.lang.Object, long)'> (0x000000008a8596e0) thrown at [./src/hotspot/share/interpreter/linkResolver.cpp, line 773]
Event: 14.963 Thread 0x0000028a7a7c6800 Exception <a 'java/lang/NoSuchMethodError'{0x000000008a85f398}: 'java.lang.Object java.lang.invoke.DirectMethodHandle$Holder.invokeStatic(java.lang.Object, long)'> (0x000000008a85f398) thrown at [./src/hotspot/share/interpreter/linkResolver.cpp, line 773]
Event: 14.966 Thread 0x0000028a7a7c6800 Exception <a 'java/lang/NoSuchMethodError'{0x000000008a86e460}: 'java.lang.Object java.lang.invoke.DirectMethodHandle$Holder.invokeStaticInit(java.lang.Object, java.lang.Object, long, java.lang.Object)'> (0x000000008a86e460) thrown at [./src/hotspot/share/interpreter/linkResolver.cpp, line 773]
Event: 14.966 Thread 0x0000028a7a7c6800 Exception <a 'java/lang/NoSuchMethodError'{0x000000008a874df0}: 'java.lang.Object java.lang.invoke.DirectMethodHandle$Holder.invokeStatic(java.lang.Object, java.lang.Object, long)'> (0x000000008a874df0) thrown at [./src/hotspot/share/interpreter/linkResolver.cpp, line 773]
Event: 14.967 Thread 0x0000028a7a7c6800 Exception <a 'java/lang/NoSuchMethodError'{0x000000008a87bb60}: 'java.lang.Object java.lang.invoke.Invokers$Holder.linkToTargetMethod(java.lang.Object, long, java.lang.Object)'> (0x000000008a87bb60) thrown at [./src/hotspot/share/interpreter/linkResolver.cpp, line 773]
Event: 17.897 Thread 0x0000028a7a7c6800 Exception <a 'java/net/ConnectException'{0x000000008a8af100}: Connection refused: connect> (0x000000008a8af100) thrown at [./src/hotspot/share/prims/jni.cpp, line 636]
Event: 19.948 Thread 0x0000028a7a7c6800 Exception <a 'java/net/ConnectException'{0x000000008a8b0628}: Connection refused: connect> (0x000000008a8b0628) thrown at [./src/hotspot/share/prims/jni.cpp, line 636]
Event: 21.992 Thread 0x0000028a7a7c6800 Exception <a 'java/net/ConnectException'{0x000000008a8b1b50}: Connection refused: connect> (0x000000008a8b1b50) thrown at [./src/hotspot/share/prims/jni.cpp, line 636]
Event: 22.033 Thread 0x0000028a7a7c6800 Exception <a 'java/lang/NoSuchMethodError'{0x000000008a63fb10}: <clinit>> (0x000000008a63fb10) thrown at [./src/hotspot/share/prims/jni.cpp, line 1362]
Event: 22.033 Thread 0x0000028a7a7c6800 Exception <a 'java/lang/NoSuchMethodError'{0x000000008a6518d8}: <clinit>> (0x000000008a6518d8) thrown at [./src/hotspot/share/prims/jni.cpp, line 1362]
Event: 22.041 Thread 0x0000028a7a7c6800 Exception <a 'java/lang/NoSuchMethodError'{0x000000008a6fe300}: 'java.lang.Object java.lang.invoke.DirectMethodHandle$Holder.invokeSpecial(java.lang.Object, java.lang.Object, int, int, java.lang.Object, int, java.lang.Object, java.lang.Object)'> (0x000000008a6fe300) thrown at [./src/hotspot/share/interpreter/linkResolver.cpp, line 773]
Event: 22.041 Thread 0x0000028a7a7c6800 Exception <a 'java/lang/NoSuchMethodError'{0x000000008a502b10}: 'java.lang.Object java.lang.invoke.DelegatingMethodHandle$Holder.reinvoke_L(java.lang.Object, int, int, java.lang.Object, int, java.lang.Object, java.lang.Object)'> (0x000000008a502b10) thrown at [./src/hotspot/share/interpreter/linkResolver.cpp, line 773]
Event: 22.042 Thread 0x0000028a7a7c6800 Exception <a 'java/lang/NoSuchMethodError'{0x000000008a52db78}: 'java.lang.Object java.lang.invoke.DirectMethodHandle$Holder.invokeStatic(java.lang.Object, java.lang.Object, java.lang.Object, java.lang.Object, java.lang.Object, java.lang.Object, java.lang.Object, java.lang.Object, int)'> (0x000000008a52db78) thrown at [./src/hotspot/share/interpreter/linkResolver.cpp, line 773]
Event: 22.043 Thread 0x0000028a7a7c6800 Exception <a 'java/lang/NoSuchMethodError'{0x000000008a549060}: 'java.lang.Object java.lang.invoke.DirectMethodHandle$Holder.invokeStatic(java.lang.Object, java.lang.Object, java.lang.Object, java.lang.Object, java.lang.Object, java.lang.Object, java.lang.Object, java.lang.Object, int, int)'> (0x000000008a549060) thrown at [./src/hotspot/share/interpreter/linkResolver.cpp, line 773]
Event: 22.044 Thread 0x0000028a7a7c6800 Exception <a 'java/lang/NoSuchMethodError'{0x000000008a565200}: 'java.lang.Object java.lang.invoke.DirectMethodHandle$Holder.invokeStatic(java.lang.Object, java.lang.Object, java.lang.Object, java.lang.Object, java.lang.Object, java.lang.Object, java.lang.Object, java.lang.Object, int, int, java.lang.Object)'> (0x000000008a565200) thrown at [./src/hotspot/share/interpreter/linkResolver.cpp, line 773]
Event: 22.044 Thread 0x0000028a7a7c6800 Exception <a 'java/lang/NoSuchMethodError'{0x000000008a582a20}: 'java.lang.Object java.lang.invoke.DirectMethodHandle$Holder.invokeStatic(java.lang.Object, java.lang.Object, java.lang.Object, java.lang.Object, java.lang.Object, java.lang.Object, java.lang.Object, java.lang.Object, int, int, java.lang.Object, java.lang.Object)'> (0x000000008a582a20) thrown at [./src/hotspot/share/interpreter/linkResolver.cpp, line 773]
Event: 22.049 Thread 0x0000028a7a7c6800 Exception <a 'java/lang/NoSuchMethodError'{0x000000008a5b58d8}: <clinit>> (0x000000008a5b58d8) thrown at [./src/hotspot/share/prims/jni.cpp, line 1362]
Event: 22.050 Thread 0x0000028a7a7c6800 Exception <a 'java/lang/NoSuchMethodError'{0x000000008a5faf58}: <clinit>> (0x000000008a5faf58) thrown at [./src/hotspot/share/prims/jni.cpp, line 1362]

Events (20 events):
Event: 22.047 loading class sun/rmi/transport/GC$LatencyRequest done
Event: 22.047 loading class sun/rmi/transport/GC$Daemon
Event: 22.047 loading class sun/rmi/transport/GC$Daemon done
Event: 22.047 loading class sun/rmi/transport/GC$Daemon$1
Event: 22.047 loading class sun/rmi/transport/GC$Daemon$1 done
Event: 22.047 Thread 0x0000028a7a7c9000 Thread added: 0x0000028a7a7c9000
Event: 22.047 Executing VM operation: RevokeBias
Event: 22.047 Executing VM operation: RevokeBias done
Event: 22.047 loading class sun/rmi/transport/DGCClient$EndpointEntry$RefEntry
Event: 22.047 Executing VM operation: RevokeBias
Event: 22.047 loading class sun/rmi/transport/DGCClient$EndpointEntry$RefEntry done
Event: 22.048 Executing VM operation: RevokeBias done
Event: 22.048 loading class sun/rmi/transport/DGCClient$EndpointEntry$RefEntry$PhantomLiveRef
Event: 22.048 loading class sun/rmi/transport/DGCClient$EndpointEntry$RefEntry$PhantomLiveRef done
Event: 22.048 loading class java/rmi/dgc/Lease
Event: 22.048 loading class java/rmi/dgc/Lease done
Event: 22.049 loading class java/io/ObjectInputFilter$FilterInfo
Event: 22.049 loading class java/io/ObjectInputFilter$FilterInfo done
Event: 22.049 loading class java/io/ObjectInputFilter$Status
Event: 22.049 loading class java/io/ObjectInputFilter$Status done


Dynamic libraries:
0x00007ff7c6a80000 - 0x00007ff7c6a8a000 	C:\Program Files\Android\Android Studio\jre\bin\java.exe
0x00007ffc2c9e0000 - 0x00007ffc2cbe7000 	C:\WINDOWS\SYSTEM32\ntdll.dll
0x00007ffc2bbd0000 - 0x00007ffc2bc8d000 	C:\WINDOWS\System32\KERNEL32.DLL
0x00007ffc2a160000 - 0x00007ffc2a4d4000 	C:\WINDOWS\System32\KERNELBASE.dll
0x00007ffc2a4e0000 - 0x00007ffc2a5f1000 	C:\WINDOWS\System32\ucrtbase.dll
0x00007ffc14f30000 - 0x00007ffc14f47000 	C:\Program Files\Android\Android Studio\jre\bin\VCRUNTIME140.dll
0x00007ffc12db0000 - 0x00007ffc12dc9000 	C:\Program Files\Android\Android Studio\jre\bin\jli.dll
0x00007ffc2ad90000 - 0x00007ffc2af3c000 	C:\WINDOWS\System32\USER32.dll
0x00007ffc29ff0000 - 0x00007ffc2a016000 	C:\WINDOWS\System32\win32u.dll
0x00007ffc2c5c0000 - 0x00007ffc2c5e9000 	C:\WINDOWS\System32\GDI32.dll
0x00007ffc15b80000 - 0x00007ffc15e25000 	C:\WINDOWS\WinSxS\amd64_microsoft.windows.common-controls_6595b64144ccf1df_6.0.22000.120_none_9d947278b86cc467\COMCTL32.dll
0x00007ffc29ed0000 - 0x00007ffc29fe2000 	C:\WINDOWS\System32\gdi32full.dll
0x00007ffc2a9a0000 - 0x00007ffc2aa43000 	C:\WINDOWS\System32\msvcrt.dll
0x00007ffc2a7e0000 - 0x00007ffc2a87d000 	C:\WINDOWS\System32\msvcp_win.dll
0x00007ffc2c3e0000 - 0x00007ffc2c411000 	C:\WINDOWS\System32\IMM32.DLL
0x00007ffbed980000 - 0x00007ffbeda1d000 	C:\Program Files\Android\Android Studio\jre\bin\msvcp140.dll
0x00007ffba9a40000 - 0x00007ffbaa50f000 	C:\Program Files\Android\Android Studio\jre\bin\server\jvm.dll
0x00007ffc2c420000 - 0x00007ffc2c4ce000 	C:\WINDOWS\System32\ADVAPI32.dll
0x00007ffc2c790000 - 0x00007ffc2c82e000 	C:\WINDOWS\System32\sechost.dll
0x00007ffc2a880000 - 0x00007ffc2a9a0000 	C:\WINDOWS\System32\RPCRT4.dll
0x00007ffc2c210000 - 0x00007ffc2c218000 	C:\WINDOWS\System32\PSAPI.DLL
0x00007ffc12b10000 - 0x00007ffc12b19000 	C:\WINDOWS\SYSTEM32\WSOCK32.dll
0x00007ffc24740000 - 0x00007ffc24773000 	C:\WINDOWS\SYSTEM32\WINMM.dll
0x00007ffc2af40000 - 0x00007ffc2afaf000 	C:\WINDOWS\System32\WS2_32.dll
0x00007ffc244a0000 - 0x00007ffc244aa000 	C:\WINDOWS\SYSTEM32\VERSION.dll
0x00007ffc290c0000 - 0x00007ffc290d8000 	C:\WINDOWS\SYSTEM32\kernel.appcore.dll
0x00007ffc25b10000 - 0x00007ffc25b21000 	C:\Program Files\Android\Android Studio\jre\bin\verify.dll
0x00007ffc1a300000 - 0x00007ffc1a521000 	C:\WINDOWS\SYSTEM32\DBGHELP.DLL
0x00007ffc12620000 - 0x00007ffc12651000 	C:\WINDOWS\SYSTEM32\dbgcore.DLL
0x00007ffc2a020000 - 0x00007ffc2a09f000 	C:\WINDOWS\System32\bcryptPrimitives.dll
0x00007ffc0f630000 - 0x00007ffc0f659000 	C:\Program Files\Android\Android Studio\jre\bin\java.dll
0x00007ffc15060000 - 0x00007ffc1506b000 	C:\Program Files\Android\Android Studio\jre\bin\jimage.dll
0x00007ffc0e160000 - 0x00007ffc0e178000 	C:\Program Files\Android\Android Studio\jre\bin\zip.dll
0x00007ffc2b420000 - 0x00007ffc2bbce000 	C:\WINDOWS\System32\SHELL32.dll
0x00007ffc28040000 - 0x00007ffc288a7000 	C:\WINDOWS\SYSTEM32\windows.storage.dll
0x00007ffc2be90000 - 0x00007ffc2c208000 	C:\WINDOWS\System32\combase.dll
0x00007ffc27ed0000 - 0x00007ffc28036000 	C:\WINDOWS\SYSTEM32\wintypes.dll
0x00007ffc2c4d0000 - 0x00007ffc2c5ba000 	C:\WINDOWS\System32\SHCORE.dll
0x00007ffc2c730000 - 0x00007ffc2c78d000 	C:\WINDOWS\System32\shlwapi.dll
0x00007ffc29e00000 - 0x00007ffc29e21000 	C:\WINDOWS\SYSTEM32\profapi.dll
0x00007ffc08810000 - 0x00007ffc0882a000 	C:\Program Files\Android\Android Studio\jre\bin\net.dll
0x00007ffc23de0000 - 0x00007ffc23eec000 	C:\WINDOWS\SYSTEM32\WINHTTP.dll
0x00007ffc294f0000 - 0x00007ffc29557000 	C:\WINDOWS\system32\mswsock.dll
0x00007ffc087f0000 - 0x00007ffc08804000 	C:\Program Files\Android\Android Studio\jre\bin\nio.dll
0x00007ffc14380000 - 0x00007ffc143a7000 	C:\Users\user\.gradle\native\8bec1ad78214c89d9ad589b4d07fe93259594b29d510b10fafb7a158f7737e5d\windows-amd64\native-platform.dll
0x00007ffbee050000 - 0x00007ffbee18d000 	C:\Users\user\.gradle\native\53dbd7edfb1c66fb8903c78663c9afc45aea4f116125fa6feffd364cf09443e8\windows-amd64\native-platform-file-events.dll
0x00007ffc15050000 - 0x00007ffc1505a000 	C:\Program Files\Android\Android Studio\jre\bin\management.dll
0x00007ffc14f20000 - 0x00007ffc14f2c000 	C:\Program Files\Android\Android Studio\jre\bin\management_ext.dll
0x00007ffc29740000 - 0x00007ffc29758000 	C:\WINDOWS\SYSTEM32\CRYPTSP.dll
0x00007ffc29020000 - 0x00007ffc29055000 	C:\WINDOWS\system32\rsaenh.dll
0x00007ffc295e0000 - 0x00007ffc29609000 	C:\WINDOWS\SYSTEM32\USERENV.dll
0x00007ffc298b0000 - 0x00007ffc298d7000 	C:\WINDOWS\SYSTEM32\bcrypt.dll
0x00007ffc29730000 - 0x00007ffc2973c000 	C:\WINDOWS\SYSTEM32\CRYPTBASE.dll
0x00007ffc28b80000 - 0x00007ffc28bad000 	C:\WINDOWS\SYSTEM32\IPHLPAPI.DLL
0x00007ffc2be80000 - 0x00007ffc2be89000 	C:\WINDOWS\System32\NSI.dll
0x00007ffc24480000 - 0x00007ffc24499000 	C:\WINDOWS\SYSTEM32\dhcpcsvc6.DLL
0x00007ffc24f50000 - 0x00007ffc24f6e000 	C:\WINDOWS\SYSTEM32\dhcpcsvc.DLL
0x00007ffc28bb0000 - 0x00007ffc28c97000 	C:\WINDOWS\SYSTEM32\DNSAPI.dll
0x00007ffc044c0000 - 0x00007ffc044de000 	C:\Users\user\AppData\Local\Temp\native-platform16303860198162551389dir\native-platform.dll
0x00007ffc043d0000 - 0x00007ffc043d8000 	C:\Program Files\Android\Android Studio\jre\bin\rmi.dll

dbghelp: loaded successfully - version: 4.0.5 - missing functions: none
symbol engine: initialized successfully - sym options: 0x614 - pdb path: .;C:\Program Files\Android\Android Studio\jre\bin;C:\WINDOWS\SYSTEM32;C:\WINDOWS\WinSxS\amd64_microsoft.windows.common-controls_6595b64144ccf1df_6.0.22000.120_none_9d947278b86cc467;C:\Program Files\Android\Android Studio\jre\bin\server;C:\Users\user\.gradle\native\8bec1ad78214c89d9ad589b4d07fe93259594b29d510b10fafb7a158f7737e5d\windows-amd64;C:\Users\user\.gradle\native\53dbd7edfb1c66fb8903c78663c9afc45aea4f116125fa6feffd364cf09443e8\windows-amd64;C:\Users\user\AppData\Local\Temp\native-platform16303860198162551389dir

VM Arguments:
jvm_args: --add-opens=java.base/java.util=ALL-UNNAMED --add-opens=java.base/java.lang=ALL-UNNAMED --add-opens=java.base/java.lang.invoke=ALL-UNNAMED --add-opens=java.base/java.util=ALL-UNNAMED --add-opens=java.prefs/java.util.prefs=ALL-UNNAMED --add-opens=java.prefs/java.util.prefs=ALL-UNNAMED --add-opens=java.base/java.nio.charset=ALL-UNNAMED --add-opens=java.base/java.net=ALL-UNNAMED --add-opens=java.base/java.util.concurrent.atomic=ALL-UNNAMED -Xmx2048m -Dfile.encoding=UTF-8 -Duser.country=KR -Duser.language=ko -Duser.variant 
java_command: org.gradle.launcher.daemon.bootstrap.GradleDaemon 7.0.2
java_class_path (initial): C:\Users\user\.gradle\wrapper\dists\gradle-7.0.2-bin\857tjihv64xamwrf0h14cai3r\gradle-7.0.2\lib\gradle-launcher-7.0.2.jar
Launcher Type: SUN_STANDARD

[Global flags]
     intx CICompilerCount                          = 4                                         {product} {ergonomic}
     uint ConcGCThreads                            = 3                                         {product} {ergonomic}
     uint G1ConcRefinementThreads                  = 10                                        {product} {ergonomic}
   size_t G1HeapRegionSize                         = 1048576                                   {product} {ergonomic}
    uintx GCDrainStackTargetSize                   = 64                                        {product} {ergonomic}
   size_t InitialHeapSize                          = 268435456                                 {product} {ergonomic}
   size_t MarkStackSize                            = 4194304                                   {product} {ergonomic}
   size_t MaxHeapSize                              = 2147483648                                {product} {command line}
   size_t MaxNewSize                               = 1287651328                                {product} {ergonomic}
   size_t MinHeapDeltaBytes                        = 1048576                                   {product} {ergonomic}
    uintx NonNMethodCodeHeapSize                   = 5836300                                {pd product} {ergonomic}
    uintx NonProfiledCodeHeapSize                  = 122910970                              {pd product} {ergonomic}
    uintx ProfiledCodeHeapSize                     = 122910970                              {pd product} {ergonomic}
    uintx ReservedCodeCacheSize                    = 251658240                              {pd product} {ergonomic}
     bool SegmentedCodeCache                       = true                                      {product} {ergonomic}
     bool UseCompressedClassPointers               = true                                 {lp64_product} {ergonomic}
     bool UseCompressedOops                        = true                                 {lp64_product} {ergonomic}
     bool UseG1GC                                  = true                                      {product} {ergonomic}
     bool UseLargePagesIndividualAllocation        = false                                  {pd product} {ergonomic}

Logging:
Log output configuration:
 #0: stdout all=warning uptime,level,tags
 #1: stderr all=off uptime,level,tags

Environment Variables:
JAVA_HOME=C:\Program Files\Java\jre1.8.0_301
PATH=C:\Program Files\National Instruments\Shared\OpenVINO\;C:\xampp\mysql\bin;C:\Program Files (x86)\Common Files\Oracle\Java\javapath;C:\ProgramData\Anaconda3;C:\ProgramData\Anaconda3\Library\mingw-w64\bin;C:\ProgramData\Anaconda3\Library\usr\bin;C:\ProgramData\Anaconda3\Library\bin;C:\ProgramData\Anaconda3\Scripts;C:\Windows\system32;C:\Windows;C:\Windows\System32\Wbem;C:\Windows\System32\WindowsPowerShell\v1.0\;C:\Program Files\NVIDIA Corporation\NVIDIA NvDLISR;C:\WINDOWS\system32;C:\WINDOWS;C:\WINDOWS\System32\Wbem;C:\WINDOWS\System32\WindowsPowerShell\v1.0\;C:\WINDOWS\System32\OpenSSH\;C:\Program Files (x86)\NVIDIA Corporation\PhysX\Common;C:\WINDOWS\system32;C:\WINDOWS;C:\WINDOWS\System32\Wbem;C:\WINDOWS\System32\WindowsPowerShell\v1.0\;C:\WINDOWS\System32\OpenSSH\;C:\Program Files\Wolfram Research\WolframScript\;C:\MinGW\bin;C:\Program Files\nodejs\;C:\Program Files\PuTTY\;C:\Program Files\Git\cmd;C:\Program Files (x86)\IVI Foundation\VISA\WinNT\Bin\;C:\Program Files\IVI Foundation\VISA\Win64\Bin\;C:\Program Files (x86)\National Instruments\Shared\LabVIEW CLI;C:\Program Files (x86)\IVI Foundation\IVI\bin;C:\Program Files\IVI Foundation\IVI\bin;C:\Program Files (x86)\IVI Foundation\VISA\WinNT\Bin;C:\Users\user\AppData\Local\Programs\Python\Python39\Scripts\;C:\Users\user\AppData\Local\Programs\Python\Python39\;C:\Users\user\AppData\Local\Microsoft\WindowsApps;C:\Program Files\JetBrains\PyCharm Community Edition 2020.3.3\bin;;C:\Program Files\JetBrains\IntelliJ IDEA Community Edition 2020.3.2\bin;;C:\Users\user\AppData\Roaming\npm;C:\Users\user\AppData\Local\Programs\Microsoft VS Code\bin;C:\Users\user\AppData\Local\GitHubDesktop\bin;
USERNAME=user
OS=Windows_NT
PROCESSOR_IDENTIFIER=AMD64 Family 25 Model 33 Stepping 0, AuthenticAMD



---------------  S Y S T E M  ---------------

OS: Windows 10 , 64 bit Build 22000 (10.0.22000.434)
OS uptime: 0 days 5:56 hours

CPU:total 12 (initial active 12) (12 cores per cpu, 2 threads per core) family 25 model 33 stepping 0 microcode 0x0, cmov, cx8, fxsr, mmx, sse, sse2, sse3, ssse3, sse4.1, sse4.2, popcnt, avx, avx2, aes, clmul, erms, mmxext, 3dnowpref, lzcnt, sse4a, ht, tsc, tscinvbit, tscinv, bmi1, bmi2,

Memory: 4k page, system-wide physical 16310M (3155M free)
TotalPageFile size 24502M (AvailPageFile size 5M)
current process WorkingSet (physical memory assigned to process): 487M, peak: 529M
current process commit charge ("private bytes"): 559M, peak: 588M

vm_info: OpenJDK 64-Bit Server VM (11.0.10+0-b96-7249189) for windows-amd64 JRE (11.0.10+0-b96-7249189), built on Mar 31 2021 21:44:00 by "builder" with MS VC++ 14.0 (VS2015)

END.
