#
# There is insufficient memory for the Java Runtime Environment to continue.
# Native memory allocation (mmap) failed to map 65011712 bytes for Failed to commit area from 0x0000000714600000 to 0x0000000718400000 of length 65011712.
# Possible reasons:
#   The system is out of physical RAM or swap space
#   The process is running with CompressedOops enabled, and the Java Heap may be blocking the growth of the native heap
# Possible solutions:
#   Reduce memory load on the system
#   Increase physical memory or swap space
#   Check if swap backing store is full
#   Decrease Java heap size (-Xmx/-Xms)
#   Decrease number of Java threads
#   Decrease Java thread stack sizes (-Xss)
#   Set larger code cache with -XX:ReservedCodeCacheSize=
#   JVM is running with Zero Based Compressed Oops mode in which the Java heap is
#     placed in the first 32GB address space. The Java Heap base address is the
#     maximum limit for the native heap growth. Please use -XX:HeapBaseMinAddress
#     to set the Java Heap base and to place the Java Heap above 32GB virtual address.
# This output file may be truncated or incomplete.
#
#  Out of Memory Error (./src/hotspot/os/windows/os_windows.cpp:3301), pid=35568, tid=30696
#
# JRE version: OpenJDK Runtime Environment (11.0.10) (build 11.0.10+0-b96-7249189)
# Java VM: OpenJDK 64-Bit Server VM (11.0.10+0-b96-7249189, mixed mode, tiered, compressed oops, g1 gc, windows-amd64)
# No core dump will be written. Minidumps are not enabled by default on client versions of Windows
#

---------------  S U M M A R Y ------------

Command Line: org.jetbrains.kotlin.cli.jvm.K2JVMCompiler @C:\Users\user\coding\android\project\app\build\20220122_15028097591849294265.compiler.options

Host: AMD Ryzen 5 5600X 6-Core Processor             , 12 cores, 15G,  Windows 10 , 64 bit Build 22000 (10.0.22000.434)
Time: Sat Jan 22 22:40:44 2022 대한민국 표준시 elapsed time: 8.062618 seconds (0d 0h 0m 8s)

---------------  T H R E A D  ---------------

Current thread (0x000002238c788000):  VMThread "VM Thread" [stack: 0x000000fbd7d00000,0x000000fbd7e00000] [id=30696]

Stack: [0x000000fbd7d00000,0x000000fbd7e00000]
[error occurred during error reporting (printing stack bounds), id 0xc0000005, EXCEPTION_ACCESS_VIOLATION (0xc0000005) at pc=0x00000223efc50f2d]

Native frames: (J=compiled Java code, j=interpreted, Vv=VM code, C=native code)
V  [jvm.dll+0x5ecfaa]
V  [jvm.dll+0x722bd5]
V  [jvm.dll+0x72412d]
V  [jvm.dll+0x724745]
V  [jvm.dll+0x7246fb]
V  [jvm.dll+0x5ec348]
V  [jvm.dll+0x5ecad8]
C  [ntdll.dll+0xa82ff]
C  [ntdll.dll+0x35a0a]
C  [ntdll.dll+0xa730e]
C  0x00000223efc50f2d

VM_Operation (0x000000fbd77fde60): G1CollectForAllocation, mode: safepoint, requested by thread 0x00000223ea94f800


---------------  P R O C E S S  ---------------

Threads class SMR info:
_java_thread_list=0x000002238c97cf50, length=12, elements={
0x00000223ea94f800, 0x000002238bed0000, 0x000002238bebe000, 0x000002238c7e7800,
0x000002238c7e9000, 0x000002238c7ea000, 0x000002238c7f7800, 0x000002238c7fc000,
0x000002238c807000, 0x000002238c976800, 0x000002238c987800, 0x000002238c9bd000
}

Java Threads: ( => current thread )
  0x00000223ea94f800 JavaThread "main" [_thread_blocked, id=36172, stack(0x000000fbd7700000,0x000000fbd7800000)]
  0x000002238bed0000 JavaThread "Reference Handler" daemon [_thread_blocked, id=28800, stack(0x000000fbd7e00000,0x000000fbd7f00000)]
  0x000002238bebe000 JavaThread "Finalizer" daemon [_thread_blocked, id=12476, stack(0x000000fbd7f00000,0x000000fbd8000000)]
  0x000002238c7e7800 JavaThread "Signal Dispatcher" daemon [_thread_blocked, id=8540, stack(0x000000fbd8000000,0x000000fbd8100000)]
  0x000002238c7e9000 JavaThread "Attach Listener" daemon [_thread_blocked, id=35516, stack(0x000000fbd8100000,0x000000fbd8200000)]
  0x000002238c7ea000 JavaThread "Service Thread" daemon [_thread_blocked, id=36332, stack(0x000000fbd8200000,0x000000fbd8300000)]
  0x000002238c7f7800 JavaThread "C2 CompilerThread0" daemon [_thread_in_native, id=32224, stack(0x000000fbd8300000,0x000000fbd8400000)]
  0x000002238c7fc000 JavaThread "C1 CompilerThread0" daemon [_thread_blocked, id=16064, stack(0x000000fbd8400000,0x000000fbd8500000)]
  0x000002238c807000 JavaThread "Sweeper thread" daemon [_thread_blocked, id=31320, stack(0x000000fbd8500000,0x000000fbd8600000)]
  0x000002238c976800 JavaThread "Common-Cleaner" daemon [_thread_blocked, id=34320, stack(0x000000fbd8700000,0x000000fbd8800000)]
  0x000002238c987800 JavaThread "C2 CompilerThread1" daemon [_thread_blocked, id=34688, stack(0x000000fbd8800000,0x000000fbd8900000)]
  0x000002238c9bd000 JavaThread "C2 CompilerThread2" daemon [_thread_blocked, id=30292, stack(0x000000fbd8900000,0x000000fbd8a00000)]

Other Threads:
=>0x000002238c788000 VMThread "VM Thread" [stack: 0x000000fbd7d00000,0x000000fbd7e00000] [id=30696]
  0x000002238c986800 WatcherThread [stack: 0x000000fbd8600000,0x000000fbd8700000] [id=34628]
  0x00000223ea967800 GCTaskThread "GC Thread#0" [stack: 0x000000fbd7800000,0x000000fbd7900000] [id=35772]
  0x000002238cff1000 GCTaskThread "GC Thread#1" [stack: 0x000000fbd8a00000,0x000000fbd8b00000] [id=36008]
  0x000002238cffe800 GCTaskThread "GC Thread#2" [stack: 0x000000fbd8b00000,0x000000fbd8c00000] [id=25280]
  0x000002238cfff000 GCTaskThread "GC Thread#3" [stack: 0x000000fbd8c00000,0x000000fbd8d00000] [id=22048]
  0x000002238d00b800 GCTaskThread "GC Thread#4" [stack: 0x000000fbd8d00000,0x000000fbd8e00000] [id=36144]
  0x000002238d00c800 GCTaskThread "GC Thread#5" [stack: 0x000000fbd8e00000,0x000000fbd8f00000] [id=34388]
  0x00000223917b0800 GCTaskThread "GC Thread#6" [stack: 0x000000fbd9200000,0x000000fbd9300000] [id=14012]
  0x00000223ea9c4000 ConcurrentGCThread "G1 Main Marker" [stack: 0x000000fbd7900000,0x000000fbd7a00000] [id=27084]
  0x00000223ea9c5000 ConcurrentGCThread "G1 Conc#0" [stack: 0x000000fbd7a00000,0x000000fbd7b00000] [id=36384]
  0x000002238d01f000 ConcurrentGCThread "G1 Conc#1" [stack: 0x000000fbd8f00000,0x000000fbd9000000] [id=32960]
  0x000002238d24f800 ConcurrentGCThread "G1 Conc#2" [stack: 0x000000fbd9000000,0x000000fbd9100000] [id=16548]
  0x000002238bdab800 ConcurrentGCThread "G1 Refine#0" [stack: 0x000000fbd7b00000,0x000000fbd7c00000] [id=13844]
  0x000002238da7b800 ConcurrentGCThread "G1 Refine#1" [stack: 0x000000fbd9100000,0x000000fbd9200000] [id=22992]
  0x00000223943fe000 ConcurrentGCThread "G1 Refine#2" [stack: 0x000000fbd9300000,0x000000fbd9400000] [id=27832]
  0x000002238e43b000 ConcurrentGCThread "G1 Refine#3" [stack: 0x000000fbd9400000,0x000000fbd9500000] [id=23464]
  0x000002238bdac800 ConcurrentGCThread "G1 Young RemSet Sampling" [stack: 0x000000fbd7c00000,0x000000fbd7d00000] [id=30724]

Threads with active compile tasks:
C2 CompilerThread0   8071 13276       4       org.jetbrains.kotlin.resolve.calls.tower.TowerResolver$Task::run (336 bytes)
C2 CompilerThread1   8071 13529       4       org.jetbrains.kotlin.cfg.pseudocodeTraverser.PseudocodeTraverserKt::traverse (88 bytes)
C2 CompilerThread2   8071 13489       4       org.jetbrains.kotlin.cfg.variable.PseudocodeVariableDataCollector$computeBlockScopeVariableInfo$1::invoke (12 bytes)

VM state:at safepoint (normal execution)

VM Mutex/Monitor currently owned by a thread:  ([mutex/lock_event])
[0x00000223ea944820] Threads_lock - owner thread: 0x000002238c788000
[0x00000223ea94e320] Heap_lock - owner thread: 0x00000223ea94f800

Heap address: 0x0000000701200000, size: 4078 MB, Compressed Oops mode: Zero based, Oop shift amount: 3
Narrow klass base: 0x0000000800000000, Narrow klass shift: 0
Compressed class space size: 1073741824 Address: 0x0000000800000000

Heap:
 garbage-first heap   total 378880K, used 85862K [0x0000000701200000, 0x0000000800000000)
  region size 1024K, 13 young (13312K), 13 survivors (13312K)
 Metaspace       used 69775K, capacity 71021K, committed 71120K, reserved 1112064K
  class space    used 7576K, capacity 8009K, committed 8064K, reserved 1048576K
Heap Regions: E=young(eden), S=young(survivor), O=old, HS=humongous(starts), HC=humongous(continues), CS=collection set, F=free, A=archive, TAMS=top-at-mark-start (previous, next)
|   0|0x0000000701200000, 0x0000000701300000, 0x0000000701300000|100%|HS|  |TAMS 0x0000000701300000, 0x0000000701200000| Complete 
|   1|0x0000000701300000, 0x0000000701400000, 0x0000000701400000|100%|HC|  |TAMS 0x0000000701400000, 0x0000000701300000| Complete 
|   2|0x0000000701400000, 0x0000000701500000, 0x0000000701500000|100%|HC|  |TAMS 0x0000000701500000, 0x0000000701400000| Complete 
|   3|0x0000000701500000, 0x0000000701600000, 0x0000000701600000|100%|HS|  |TAMS 0x0000000701600000, 0x0000000701500000| Complete 
|   4|0x0000000701600000, 0x0000000701700000, 0x0000000701700000|100%|HC|  |TAMS 0x0000000701700000, 0x0000000701600000| Complete 
|   5|0x0000000701700000, 0x0000000701800000, 0x0000000701800000|100%|HC|  |TAMS 0x0000000701800000, 0x0000000701700000| Complete 
|   6|0x0000000701800000, 0x0000000701900000, 0x0000000701900000|100%| O|  |TAMS 0x0000000701900000, 0x0000000701800000| Untracked 
|   7|0x0000000701900000, 0x0000000701a00000, 0x0000000701a00000|100%| O|  |TAMS 0x0000000701a00000, 0x0000000701900000| Untracked 
|   8|0x0000000701a00000, 0x0000000701b00000, 0x0000000701b00000|100%| O|  |TAMS 0x0000000701b00000, 0x0000000701a00000| Untracked 
|   9|0x0000000701b00000, 0x0000000701c00000, 0x0000000701c00000|100%| O|  |TAMS 0x0000000701c00000, 0x0000000701b00000| Untracked 
|  10|0x0000000701c00000, 0x0000000701d00000, 0x0000000701d00000|100%| O|  |TAMS 0x0000000701d00000, 0x0000000701c00000| Untracked 
|  11|0x0000000701d00000, 0x0000000701e00000, 0x0000000701e00000|100%| O|  |TAMS 0x0000000701e00000, 0x0000000701d00000| Untracked 
|  12|0x0000000701e00000, 0x0000000701f00000, 0x0000000701f00000|100%| O|  |TAMS 0x0000000701f00000, 0x0000000701e00000| Untracked 
|  13|0x0000000701f00000, 0x0000000702000000, 0x0000000702000000|100%| O|  |TAMS 0x0000000702000000, 0x0000000701f00000| Untracked 
|  14|0x0000000702000000, 0x0000000702100000, 0x0000000702100000|100%| O|  |TAMS 0x0000000702100000, 0x0000000702000000| Untracked 
|  15|0x0000000702100000, 0x0000000702200000, 0x0000000702200000|100%| O|  |TAMS 0x0000000702200000, 0x0000000702100000| Untracked 
|  16|0x0000000702200000, 0x0000000702300000, 0x0000000702300000|100%| O|  |TAMS 0x0000000702300000, 0x0000000702200000| Untracked 
|  17|0x0000000702300000, 0x0000000702400000, 0x0000000702400000|100%| O|  |TAMS 0x0000000702400000, 0x0000000702300000| Untracked 
|  18|0x0000000702400000, 0x0000000702500000, 0x0000000702500000|100%| O|  |TAMS 0x0000000702500000, 0x0000000702400000| Untracked 
|  19|0x0000000702500000, 0x0000000702600000, 0x0000000702600000|100%|HS|  |TAMS 0x0000000702600000, 0x0000000702500000| Complete 
|  20|0x0000000702600000, 0x0000000702700000, 0x0000000702700000|100%|HC|  |TAMS 0x0000000702700000, 0x0000000702600000| Complete 
|  21|0x0000000702700000, 0x0000000702800000, 0x0000000702800000|100%| O|  |TAMS 0x0000000702800000, 0x0000000702700000| Untracked 
|  22|0x0000000702800000, 0x0000000702900000, 0x0000000702900000|100%| O|  |TAMS 0x0000000702900000, 0x0000000702800000| Untracked 
|  23|0x0000000702900000, 0x0000000702a00000, 0x0000000702a00000|100%| O|  |TAMS 0x0000000702a00000, 0x0000000702900000| Untracked 
|  24|0x0000000702a00000, 0x0000000702b00000, 0x0000000702b00000|100%| O|  |TAMS 0x0000000702b00000, 0x0000000702a00000| Untracked 
|  25|0x0000000702b00000, 0x0000000702c00000, 0x0000000702c00000|100%| O|  |TAMS 0x0000000702c00000, 0x0000000702b00000| Untracked 
|  26|0x0000000702c00000, 0x0000000702d00000, 0x0000000702d00000|100%| O|  |TAMS 0x0000000702d00000, 0x0000000702c00000| Untracked 
|  27|0x0000000702d00000, 0x0000000702e00000, 0x0000000702e00000|100%| O|  |TAMS 0x0000000702e00000, 0x0000000702d00000| Untracked 
|  28|0x0000000702e00000, 0x0000000702f00000, 0x0000000702f00000|100%| O|  |TAMS 0x0000000702f00000, 0x0000000702e00000| Untracked 
|  29|0x0000000702f00000, 0x0000000703000000, 0x0000000703000000|100%| O|  |TAMS 0x0000000703000000, 0x0000000702f00000| Untracked 
|  30|0x0000000703000000, 0x0000000703100000, 0x0000000703100000|100%| O|  |TAMS 0x0000000703100000, 0x0000000703000000| Untracked 
|  31|0x0000000703100000, 0x0000000703200000, 0x0000000703200000|100%| O|  |TAMS 0x0000000703200000, 0x0000000703100000| Untracked 
|  32|0x0000000703200000, 0x0000000703300000, 0x0000000703300000|100%| O|  |TAMS 0x0000000703300000, 0x0000000703200000| Untracked 
|  33|0x0000000703300000, 0x0000000703400000, 0x0000000703400000|100%| O|  |TAMS 0x0000000703400000, 0x0000000703300000| Untracked 
|  34|0x0000000703400000, 0x0000000703500000, 0x0000000703500000|100%| O|  |TAMS 0x0000000703500000, 0x0000000703400000| Untracked 
|  35|0x0000000703500000, 0x0000000703600000, 0x0000000703600000|100%| O|  |TAMS 0x0000000703600000, 0x0000000703500000| Untracked 
|  36|0x0000000703600000, 0x0000000703700000, 0x0000000703700000|100%| O|  |TAMS 0x0000000703700000, 0x0000000703600000| Untracked 
|  37|0x0000000703700000, 0x0000000703800000, 0x0000000703800000|100%| O|  |TAMS 0x0000000703800000, 0x0000000703700000| Untracked 
|  38|0x0000000703800000, 0x0000000703900000, 0x0000000703900000|100%| O|  |TAMS 0x0000000703900000, 0x0000000703800000| Untracked 
|  39|0x0000000703900000, 0x0000000703a00000, 0x0000000703a00000|100%| O|  |TAMS 0x0000000703a00000, 0x0000000703900000| Untracked 
|  40|0x0000000703a00000, 0x0000000703b00000, 0x0000000703b00000|100%| O|  |TAMS 0x0000000703b00000, 0x0000000703a00000| Untracked 
|  41|0x0000000703b00000, 0x0000000703c00000, 0x0000000703c00000|100%| O|  |TAMS 0x0000000703c00000, 0x0000000703b00000| Untracked 
|  42|0x0000000703c00000, 0x0000000703d00000, 0x0000000703d00000|100%| O|  |TAMS 0x0000000703d00000, 0x0000000703c00000| Untracked 
|  43|0x0000000703d00000, 0x0000000703e00000, 0x0000000703e00000|100%| O|  |TAMS 0x0000000703e00000, 0x0000000703d00000| Untracked 
|  44|0x0000000703e00000, 0x0000000703f00000, 0x0000000703f00000|100%| O|  |TAMS 0x0000000703f00000, 0x0000000703e00000| Untracked 
|  45|0x0000000703f00000, 0x0000000704000000, 0x0000000704000000|100%| O|  |TAMS 0x0000000704000000, 0x0000000703f00000| Untracked 
|  46|0x0000000704000000, 0x0000000704100000, 0x0000000704100000|100%| O|  |TAMS 0x0000000704100000, 0x0000000704000000| Untracked 
|  47|0x0000000704100000, 0x0000000704200000, 0x0000000704200000|100%| O|  |TAMS 0x0000000704200000, 0x0000000704100000| Untracked 
|  48|0x0000000704200000, 0x0000000704300000, 0x0000000704300000|100%| O|  |TAMS 0x0000000704300000, 0x0000000704200000| Untracked 
|  49|0x0000000704300000, 0x0000000704400000, 0x0000000704400000|100%| O|  |TAMS 0x0000000704400000, 0x0000000704300000| Untracked 
|  50|0x0000000704400000, 0x0000000704500000, 0x0000000704500000|100%| O|  |TAMS 0x0000000704500000, 0x0000000704400000| Untracked 
|  51|0x0000000704500000, 0x0000000704600000, 0x0000000704600000|100%| O|  |TAMS 0x0000000704600000, 0x0000000704500000| Untracked 
|  52|0x0000000704600000, 0x0000000704700000, 0x0000000704700000|100%|HS|  |TAMS 0x0000000704600000, 0x0000000704600000| Complete 
|  53|0x0000000704700000, 0x0000000704800000, 0x0000000704800000|100%|HC|  |TAMS 0x0000000704700000, 0x0000000704700000| Complete 
|  54|0x0000000704800000, 0x0000000704900000, 0x0000000704900000|100%| O|  |TAMS 0x0000000704800000, 0x0000000704800000| Untracked 
|  55|0x0000000704900000, 0x0000000704900000, 0x0000000704a00000|  0%| F|  |TAMS 0x0000000704900000, 0x0000000704900000| Untracked 
|  56|0x0000000704a00000, 0x0000000704b00000, 0x0000000704b00000|100%| O|  |TAMS 0x0000000704a00000, 0x0000000704a00000| Untracked 
|  57|0x0000000704b00000, 0x0000000704c00000, 0x0000000704c00000|100%| O|  |TAMS 0x0000000704b00000, 0x0000000704b00000| Untracked 
|  58|0x0000000704c00000, 0x0000000704d00000, 0x0000000704d00000|100%| O|  |TAMS 0x0000000704c00000, 0x0000000704c00000| Untracked 
|  59|0x0000000704d00000, 0x0000000704e00000, 0x0000000704e00000|100%| O|  |TAMS 0x0000000704d00000, 0x0000000704d00000| Untracked 
|  60|0x0000000704e00000, 0x0000000704f00000, 0x0000000704f00000|100%| O|  |TAMS 0x0000000704e00000, 0x0000000704e00000| Untracked 
|  61|0x0000000704f00000, 0x0000000705000000, 0x0000000705000000|100%| O|  |TAMS 0x0000000704f00000, 0x0000000704f00000| Untracked 
|  62|0x0000000705000000, 0x0000000705100000, 0x0000000705100000|100%| O|  |TAMS 0x0000000705000000, 0x0000000705000000| Untracked 
|  63|0x0000000705100000, 0x0000000705200000, 0x0000000705200000|100%| O|  |TAMS 0x0000000705100000, 0x0000000705100000| Untracked 
|  64|0x0000000705200000, 0x0000000705300000, 0x0000000705300000|100%| O|  |TAMS 0x0000000705200000, 0x0000000705200000| Untracked 
|  65|0x0000000705300000, 0x0000000705400000, 0x0000000705400000|100%| O|  |TAMS 0x0000000705300000, 0x0000000705300000| Untracked 
|  66|0x0000000705400000, 0x0000000705500000, 0x0000000705500000|100%| O|  |TAMS 0x0000000705400000, 0x0000000705400000| Untracked 
|  67|0x0000000705500000, 0x0000000705600000, 0x0000000705600000|100%| O|  |TAMS 0x0000000705500000, 0x0000000705500000| Untracked 
|  68|0x0000000705600000, 0x0000000705700000, 0x0000000705700000|100%| O|  |TAMS 0x0000000705600000, 0x0000000705600000| Untracked 
|  69|0x0000000705700000, 0x0000000705800000, 0x0000000705800000|100%| O|  |TAMS 0x0000000705700000, 0x0000000705700000| Untracked 
|  70|0x0000000705800000, 0x0000000705900000, 0x0000000705900000|100%| O|  |TAMS 0x0000000705800000, 0x0000000705800000| Untracked 
|  71|0x0000000705900000, 0x00000007059d9800, 0x0000000705a00000| 84%| O|  |TAMS 0x0000000705900000, 0x0000000705900000| Untracked 
|  72|0x0000000705a00000, 0x0000000705a00000, 0x0000000705b00000|  0%| F|  |TAMS 0x0000000705a00000, 0x0000000705a00000| Untracked 
|  73|0x0000000705b00000, 0x0000000705b00000, 0x0000000705c00000|  0%| F|  |TAMS 0x0000000705b00000, 0x0000000705b00000| Untracked 
|  74|0x0000000705c00000, 0x0000000705c00000, 0x0000000705d00000|  0%| F|  |TAMS 0x0000000705c00000, 0x0000000705c00000| Untracked 
|  75|0x0000000705d00000, 0x0000000705d00000, 0x0000000705e00000|  0%| F|  |TAMS 0x0000000705d00000, 0x0000000705d00000| Untracked 
|  76|0x0000000705e00000, 0x0000000705e00000, 0x0000000705f00000|  0%| F|  |TAMS 0x0000000705e00000, 0x0000000705e00000| Untracked 
|  77|0x0000000705f00000, 0x0000000705f00000, 0x0000000706000000|  0%| F|  |TAMS 0x0000000705f00000, 0x0000000705f00000| Untracked 
|  78|0x0000000706000000, 0x0000000706000000, 0x0000000706100000|  0%| F|  |TAMS 0x0000000706000000, 0x0000000706000000| Untracked 
|  79|0x0000000706100000, 0x0000000706100000, 0x0000000706200000|  0%| F|  |TAMS 0x0000000706100000, 0x0000000706100000| Untracked 
|  80|0x0000000706200000, 0x0000000706200000, 0x0000000706300000|  0%| F|  |TAMS 0x0000000706200000, 0x0000000706200000| Untracked 
|  81|0x0000000706300000, 0x0000000706300000, 0x0000000706400000|  0%| F|  |TAMS 0x0000000706300000, 0x0000000706300000| Untracked 
|  82|0x0000000706400000, 0x0000000706400000, 0x0000000706500000|  0%| F|  |TAMS 0x0000000706400000, 0x0000000706400000| Untracked 
|  83|0x0000000706500000, 0x0000000706500000, 0x0000000706600000|  0%| F|  |TAMS 0x0000000706500000, 0x0000000706500000| Untracked 
|  84|0x0000000706600000, 0x0000000706600000, 0x0000000706700000|  0%| F|  |TAMS 0x0000000706600000, 0x0000000706600000| Untracked 
|  85|0x0000000706700000, 0x0000000706700000, 0x0000000706800000|  0%| F|  |TAMS 0x0000000706700000, 0x0000000706700000| Untracked 
|  86|0x0000000706800000, 0x0000000706800000, 0x0000000706900000|  0%| F|  |TAMS 0x0000000706800000, 0x0000000706800000| Untracked 
|  87|0x0000000706900000, 0x0000000706900000, 0x0000000706a00000|  0%| F|  |TAMS 0x0000000706900000, 0x0000000706900000| Untracked 
|  88|0x0000000706a00000, 0x0000000706a00000, 0x0000000706b00000|  0%| F|  |TAMS 0x0000000706a00000, 0x0000000706a00000| Untracked 
|  89|0x0000000706b00000, 0x0000000706b00000, 0x0000000706c00000|  0%| F|  |TAMS 0x0000000706b00000, 0x0000000706b00000| Untracked 
|  90|0x0000000706c00000, 0x0000000706c00000, 0x0000000706d00000|  0%| F|  |TAMS 0x0000000706c00000, 0x0000000706c00000| Untracked 
|  91|0x0000000706d00000, 0x0000000706d00000, 0x0000000706e00000|  0%| F|  |TAMS 0x0000000706d00000, 0x0000000706d00000| Untracked 
|  92|0x0000000706e00000, 0x0000000706e00000, 0x0000000706f00000|  0%| F|  |TAMS 0x0000000706e00000, 0x0000000706e00000| Untracked 
|  93|0x0000000706f00000, 0x0000000706f00000, 0x0000000707000000|  0%| F|  |TAMS 0x0000000706f00000, 0x0000000706f00000| Untracked 
|  94|0x0000000707000000, 0x0000000707000000, 0x0000000707100000|  0%| F|  |TAMS 0x0000000707000000, 0x0000000707000000| Untracked 
|  95|0x0000000707100000, 0x0000000707100000, 0x0000000707200000|  0%| F|  |TAMS 0x0000000707100000, 0x0000000707100000| Untracked 
|  96|0x0000000707200000, 0x0000000707200000, 0x0000000707300000|  0%| F|  |TAMS 0x0000000707200000, 0x0000000707200000| Untracked 
|  97|0x0000000707300000, 0x0000000707300000, 0x0000000707400000|  0%| F|  |TAMS 0x0000000707300000, 0x0000000707300000| Untracked 
|  98|0x0000000707400000, 0x0000000707400000, 0x0000000707500000|  0%| F|  |TAMS 0x0000000707400000, 0x0000000707400000| Untracked 
|  99|0x0000000707500000, 0x0000000707500000, 0x0000000707600000|  0%| F|  |TAMS 0x0000000707500000, 0x0000000707500000| Untracked 
| 100|0x0000000707600000, 0x0000000707600000, 0x0000000707700000|  0%| F|  |TAMS 0x0000000707600000, 0x0000000707600000| Untracked 
| 101|0x0000000707700000, 0x0000000707700000, 0x0000000707800000|  0%| F|  |TAMS 0x0000000707700000, 0x0000000707700000| Untracked 
| 102|0x0000000707800000, 0x0000000707800000, 0x0000000707900000|  0%| F|  |TAMS 0x0000000707800000, 0x0000000707800000| Untracked 
| 103|0x0000000707900000, 0x0000000707900000, 0x0000000707a00000|  0%| F|  |TAMS 0x0000000707900000, 0x0000000707900000| Untracked 
| 104|0x0000000707a00000, 0x0000000707a00000, 0x0000000707b00000|  0%| F|  |TAMS 0x0000000707a00000, 0x0000000707a00000| Untracked 
| 105|0x0000000707b00000, 0x0000000707b00000, 0x0000000707c00000|  0%| F|  |TAMS 0x0000000707b00000, 0x0000000707b00000| Untracked 
| 106|0x0000000707c00000, 0x0000000707c00000, 0x0000000707d00000|  0%| F|  |TAMS 0x0000000707c00000, 0x0000000707c00000| Untracked 
| 107|0x0000000707d00000, 0x0000000707d00000, 0x0000000707e00000|  0%| F|  |TAMS 0x0000000707d00000, 0x0000000707d00000| Untracked 
| 108|0x0000000707e00000, 0x0000000707e00000, 0x0000000707f00000|  0%| F|  |TAMS 0x0000000707e00000, 0x0000000707e00000| Untracked 
| 109|0x0000000707f00000, 0x0000000707f00000, 0x0000000708000000|  0%| F|  |TAMS 0x0000000707f00000, 0x0000000707f00000| Untracked 
| 110|0x0000000708000000, 0x0000000708000000, 0x0000000708100000|  0%| F|  |TAMS 0x0000000708000000, 0x0000000708000000| Untracked 
| 111|0x0000000708100000, 0x0000000708100000, 0x0000000708200000|  0%| F|  |TAMS 0x0000000708100000, 0x0000000708100000| Untracked 
| 112|0x0000000708200000, 0x0000000708200000, 0x0000000708300000|  0%| F|  |TAMS 0x0000000708200000, 0x0000000708200000| Untracked 
| 113|0x0000000708300000, 0x0000000708300000, 0x0000000708400000|  0%| F|  |TAMS 0x0000000708300000, 0x0000000708300000| Untracked 
| 114|0x0000000708400000, 0x0000000708400000, 0x0000000708500000|  0%| F|  |TAMS 0x0000000708400000, 0x0000000708400000| Untracked 
| 115|0x0000000708500000, 0x0000000708500000, 0x0000000708600000|  0%| F|  |TAMS 0x0000000708500000, 0x0000000708500000| Untracked 
| 116|0x0000000708600000, 0x0000000708600000, 0x0000000708700000|  0%| F|  |TAMS 0x0000000708600000, 0x0000000708600000| Untracked 
| 117|0x0000000708700000, 0x0000000708700000, 0x0000000708800000|  0%| F|  |TAMS 0x0000000708700000, 0x0000000708700000| Untracked 
| 118|0x0000000708800000, 0x0000000708800000, 0x0000000708900000|  0%| F|  |TAMS 0x0000000708800000, 0x0000000708800000| Untracked 
| 119|0x0000000708900000, 0x0000000708900000, 0x0000000708a00000|  0%| F|  |TAMS 0x0000000708900000, 0x0000000708900000| Untracked 
| 120|0x0000000708a00000, 0x0000000708a00000, 0x0000000708b00000|  0%| F|  |TAMS 0x0000000708a00000, 0x0000000708a00000| Untracked 
| 121|0x0000000708b00000, 0x0000000708b00000, 0x0000000708c00000|  0%| F|  |TAMS 0x0000000708b00000, 0x0000000708b00000| Untracked 
| 122|0x0000000708c00000, 0x0000000708c00000, 0x0000000708d00000|  0%| F|  |TAMS 0x0000000708c00000, 0x0000000708c00000| Untracked 
| 123|0x0000000708d00000, 0x0000000708d00000, 0x0000000708e00000|  0%| F|  |TAMS 0x0000000708d00000, 0x0000000708d00000| Untracked 
| 124|0x0000000708e00000, 0x0000000708e00000, 0x0000000708f00000|  0%| F|  |TAMS 0x0000000708e00000, 0x0000000708e00000| Untracked 
| 125|0x0000000708f00000, 0x0000000708f00000, 0x0000000709000000|  0%| F|  |TAMS 0x0000000708f00000, 0x0000000708f00000| Untracked 
| 126|0x0000000709000000, 0x0000000709000000, 0x0000000709100000|  0%| F|  |TAMS 0x0000000709000000, 0x0000000709000000| Untracked 
| 127|0x0000000709100000, 0x0000000709100000, 0x0000000709200000|  0%| F|  |TAMS 0x0000000709100000, 0x0000000709100000| Untracked 
| 128|0x0000000709200000, 0x0000000709200000, 0x0000000709300000|  0%| F|  |TAMS 0x0000000709200000, 0x0000000709200000| Untracked 
| 129|0x0000000709300000, 0x0000000709300000, 0x0000000709400000|  0%| F|  |TAMS 0x0000000709300000, 0x0000000709300000| Untracked 
| 130|0x0000000709400000, 0x0000000709400000, 0x0000000709500000|  0%| F|  |TAMS 0x0000000709400000, 0x0000000709400000| Untracked 
| 131|0x0000000709500000, 0x0000000709500000, 0x0000000709600000|  0%| F|  |TAMS 0x0000000709500000, 0x0000000709500000| Untracked 
| 132|0x0000000709600000, 0x0000000709600000, 0x0000000709700000|  0%| F|  |TAMS 0x0000000709600000, 0x0000000709600000| Untracked 
| 133|0x0000000709700000, 0x0000000709700000, 0x0000000709800000|  0%| F|  |TAMS 0x0000000709700000, 0x0000000709700000| Untracked 
| 134|0x0000000709800000, 0x0000000709800000, 0x0000000709900000|  0%| F|  |TAMS 0x0000000709800000, 0x0000000709800000| Untracked 
| 135|0x0000000709900000, 0x0000000709900000, 0x0000000709a00000|  0%| F|  |TAMS 0x0000000709900000, 0x0000000709900000| Untracked 
| 136|0x0000000709a00000, 0x0000000709a00000, 0x0000000709b00000|  0%| F|  |TAMS 0x0000000709a00000, 0x0000000709a00000| Untracked 
| 137|0x0000000709b00000, 0x0000000709b00000, 0x0000000709c00000|  0%| F|  |TAMS 0x0000000709b00000, 0x0000000709b00000| Untracked 
| 138|0x0000000709c00000, 0x0000000709c00000, 0x0000000709d00000|  0%| F|  |TAMS 0x0000000709c00000, 0x0000000709c00000| Untracked 
| 139|0x0000000709d00000, 0x0000000709d00000, 0x0000000709e00000|  0%| F|  |TAMS 0x0000000709d00000, 0x0000000709d00000| Untracked 
| 140|0x0000000709e00000, 0x0000000709e00000, 0x0000000709f00000|  0%| F|  |TAMS 0x0000000709e00000, 0x0000000709e00000| Untracked 
| 141|0x0000000709f00000, 0x0000000709f00000, 0x000000070a000000|  0%| F|  |TAMS 0x0000000709f00000, 0x0000000709f00000| Untracked 
| 142|0x000000070a000000, 0x000000070a000000, 0x000000070a100000|  0%| F|  |TAMS 0x000000070a000000, 0x000000070a000000| Untracked 
| 143|0x000000070a100000, 0x000000070a100000, 0x000000070a200000|  0%| F|  |TAMS 0x000000070a100000, 0x000000070a100000| Untracked 
| 144|0x000000070a200000, 0x000000070a200000, 0x000000070a300000|  0%| F|  |TAMS 0x000000070a200000, 0x000000070a200000| Untracked 
| 145|0x000000070a300000, 0x000000070a300000, 0x000000070a400000|  0%| F|  |TAMS 0x000000070a300000, 0x000000070a300000| Untracked 
| 146|0x000000070a400000, 0x000000070a400000, 0x000000070a500000|  0%| F|  |TAMS 0x000000070a400000, 0x000000070a400000| Untracked 
| 147|0x000000070a500000, 0x000000070a500000, 0x000000070a600000|  0%| F|  |TAMS 0x000000070a500000, 0x000000070a500000| Untracked 
| 148|0x000000070a600000, 0x000000070a600000, 0x000000070a700000|  0%| F|  |TAMS 0x000000070a600000, 0x000000070a600000| Untracked 
| 149|0x000000070a700000, 0x000000070a700000, 0x000000070a800000|  0%| F|  |TAMS 0x000000070a700000, 0x000000070a700000| Untracked 
| 150|0x000000070a800000, 0x000000070a800000, 0x000000070a900000|  0%| F|  |TAMS 0x000000070a800000, 0x000000070a800000| Untracked 
| 151|0x000000070a900000, 0x000000070a900000, 0x000000070aa00000|  0%| F|  |TAMS 0x000000070a900000, 0x000000070a900000| Untracked 
| 152|0x000000070aa00000, 0x000000070aa00000, 0x000000070ab00000|  0%| F|  |TAMS 0x000000070aa00000, 0x000000070aa00000| Untracked 
| 153|0x000000070ab00000, 0x000000070ab00000, 0x000000070ac00000|  0%| F|  |TAMS 0x000000070ab00000, 0x000000070ab00000| Untracked 
| 154|0x000000070ac00000, 0x000000070ac00000, 0x000000070ad00000|  0%| F|  |TAMS 0x000000070ac00000, 0x000000070ac00000| Untracked 
| 155|0x000000070ad00000, 0x000000070ad00000, 0x000000070ae00000|  0%| F|  |TAMS 0x000000070ad00000, 0x000000070ad00000| Untracked 
| 156|0x000000070ae00000, 0x000000070ae00000, 0x000000070af00000|  0%| F|  |TAMS 0x000000070ae00000, 0x000000070ae00000| Untracked 
| 157|0x000000070af00000, 0x000000070af00000, 0x000000070b000000|  0%| F|  |TAMS 0x000000070af00000, 0x000000070af00000| Untracked 
| 158|0x000000070b000000, 0x000000070b000000, 0x000000070b100000|  0%| F|  |TAMS 0x000000070b000000, 0x000000070b000000| Untracked 
| 159|0x000000070b100000, 0x000000070b200000, 0x000000070b200000|100%| S|CS|TAMS 0x000000070b100000, 0x000000070b100000| Complete 
| 160|0x000000070b200000, 0x000000070b300000, 0x000000070b300000|100%| S|CS|TAMS 0x000000070b200000, 0x000000070b200000| Complete 
| 161|0x000000070b300000, 0x000000070b400000, 0x000000070b400000|100%| S|CS|TAMS 0x000000070b300000, 0x000000070b300000| Complete 
| 162|0x000000070b400000, 0x000000070b500000, 0x000000070b500000|100%| S|CS|TAMS 0x000000070b400000, 0x000000070b400000| Complete 
| 163|0x000000070b500000, 0x000000070b600000, 0x000000070b600000|100%| S|CS|TAMS 0x000000070b500000, 0x000000070b500000| Complete 
| 164|0x000000070b600000, 0x000000070b700000, 0x000000070b700000|100%| S|CS|TAMS 0x000000070b600000, 0x000000070b600000| Complete 
| 165|0x000000070b700000, 0x000000070b800000, 0x000000070b800000|100%| S|CS|TAMS 0x000000070b700000, 0x000000070b700000| Complete 
| 166|0x000000070b800000, 0x000000070b900000, 0x000000070b900000|100%| S|CS|TAMS 0x000000070b800000, 0x000000070b800000| Complete 
| 167|0x000000070b900000, 0x000000070ba00000, 0x000000070ba00000|100%| S|CS|TAMS 0x000000070b900000, 0x000000070b900000| Complete 
| 168|0x000000070ba00000, 0x000000070bb00000, 0x000000070bb00000|100%| S|CS|TAMS 0x000000070ba00000, 0x000000070ba00000| Complete 
| 169|0x000000070bb00000, 0x000000070bc00000, 0x000000070bc00000|100%| S|CS|TAMS 0x000000070bb00000, 0x000000070bb00000| Complete 
| 170|0x000000070bc00000, 0x000000070bd00000, 0x000000070bd00000|100%| S|CS|TAMS 0x000000070bc00000, 0x000000070bc00000| Complete 
| 171|0x000000070bd00000, 0x000000070bd00000, 0x000000070be00000|  0%| F|  |TAMS 0x000000070bd00000, 0x000000070bd00000| Untracked 
| 172|0x000000070be00000, 0x000000070be00000, 0x000000070bf00000|  0%| F|  |TAMS 0x000000070be00000, 0x000000070be00000| Untracked 
| 173|0x000000070bf00000, 0x000000070bf00000, 0x000000070c000000|  0%| F|  |TAMS 0x000000070bf00000, 0x000000070bf00000| Untracked 
| 174|0x000000070c000000, 0x000000070c000000, 0x000000070c100000|  0%| F|  |TAMS 0x000000070c000000, 0x000000070c000000| Untracked 
| 175|0x000000070c100000, 0x000000070c100000, 0x000000070c200000|  0%| F|  |TAMS 0x000000070c100000, 0x000000070c100000| Untracked 
| 176|0x000000070c200000, 0x000000070c200000, 0x000000070c300000|  0%| F|  |TAMS 0x000000070c200000, 0x000000070c200000| Untracked 
| 177|0x000000070c300000, 0x000000070c300000, 0x000000070c400000|  0%| F|  |TAMS 0x000000070c300000, 0x000000070c300000| Untracked 
| 178|0x000000070c400000, 0x000000070c400000, 0x000000070c500000|  0%| F|  |TAMS 0x000000070c400000, 0x000000070c400000| Untracked 
| 179|0x000000070c500000, 0x000000070c500000, 0x000000070c600000|  0%| F|  |TAMS 0x000000070c500000, 0x000000070c500000| Untracked 
| 180|0x000000070c600000, 0x000000070c600000, 0x000000070c700000|  0%| F|  |TAMS 0x000000070c600000, 0x000000070c600000| Untracked 
| 181|0x000000070c700000, 0x000000070c700000, 0x000000070c800000|  0%| F|  |TAMS 0x000000070c700000, 0x000000070c700000| Untracked 
| 182|0x000000070c800000, 0x000000070c800000, 0x000000070c900000|  0%| F|  |TAMS 0x000000070c800000, 0x000000070c800000| Untracked 
| 183|0x000000070c900000, 0x000000070c900000, 0x000000070ca00000|  0%| F|  |TAMS 0x000000070c900000, 0x000000070c900000| Untracked 
| 184|0x000000070ca00000, 0x000000070ca00000, 0x000000070cb00000|  0%| F|  |TAMS 0x000000070ca00000, 0x000000070ca00000| Untracked 
| 185|0x000000070cb00000, 0x000000070cb00000, 0x000000070cc00000|  0%| F|  |TAMS 0x000000070cb00000, 0x000000070cb00000| Untracked 
| 186|0x000000070cc00000, 0x000000070cc00000, 0x000000070cd00000|  0%| F|  |TAMS 0x000000070cc00000, 0x000000070cc00000| Untracked 
| 187|0x000000070cd00000, 0x000000070ce00000, 0x000000070ce00000|100%| S|CS|TAMS 0x000000070cd00000, 0x000000070cd00000| Complete 
| 188|0x000000070ce00000, 0x000000070ce00000, 0x000000070cf00000|  0%| F|  |TAMS 0x000000070ce00000, 0x000000070ce00000| Untracked 
| 189|0x000000070cf00000, 0x000000070cf00000, 0x000000070d000000|  0%| F|  |TAMS 0x000000070cf00000, 0x000000070cf00000| Untracked 
| 190|0x000000070d000000, 0x000000070d000000, 0x000000070d100000|  0%| F|  |TAMS 0x000000070d000000, 0x000000070d000000| Untracked 
| 191|0x000000070d100000, 0x000000070d100000, 0x000000070d200000|  0%| F|  |TAMS 0x000000070d100000, 0x000000070d100000| Untracked 
| 192|0x000000070d200000, 0x000000070d200000, 0x000000070d300000|  0%| F|  |TAMS 0x000000070d200000, 0x000000070d200000| Untracked 
| 193|0x000000070d300000, 0x000000070d300000, 0x000000070d400000|  0%| F|  |TAMS 0x000000070d300000, 0x000000070d300000| Untracked 
| 194|0x000000070d400000, 0x000000070d400000, 0x000000070d500000|  0%| F|  |TAMS 0x000000070d400000, 0x000000070d400000| Untracked 
| 195|0x000000070d500000, 0x000000070d500000, 0x000000070d600000|  0%| F|  |TAMS 0x000000070d500000, 0x000000070d500000| Untracked 
| 196|0x000000070d600000, 0x000000070d600000, 0x000000070d700000|  0%| F|  |TAMS 0x000000070d600000, 0x000000070d600000| Untracked 
| 197|0x000000070d700000, 0x000000070d700000, 0x000000070d800000|  0%| F|  |TAMS 0x000000070d700000, 0x000000070d700000| Untracked 
| 198|0x000000070d800000, 0x000000070d800000, 0x000000070d900000|  0%| F|  |TAMS 0x000000070d800000, 0x000000070d800000| Untracked 
| 199|0x000000070d900000, 0x000000070d900000, 0x000000070da00000|  0%| F|  |TAMS 0x000000070d900000, 0x000000070d900000| Untracked 
| 200|0x000000070da00000, 0x000000070da00000, 0x000000070db00000|  0%| F|  |TAMS 0x000000070da00000, 0x000000070da00000| Untracked 
| 201|0x000000070db00000, 0x000000070db00000, 0x000000070dc00000|  0%| F|  |TAMS 0x000000070db00000, 0x000000070db00000| Untracked 
| 202|0x000000070dc00000, 0x000000070dc00000, 0x000000070dd00000|  0%| F|  |TAMS 0x000000070dc00000, 0x000000070dc00000| Untracked 
| 203|0x000000070dd00000, 0x000000070dd00000, 0x000000070de00000|  0%| F|  |TAMS 0x000000070dd00000, 0x000000070dd00000| Untracked 
| 204|0x000000070de00000, 0x000000070de00000, 0x000000070df00000|  0%| F|  |TAMS 0x000000070de00000, 0x000000070de00000| Untracked 
| 205|0x000000070df00000, 0x000000070df00000, 0x000000070e000000|  0%| F|  |TAMS 0x000000070df00000, 0x000000070df00000| Untracked 
| 206|0x000000070e000000, 0x000000070e000000, 0x000000070e100000|  0%| F|  |TAMS 0x000000070e000000, 0x000000070e000000| Untracked 
| 207|0x000000070e100000, 0x000000070e100000, 0x000000070e200000|  0%| F|  |TAMS 0x000000070e100000, 0x000000070e100000| Untracked 
| 208|0x000000070e200000, 0x000000070e200000, 0x000000070e300000|  0%| F|  |TAMS 0x000000070e200000, 0x000000070e200000| Untracked 
| 209|0x000000070e300000, 0x000000070e300000, 0x000000070e400000|  0%| F|  |TAMS 0x000000070e300000, 0x000000070e300000| Untracked 
| 210|0x000000070e400000, 0x000000070e400000, 0x000000070e500000|  0%| F|  |TAMS 0x000000070e400000, 0x000000070e400000| Untracked 
| 211|0x000000070e500000, 0x000000070e500000, 0x000000070e600000|  0%| F|  |TAMS 0x000000070e500000, 0x000000070e500000| Untracked 
| 212|0x000000070e600000, 0x000000070e600000, 0x000000070e700000|  0%| F|  |TAMS 0x000000070e600000, 0x000000070e600000| Untracked 
| 213|0x000000070e700000, 0x000000070e700000, 0x000000070e800000|  0%| F|  |TAMS 0x000000070e700000, 0x000000070e700000| Untracked 
| 214|0x000000070e800000, 0x000000070e800000, 0x000000070e900000|  0%| F|  |TAMS 0x000000070e800000, 0x000000070e800000| Untracked 
| 215|0x000000070e900000, 0x000000070e900000, 0x000000070ea00000|  0%| F|  |TAMS 0x000000070e900000, 0x000000070e900000| Untracked 
| 216|0x000000070ea00000, 0x000000070ea00000, 0x000000070eb00000|  0%| F|  |TAMS 0x000000070ea00000, 0x000000070ea00000| Untracked 
| 217|0x000000070eb00000, 0x000000070eb00000, 0x000000070ec00000|  0%| F|  |TAMS 0x000000070eb00000, 0x000000070eb00000| Untracked 
| 218|0x000000070ec00000, 0x000000070ec00000, 0x000000070ed00000|  0%| F|  |TAMS 0x000000070ec00000, 0x000000070ec00000| Untracked 
| 219|0x000000070ed00000, 0x000000070ed00000, 0x000000070ee00000|  0%| F|  |TAMS 0x000000070ed00000, 0x000000070ed00000| Untracked 
| 220|0x000000070ee00000, 0x000000070ee00000, 0x000000070ef00000|  0%| F|  |TAMS 0x000000070ee00000, 0x000000070ee00000| Untracked 
| 221|0x000000070ef00000, 0x000000070ef00000, 0x000000070f000000|  0%| F|  |TAMS 0x000000070ef00000, 0x000000070ef00000| Untracked 
| 222|0x000000070f000000, 0x000000070f000000, 0x000000070f100000|  0%| F|  |TAMS 0x000000070f000000, 0x000000070f000000| Untracked 
| 223|0x000000070f100000, 0x000000070f100000, 0x000000070f200000|  0%| F|  |TAMS 0x000000070f100000, 0x000000070f100000| Untracked 
| 224|0x000000070f200000, 0x000000070f200000, 0x000000070f300000|  0%| F|  |TAMS 0x000000070f200000, 0x000000070f200000| Untracked 
| 225|0x000000070f300000, 0x000000070f300000, 0x000000070f400000|  0%| F|  |TAMS 0x000000070f300000, 0x000000070f300000| Untracked 
| 226|0x000000070f400000, 0x000000070f400000, 0x000000070f500000|  0%| F|  |TAMS 0x000000070f400000, 0x000000070f400000| Untracked 
| 227|0x000000070f500000, 0x000000070f500000, 0x000000070f600000|  0%| F|  |TAMS 0x000000070f500000, 0x000000070f500000| Untracked 
| 228|0x000000070f600000, 0x000000070f600000, 0x000000070f700000|  0%| F|  |TAMS 0x000000070f600000, 0x000000070f600000| Untracked 
| 229|0x000000070f700000, 0x000000070f700000, 0x000000070f800000|  0%| F|  |TAMS 0x000000070f700000, 0x000000070f700000| Untracked 
| 230|0x000000070f800000, 0x000000070f800000, 0x000000070f900000|  0%| F|  |TAMS 0x000000070f800000, 0x000000070f800000| Untracked 
| 231|0x000000070f900000, 0x000000070f900000, 0x000000070fa00000|  0%| F|  |TAMS 0x000000070f900000, 0x000000070f900000| Untracked 
| 232|0x000000070fa00000, 0x000000070fa00000, 0x000000070fb00000|  0%| F|  |TAMS 0x000000070fa00000, 0x000000070fa00000| Untracked 
| 233|0x000000070fb00000, 0x000000070fb00000, 0x000000070fc00000|  0%| F|  |TAMS 0x000000070fb00000, 0x000000070fb00000| Untracked 
| 234|0x000000070fc00000, 0x000000070fc00000, 0x000000070fd00000|  0%| F|  |TAMS 0x000000070fc00000, 0x000000070fc00000| Untracked 
| 235|0x000000070fd00000, 0x000000070fd00000, 0x000000070fe00000|  0%| F|  |TAMS 0x000000070fd00000, 0x000000070fd00000| Untracked 
| 236|0x000000070fe00000, 0x000000070fe00000, 0x000000070ff00000|  0%| F|  |TAMS 0x000000070fe00000, 0x000000070fe00000| Untracked 
| 237|0x000000070ff00000, 0x000000070ff00000, 0x0000000710000000|  0%| F|  |TAMS 0x000000070ff00000, 0x000000070ff00000| Untracked 
| 238|0x0000000710000000, 0x0000000710000000, 0x0000000710100000|  0%| F|  |TAMS 0x0000000710000000, 0x0000000710000000| Untracked 
| 239|0x0000000710100000, 0x0000000710100000, 0x0000000710200000|  0%| F|  |TAMS 0x0000000710100000, 0x0000000710100000| Untracked 
| 240|0x0000000710200000, 0x0000000710200000, 0x0000000710300000|  0%| F|  |TAMS 0x0000000710200000, 0x0000000710200000| Untracked 
| 241|0x0000000710300000, 0x0000000710300000, 0x0000000710400000|  0%| F|  |TAMS 0x0000000710300000, 0x0000000710300000| Untracked 
| 242|0x0000000710400000, 0x0000000710400000, 0x0000000710500000|  0%| F|  |TAMS 0x0000000710400000, 0x0000000710400000| Untracked 
| 243|0x0000000710500000, 0x0000000710500000, 0x0000000710600000|  0%| F|  |TAMS 0x0000000710500000, 0x0000000710500000| Untracked 
| 244|0x0000000710600000, 0x0000000710600000, 0x0000000710700000|  0%| F|  |TAMS 0x0000000710600000, 0x0000000710600000| Untracked 
| 245|0x0000000710700000, 0x0000000710700000, 0x0000000710800000|  0%| F|  |TAMS 0x0000000710700000, 0x0000000710700000| Untracked 
| 246|0x0000000710800000, 0x0000000710800000, 0x0000000710900000|  0%| F|  |TAMS 0x0000000710800000, 0x0000000710800000| Untracked 
| 247|0x0000000710900000, 0x0000000710900000, 0x0000000710a00000|  0%| F|  |TAMS 0x0000000710900000, 0x0000000710900000| Untracked 
| 248|0x0000000710a00000, 0x0000000710a00000, 0x0000000710b00000|  0%| F|  |TAMS 0x0000000710a00000, 0x0000000710a00000| Untracked 
| 249|0x0000000710b00000, 0x0000000710b00000, 0x0000000710c00000|  0%| F|  |TAMS 0x0000000710b00000, 0x0000000710b00000| Untracked 
| 250|0x0000000710c00000, 0x0000000710c00000, 0x0000000710d00000|  0%| F|  |TAMS 0x0000000710c00000, 0x0000000710c00000| Untracked 
| 251|0x0000000710d00000, 0x0000000710d00000, 0x0000000710e00000|  0%| F|  |TAMS 0x0000000710d00000, 0x0000000710d00000| Untracked 
| 252|0x0000000710e00000, 0x0000000710e00000, 0x0000000710f00000|  0%| F|  |TAMS 0x0000000710e00000, 0x0000000710e00000| Untracked 
| 253|0x0000000710f00000, 0x0000000710f00000, 0x0000000711000000|  0%| F|  |TAMS 0x0000000710f00000, 0x0000000710f00000| Untracked 
| 254|0x0000000711000000, 0x0000000711000000, 0x0000000711100000|  0%| F|  |TAMS 0x0000000711000000, 0x0000000711000000| Untracked 
| 255|0x0000000711100000, 0x0000000711100000, 0x0000000711200000|  0%| F|  |TAMS 0x0000000711100000, 0x0000000711100000| Untracked 
| 256|0x0000000711200000, 0x0000000711200000, 0x0000000711300000|  0%| F|  |TAMS 0x0000000711200000, 0x0000000711200000| Untracked 
| 257|0x0000000711300000, 0x0000000711300000, 0x0000000711400000|  0%| F|  |TAMS 0x0000000711300000, 0x0000000711300000| Untracked 
| 258|0x0000000711400000, 0x0000000711400000, 0x0000000711500000|  0%| F|  |TAMS 0x0000000711400000, 0x0000000711400000| Untracked 
| 259|0x0000000711500000, 0x0000000711500000, 0x0000000711600000|  0%| F|  |TAMS 0x0000000711500000, 0x0000000711500000| Untracked 
| 260|0x0000000711600000, 0x0000000711600000, 0x0000000711700000|  0%| F|  |TAMS 0x0000000711600000, 0x0000000711600000| Untracked 
| 261|0x0000000711700000, 0x0000000711700000, 0x0000000711800000|  0%| F|  |TAMS 0x0000000711700000, 0x0000000711700000| Untracked 
| 262|0x0000000711800000, 0x0000000711800000, 0x0000000711900000|  0%| F|  |TAMS 0x0000000711800000, 0x0000000711800000| Untracked 
| 263|0x0000000711900000, 0x0000000711900000, 0x0000000711a00000|  0%| F|  |TAMS 0x0000000711900000, 0x0000000711900000| Untracked 
| 264|0x0000000711a00000, 0x0000000711a00000, 0x0000000711b00000|  0%| F|  |TAMS 0x0000000711a00000, 0x0000000711a00000| Untracked 
| 265|0x0000000711b00000, 0x0000000711b00000, 0x0000000711c00000|  0%| F|  |TAMS 0x0000000711b00000, 0x0000000711b00000| Untracked 
| 266|0x0000000711c00000, 0x0000000711c00000, 0x0000000711d00000|  0%| F|  |TAMS 0x0000000711c00000, 0x0000000711c00000| Untracked 
| 267|0x0000000711d00000, 0x0000000711d00000, 0x0000000711e00000|  0%| F|  |TAMS 0x0000000711d00000, 0x0000000711d00000| Untracked 
| 268|0x0000000711e00000, 0x0000000711e00000, 0x0000000711f00000|  0%| F|  |TAMS 0x0000000711e00000, 0x0000000711e00000| Untracked 
| 269|0x0000000711f00000, 0x0000000711f00000, 0x0000000712000000|  0%| F|  |TAMS 0x0000000711f00000, 0x0000000711f00000| Untracked 
| 270|0x0000000712000000, 0x0000000712000000, 0x0000000712100000|  0%| F|  |TAMS 0x0000000712000000, 0x0000000712000000| Untracked 
| 271|0x0000000712100000, 0x0000000712100000, 0x0000000712200000|  0%| F|  |TAMS 0x0000000712100000, 0x0000000712100000| Untracked 
| 272|0x0000000712200000, 0x0000000712200000, 0x0000000712300000|  0%| F|  |TAMS 0x0000000712200000, 0x0000000712200000| Untracked 
| 273|0x0000000712300000, 0x0000000712300000, 0x0000000712400000|  0%| F|  |TAMS 0x0000000712300000, 0x0000000712300000| Untracked 
| 274|0x0000000712400000, 0x0000000712400000, 0x0000000712500000|  0%| F|  |TAMS 0x0000000712400000, 0x0000000712400000| Untracked 
| 275|0x0000000712500000, 0x0000000712500000, 0x0000000712600000|  0%| F|  |TAMS 0x0000000712500000, 0x0000000712500000| Untracked 
| 276|0x0000000712600000, 0x0000000712600000, 0x0000000712700000|  0%| F|  |TAMS 0x0000000712600000, 0x0000000712600000| Untracked 
| 277|0x0000000712700000, 0x0000000712700000, 0x0000000712800000|  0%| F|  |TAMS 0x0000000712700000, 0x0000000712700000| Untracked 
| 278|0x0000000712800000, 0x0000000712800000, 0x0000000712900000|  0%| F|  |TAMS 0x0000000712800000, 0x0000000712800000| Untracked 
| 279|0x0000000712900000, 0x0000000712900000, 0x0000000712a00000|  0%| F|  |TAMS 0x0000000712900000, 0x0000000712900000| Untracked 
| 280|0x0000000712a00000, 0x0000000712a00000, 0x0000000712b00000|  0%| F|  |TAMS 0x0000000712a00000, 0x0000000712a00000| Untracked 
| 281|0x0000000712b00000, 0x0000000712b00000, 0x0000000712c00000|  0%| F|  |TAMS 0x0000000712b00000, 0x0000000712b00000| Untracked 
| 282|0x0000000712c00000, 0x0000000712c00000, 0x0000000712d00000|  0%| F|  |TAMS 0x0000000712c00000, 0x0000000712c00000| Untracked 
| 283|0x0000000712d00000, 0x0000000712d00000, 0x0000000712e00000|  0%| F|  |TAMS 0x0000000712d00000, 0x0000000712d00000| Untracked 
| 284|0x0000000712e00000, 0x0000000712e00000, 0x0000000712f00000|  0%| F|  |TAMS 0x0000000712e00000, 0x0000000712e00000| Untracked 
| 285|0x0000000712f00000, 0x0000000712f00000, 0x0000000713000000|  0%| F|  |TAMS 0x0000000712f00000, 0x0000000712f00000| Untracked 
| 286|0x0000000713000000, 0x0000000713000000, 0x0000000713100000|  0%| F|  |TAMS 0x0000000713000000, 0x0000000713000000| Untracked 
| 287|0x0000000713100000, 0x0000000713100000, 0x0000000713200000|  0%| F|  |TAMS 0x0000000713100000, 0x0000000713100000| Untracked 
| 288|0x0000000713200000, 0x0000000713200000, 0x0000000713300000|  0%| F|  |TAMS 0x0000000713200000, 0x0000000713200000| Untracked 
| 289|0x0000000713300000, 0x0000000713300000, 0x0000000713400000|  0%| F|  |TAMS 0x0000000713300000, 0x0000000713300000| Untracked 
| 290|0x0000000713400000, 0x0000000713400000, 0x0000000713500000|  0%| F|  |TAMS 0x0000000713400000, 0x0000000713400000| Untracked 
| 291|0x0000000713500000, 0x0000000713500000, 0x0000000713600000|  0%| F|  |TAMS 0x0000000713500000, 0x0000000713500000| Untracked 
| 292|0x0000000713600000, 0x0000000713600000, 0x0000000713700000|  0%| F|  |TAMS 0x0000000713600000, 0x0000000713600000| Untracked 
| 293|0x0000000713700000, 0x0000000713700000, 0x0000000713800000|  0%| F|  |TAMS 0x0000000713700000, 0x0000000713700000| Untracked 
| 294|0x0000000713800000, 0x0000000713800000, 0x0000000713900000|  0%| F|  |TAMS 0x0000000713800000, 0x0000000713800000| Untracked 
| 295|0x0000000713900000, 0x0000000713900000, 0x0000000713a00000|  0%| F|  |TAMS 0x0000000713900000, 0x0000000713900000| Untracked 
| 296|0x0000000713a00000, 0x0000000713a00000, 0x0000000713b00000|  0%| F|  |TAMS 0x0000000713a00000, 0x0000000713a00000| Untracked 
| 297|0x0000000713b00000, 0x0000000713b00000, 0x0000000713c00000|  0%| F|  |TAMS 0x0000000713b00000, 0x0000000713b00000| Untracked 
| 298|0x0000000713c00000, 0x0000000713c00000, 0x0000000713d00000|  0%| F|  |TAMS 0x0000000713c00000, 0x0000000713c00000| Untracked 
| 299|0x0000000713d00000, 0x0000000713d00000, 0x0000000713e00000|  0%| F|  |TAMS 0x0000000713d00000, 0x0000000713d00000| Untracked 
| 300|0x0000000713e00000, 0x0000000713e00000, 0x0000000713f00000|  0%| F|  |TAMS 0x0000000713e00000, 0x0000000713e00000| Untracked 
| 301|0x0000000713f00000, 0x0000000713f00000, 0x0000000714000000|  0%| F|  |TAMS 0x0000000713f00000, 0x0000000713f00000| Untracked 
| 302|0x0000000714000000, 0x0000000714000000, 0x0000000714100000|  0%| F|  |TAMS 0x0000000714000000, 0x0000000714000000| Untracked 
| 303|0x0000000714100000, 0x0000000714100000, 0x0000000714200000|  0%| F|  |TAMS 0x0000000714100000, 0x0000000714100000| Untracked 
| 304|0x0000000714200000, 0x0000000714200000, 0x0000000714300000|  0%| F|  |TAMS 0x0000000714200000, 0x0000000714200000| Untracked 
| 305|0x0000000714300000, 0x0000000714300000, 0x0000000714400000|  0%| F|  |TAMS 0x0000000714300000, 0x0000000714300000| Untracked 
| 306|0x0000000714400000, 0x0000000714400000, 0x0000000714500000|  0%| F|  |TAMS 0x0000000714400000, 0x0000000714400000| Untracked 
| 307|0x0000000714500000, 0x0000000714500000, 0x0000000714600000|  0%| F|  |TAMS 0x0000000714500000, 0x0000000714500000| Untracked 

Card table byte_map: [0x0000022380800000,0x0000022381000000] _byte_map_base: 0x000002237cff7000

Marking Bits (Prev, Next): (CMBitMap*) 0x00000223ea9b3150, (CMBitMap*) 0x00000223ea9b3118
 Prev Bits: [0x00000223857c0000, 0x0000022389778000)
 Next Bits: [0x0000022381800000, 0x00000223857b8000)

Polling page: 0x00000223eaa30000

Metaspace:

Usage:
  Non-class:     61.54 MB capacity,    60.74 MB ( 99%) used,   667.48 KB (  1%) free+waste,   144.63 KB ( <1%) overhead. 
      Class:      7.82 MB capacity,     7.40 MB ( 95%) used,   370.04 KB (  5%) free+waste,    62.94 KB ( <1%) overhead. 
       Both:     69.36 MB capacity,    68.14 MB ( 98%) used,     1.01 MB (  1%) free+waste,   207.56 KB ( <1%) overhead. 

Virtual space:
  Non-class space:       62.00 MB reserved,      61.58 MB (>99%) committed 
      Class space:        1.00 GB reserved,       7.88 MB ( <1%) committed 
             Both:        1.06 GB reserved,      69.45 MB (  6%) committed 

Chunk freelists:
   Non-Class:  44.00 KB
       Class:  23.00 KB
        Both:  67.00 KB

MaxMetaspaceSize: 17179869184.00 GB
CompressedClassSpaceSize: 1.00 GB

CodeHeap 'non-profiled nmethods': size=120000Kb used=7871Kb max_used=8304Kb free=112128Kb
 bounds [0x00000223f7720000, 0x00000223f7f40000, 0x00000223fec50000]
CodeHeap 'profiled nmethods': size=120000Kb used=39415Kb max_used=40728Kb free=80584Kb
 bounds [0x00000223f01f0000, 0x00000223f29c0000, 0x00000223f7720000]
CodeHeap 'non-nmethods': size=5760Kb used=1240Kb max_used=1297Kb free=4520Kb
 bounds [0x00000223efc50000, 0x00000223efec0000, 0x00000223f01f0000]
 total_blobs=13351 nmethods=12764 adapters=495
 compilation: enabled
              stopped_count=0, restarted_count=0
 full_count=0

Compilation events (20 events):
Event: 8.037 Thread 0x000002238c7fc000 13619       3       org.jetbrains.kotlin.cfg.ControlFlowBuilderAdapter::declareParameter (18 bytes)
Event: 8.037 Thread 0x000002238c7fc000 nmethod 13619 0x00000223f0357490 code [0x00000223f03576e0, 0x00000223f0357e18]
Event: 8.037 Thread 0x000002238c7fc000 13620       3       org.jetbrains.kotlin.cfg.pseudocode.ControlFlowInstructionsGenerator$ControlFlowInstructionsGeneratorWorker::declareParameter (30 bytes)
Event: 8.038 Thread 0x000002238c7fc000 nmethod 13620 0x00000223f04c4490 code [0x00000223f04c4760, 0x00000223f04c5628]
Event: 8.038 Thread 0x000002238c7fc000 13621       3       org.jetbrains.kotlin.cfg.ControlFlowProcessor$CFPVisitor::visitBinaryExpression (371 bytes)
Event: 8.039 Thread 0x000002238c7fc000 nmethod 13621 0x00000223f0681690 code [0x00000223f0681d20, 0x00000223f06855b8]
Event: 8.039 Thread 0x000002238c7fc000 13622       3       org.jetbrains.kotlin.cfg.ControlFlowProcessor$CFPVisitor::computePseudoValueForParameter (85 bytes)
Event: 8.040 Thread 0x000002238c7fc000 nmethod 13622 0x00000223f0646e10 code [0x00000223f06471c0, 0x00000223f0648b08]
Event: 8.040 Thread 0x000002238c7fc000 13623       3       org.jetbrains.kotlin.cfg.ControlFlowProcessor$CFPVisitor::visitAssignment (320 bytes)
Event: 8.041 Thread 0x000002238c7fc000 nmethod 13623 0x00000223f084c610 code [0x00000223f084cc40, 0x00000223f0850c38]
Event: 8.041 Thread 0x000002238c7fc000 13624       3       javaslang.collection.HashArrayMappedTrieModule$ArrayNode::lookup (30 bytes)
Event: 8.041 Thread 0x000002238c7fc000 nmethod 13624 0x00000223f02ad910 code [0x00000223f02adae0, 0x00000223f02ade48]
Event: 8.041 Thread 0x000002238c7fc000 13625       3       org.jetbrains.kotlin.cfg.ControlFlowInfo::put (52 bytes)
Event: 8.042 Thread 0x000002238c7fc000 nmethod 13625 0x00000223f04dd110 code [0x00000223f04dd400, 0x00000223f04de2b8]
Event: 8.042 Thread 0x000002238c7fc000 13627       3       org.jetbrains.kotlin.cfg.variable.PseudocodeVariableDataCollector$filterOutVariablesOutOfScope$1::invoke (9 bytes)
Event: 8.042 Thread 0x000002238c7fc000 nmethod 13627 0x00000223f029d910 code [0x00000223f029dae0, 0x00000223f029dd28]
Event: 8.042 Thread 0x000002238c7fc000 13628       3       org.jetbrains.kotlin.cfg.variable.PseudocodeVariableDataCollector$filterOutVariablesOutOfScope$1::invoke (63 bytes)
Event: 8.042 Thread 0x000002238c7fc000 nmethod 13628 0x00000223f0407c90 code [0x00000223f0407f00, 0x00000223f0408928]
Event: 8.042 Thread 0x000002238c7fc000 13626       3       org.jetbrains.kotlin.cfg.pseudocodeTraverser.Edges::equals (55 bytes)
Event: 8.042 Thread 0x000002238c7fc000 nmethod 13626 0x00000223f035e090 code [0x00000223f035e2a0, 0x00000223f035ead8]

GC Heap History (19 events):
Event: 0.433 GC heap before
{Heap before GC invocations=0 (full 0):
 garbage-first heap   total 262144K, used 27648K [0x0000000701200000, 0x0000000800000000)
  region size 1024K, 24 young (24576K), 0 survivors (0K)
 Metaspace       used 12246K, capacity 12344K, committed 12544K, reserved 1060864K
  class space    used 1151K, capacity 1175K, committed 1280K, reserved 1048576K
}
Event: 0.435 GC heap after
{Heap after GC invocations=1 (full 0):
 garbage-first heap   total 262144K, used 6014K [0x0000000701200000, 0x0000000800000000)
  region size 1024K, 3 young (3072K), 3 survivors (3072K)
 Metaspace       used 12246K, capacity 12344K, committed 12544K, reserved 1060864K
  class space    used 1151K, capacity 1175K, committed 1280K, reserved 1048576K
}
Event: 0.908 GC heap before
{Heap before GC invocations=1 (full 0):
 garbage-first heap   total 262144K, used 41854K [0x0000000701200000, 0x0000000800000000)
  region size 1024K, 39 young (39936K), 3 survivors (3072K)
 Metaspace       used 20927K, capacity 21099K, committed 21296K, reserved 1069056K
  class space    used 2230K, capacity 2315K, committed 2432K, reserved 1048576K
}
Event: 0.917 GC heap after
{Heap after GC invocations=2 (full 0):
 garbage-first heap   total 262144K, used 9368K [0x0000000701200000, 0x0000000800000000)
  region size 1024K, 7 young (7168K), 7 survivors (7168K)
 Metaspace       used 20927K, capacity 21099K, committed 21296K, reserved 1069056K
  class space    used 2230K, capacity 2315K, committed 2432K, reserved 1048576K
}
Event: 1.653 GC heap before
{Heap before GC invocations=3 (full 0):
 garbage-first heap   total 262144K, used 65688K [0x0000000701200000, 0x0000000800000000)
  region size 1024K, 57 young (58368K), 7 survivors (7168K)
 Metaspace       used 32274K, capacity 32717K, committed 32816K, reserved 1077248K
  class space    used 4029K, capacity 4223K, committed 4224K, reserved 1048576K
}
Event: 1.661 GC heap after
{Heap after GC invocations=4 (full 0):
 garbage-first heap   total 262144K, used 21195K [0x0000000701200000, 0x0000000800000000)
  region size 1024K, 8 young (8192K), 8 survivors (8192K)
 Metaspace       used 32274K, capacity 32717K, committed 32816K, reserved 1077248K
  class space    used 4029K, capacity 4223K, committed 4224K, reserved 1048576K
}
Event: 1.817 GC heap before
{Heap before GC invocations=4 (full 0):
 garbage-first heap   total 262144K, used 35531K [0x0000000701200000, 0x0000000800000000)
  region size 1024K, 23 young (23552K), 8 survivors (8192K)
 Metaspace       used 35264K, capacity 35737K, committed 35920K, reserved 1081344K
  class space    used 4345K, capacity 4547K, committed 4608K, reserved 1048576K
}
Event: 1.824 GC heap after
{Heap after GC invocations=5 (full 0):
 garbage-first heap   total 262144K, used 20859K [0x0000000701200000, 0x0000000800000000)
  region size 1024K, 10 young (10240K), 10 survivors (10240K)
 Metaspace       used 35264K, capacity 35737K, committed 35920K, reserved 1081344K
  class space    used 4345K, capacity 4547K, committed 4608K, reserved 1048576K
}
Event: 1.915 GC heap before
{Heap before GC invocations=6 (full 0):
 garbage-first heap   total 262144K, used 31099K [0x0000000701200000, 0x0000000800000000)
  region size 1024K, 20 young (20480K), 10 survivors (10240K)
 Metaspace       used 37083K, capacity 37655K, committed 37968K, reserved 1083392K
  class space    used 4549K, capacity 4778K, committed 4864K, reserved 1048576K
}
Event: 1.920 GC heap after
{Heap after GC invocations=7 (full 0):
 garbage-first heap   total 262144K, used 21868K [0x0000000701200000, 0x0000000800000000)
  region size 1024K, 3 young (3072K), 3 survivors (3072K)
 Metaspace       used 37083K, capacity 37655K, committed 37968K, reserved 1083392K
  class space    used 4549K, capacity 4778K, committed 4864K, reserved 1048576K
}
Event: 2.896 GC heap before
{Heap before GC invocations=7 (full 0):
 garbage-first heap   total 262144K, used 133484K [0x0000000701200000, 0x0000000800000000)
  region size 1024K, 109 young (111616K), 3 survivors (3072K)
 Metaspace       used 51098K, capacity 51693K, committed 51792K, reserved 1095680K
  class space    used 5901K, capacity 6135K, committed 6144K, reserved 1048576K
}
Event: 2.904 GC heap after
{Heap after GC invocations=8 (full 0):
 garbage-first heap   total 315392K, used 35739K [0x0000000701200000, 0x0000000800000000)
  region size 1024K, 14 young (14336K), 14 survivors (14336K)
 Metaspace       used 51098K, capacity 51693K, committed 51792K, reserved 1095680K
  class space    used 5901K, capacity 6135K, committed 6144K, reserved 1048576K
}
Event: 4.199 GC heap before
{Heap before GC invocations=8 (full 0):
 garbage-first heap   total 315392K, used 164763K [0x0000000701200000, 0x0000000800000000)
  region size 1024K, 140 young (143360K), 14 survivors (14336K)
 Metaspace       used 58295K, capacity 59041K, committed 59344K, reserved 1101824K
  class space    used 6631K, capacity 6947K, committed 7040K, reserved 1048576K
}
Event: 4.216 GC heap after
{Heap after GC invocations=9 (full 0):
 garbage-first heap   total 315392K, used 53040K [0x0000000701200000, 0x0000000800000000)
  region size 1024K, 17 young (17408K), 17 survivors (17408K)
 Metaspace       used 58295K, capacity 59041K, committed 59344K, reserved 1101824K
  class space    used 6631K, capacity 6947K, committed 7040K, reserved 1048576K
}
Event: 4.397 GC heap before
{Heap before GC invocations=9 (full 0):
 garbage-first heap   total 315392K, used 80688K [0x0000000701200000, 0x0000000800000000)
  region size 1024K, 45 young (46080K), 17 survivors (17408K)
 Metaspace       used 59432K, capacity 60158K, committed 60240K, reserved 1101824K
  class space    used 6765K, capacity 7086K, committed 7168K, reserved 1048576K
}
Event: 4.407 GC heap after
{Heap after GC invocations=10 (full 0):
 garbage-first heap   total 315392K, used 56175K [0x0000000701200000, 0x0000000800000000)
  region size 1024K, 3 young (3072K), 3 survivors (3072K)
 Metaspace       used 59432K, capacity 60158K, committed 60240K, reserved 1101824K
  class space    used 6765K, capacity 7086K, committed 7168K, reserved 1048576K
}
Event: 6.663 GC heap before
{Heap before GC invocations=11 (full 0):
 garbage-first heap   total 315392K, used 179055K [0x0000000701200000, 0x0000000800000000)
  region size 1024K, 121 young (123904K), 3 survivors (3072K)
 Metaspace       used 67996K, capacity 69216K, committed 69456K, reserved 1112064K
  class space    used 7482K, capacity 7931K, committed 7936K, reserved 1048576K
}
Event: 6.675 GC heap after
{Heap after GC invocations=12 (full 0):
 garbage-first heap   total 315392K, used 72545K [0x0000000701200000, 0x0000000800000000)
  region size 1024K, 16 young (16384K), 16 survivors (16384K)
 Metaspace       used 67996K, capacity 69216K, committed 69456K, reserved 1112064K
  class space    used 7482K, capacity 7931K, committed 7936K, reserved 1048576K
}
Event: 8.042 GC heap before
{Heap before GC invocations=12 (full 0):
 garbage-first heap   total 315392K, used 196449K [0x0000000701200000, 0x0000000800000000)
  region size 1024K, 136 young (139264K), 16 survivors (16384K)
 Metaspace       used 69775K, capacity 71021K, committed 71120K, reserved 1112064K
  class space    used 7576K, capacity 8009K, committed 8064K, reserved 1048576K
}

Deoptimization events (20 events):
Event: 7.963 Thread 0x00000223ea94f800 Uncommon trap: trap_request=0xffffffde fr.pc=0x00000223f7eac56c relative=0x000000000000220c
Event: 7.963 Thread 0x00000223ea94f800 Uncommon trap: reason=class_check action=maybe_recompile pc=0x00000223f7eac56c method=org.jetbrains.kotlin.resolve.calls.callUtil.CallUtilKt.getCall(Lorg/jetbrains/kotlin/psi/KtElement;Lorg/jetbrains/kotlin/resolve/BindingContext;)Lorg/jetbrains/kotlin/ps
Event: 7.963 Thread 0x00000223ea94f800 DEOPT PACKING pc=0x00000223f7eac56c sp=0x000000fbd77fd700
Event: 7.963 Thread 0x00000223ea94f800 DEOPT UNPACKING pc=0x00000223efc77b2f sp=0x000000fbd77fd620 mode 2
Event: 7.970 Thread 0x00000223ea94f800 Uncommon trap: trap_request=0xffffffde fr.pc=0x00000223f7eac56c relative=0x000000000000220c
Event: 7.970 Thread 0x00000223ea94f800 Uncommon trap: reason=class_check action=maybe_recompile pc=0x00000223f7eac56c method=org.jetbrains.kotlin.resolve.calls.callUtil.CallUtilKt.getCall(Lorg/jetbrains/kotlin/psi/KtElement;Lorg/jetbrains/kotlin/resolve/BindingContext;)Lorg/jetbrains/kotlin/ps
Event: 7.970 Thread 0x00000223ea94f800 DEOPT PACKING pc=0x00000223f7eac56c sp=0x000000fbd77fdd20
Event: 7.970 Thread 0x00000223ea94f800 DEOPT UNPACKING pc=0x00000223efc77b2f sp=0x000000fbd77fdc40 mode 2
Event: 8.003 Thread 0x00000223ea94f800 Uncommon trap: trap_request=0xffffff4d fr.pc=0x00000223f7e0eb80 relative=0x0000000000001380
Event: 8.003 Thread 0x00000223ea94f800 Uncommon trap: reason=unstable_if action=reinterpret pc=0x00000223f7e0eb80 method=org.jetbrains.kotlin.com.intellij.psi.impl.source.CharTableImpl.intern(Ljava/lang/CharSequence;II)Ljava/lang/CharSequence; @ 18 c2
Event: 8.003 Thread 0x00000223ea94f800 DEOPT PACKING pc=0x00000223f7e0eb80 sp=0x000000fbd77fda80
Event: 8.003 Thread 0x00000223ea94f800 DEOPT UNPACKING pc=0x00000223efc77b2f sp=0x000000fbd77fda60 mode 2
Event: 8.003 Thread 0x00000223ea94f800 Uncommon trap: trap_request=0xffffff4d fr.pc=0x00000223f7dbdc98 relative=0x0000000000001dd8
Event: 8.003 Thread 0x00000223ea94f800 Uncommon trap: reason=unstable_if action=reinterpret pc=0x00000223f7dbdc98 method=org.jetbrains.kotlin.com.intellij.psi.impl.source.CharTableImpl$StringHashToCharSequencesMap.charSequenceSubSequenceEquals(Ljava/lang/CharSequence;Ljava/lang/CharSequence;II
Event: 8.003 Thread 0x00000223ea94f800 DEOPT PACKING pc=0x00000223f7dbdc98 sp=0x000000fbd77fd800
Event: 8.004 Thread 0x00000223ea94f800 DEOPT UNPACKING pc=0x00000223efc77b2f sp=0x000000fbd77fd718 mode 2
Event: 8.016 Thread 0x00000223ea94f800 Uncommon trap: trap_request=0xffffff4d fr.pc=0x00000223f7df995c relative=0x00000000000001bc
Event: 8.016 Thread 0x00000223ea94f800 Uncommon trap: reason=unstable_if action=reinterpret pc=0x00000223f7df995c method=java.util.ArrayDeque.addFirst(Ljava/lang/Object;)V @ 42 c2
Event: 8.016 Thread 0x00000223ea94f800 DEOPT PACKING pc=0x00000223f7df995c sp=0x000000fbd77fe3d0
Event: 8.016 Thread 0x00000223ea94f800 DEOPT UNPACKING pc=0x00000223efc77b2f sp=0x000000fbd77fe370 mode 2

Classes redefined (0 events):
No events

Internal exceptions (20 events):
Event: 3.577 Thread 0x00000223ea94f800 Exception <a 'java/lang/NoSuchMethodError'{0x00000007125ecdd8}: 'int java.lang.invoke.DirectMethodHandle$Holder.invokeInterface(java.lang.Object, java.lang.Object)'> (0x00000007125ecdd8) thrown at [./src/hotspot/share/interpreter/linkResolver.cpp, line 773]
Event: 3.622 Thread 0x00000223ea94f800 Exception <a 'java/lang/NoSuchMethodError'{0x0000000712086d10}: 'java.lang.Object java.lang.invoke.DirectMethodHandle$Holder.invokeStaticInit(java.lang.Object, java.lang.Object, java.lang.Object)'> (0x0000000712086d10) thrown at [./src/hotspot/share/interpreter/linkResolver.cpp, line 773]
Event: 3.957 Thread 0x00000223ea94f800 Exception <a 'java/lang/NoSuchMethodError'{0x000000070fe47bb0}: 'java.lang.Object java.lang.invoke.DirectMethodHandle$Holder.invokeStatic(java.lang.Object, int, java.lang.Object, java.lang.Object)'> (0x000000070fe47bb0) thrown at [./src/hotspot/share/interpreter/linkResolver.cpp, line 773]
Event: 4.163 Thread 0x00000223ea94f800 Implicit null exception at 0x00000223f7779f5e to 0x00000223f777a73e
Event: 4.163 Thread 0x00000223ea94f800 Implicit null exception at 0x00000223f775d92f to 0x00000223f775d9a9
Event: 4.275 Thread 0x00000223ea94f800 Exception <a 'java/lang/NoSuchMethodError'{0x000000071305a370}: 'java.lang.Object java.lang.invoke.Invokers$Holder.linkToTargetMethod(java.lang.Object, java.lang.Object, java.lang.Object, int, int, java.lang.Object)'> (0x000000071305a370) thrown at [./src/hotspot/share/interpreter/linkResolver.cpp, line 773]
Event: 4.296 Thread 0x00000223ea94f800 Exception <a 'java/lang/NoSuchMethodError'{0x0000000712f62100}: 'java.lang.Object java.lang.invoke.Invokers$Holder.linkToTargetMethod(java.lang.Object, java.lang.Object, java.lang.Object, java.lang.Object, java.lang.Object, java.lang.Object, java.lang.Object)'> (0x0000000712f62100) thrown at [./src/hotspot/share/interpreter/linkResolver.cpp, line 773]
Event: 4.423 Thread 0x00000223ea94f800 Exception <a 'java/lang/NoSuchMethodError'{0x0000000714565040}: 'int java.lang.invoke.DirectMethodHandle$Holder.invokeStaticInit(java.lang.Object, int)'> (0x0000000714565040) thrown at [./src/hotspot/share/interpreter/linkResolver.cpp, line 773]
Event: 4.594 Thread 0x00000223ea94f800 Exception <a 'java/lang/NoSuchMethodError'{0x0000000713eece50}: 'java.lang.Object java.lang.invoke.DirectMethodHandle$Holder.invokeInterface(java.lang.Object, java.lang.Object, java.lang.Object)'> (0x0000000713eece50) thrown at [./src/hotspot/share/interpreter/linkResolver.cpp, line 773]
Event: 4.594 Thread 0x00000223ea94f800 Exception <a 'java/lang/IncompatibleClassChangeError'{0x0000000713ef0080}: Found class java.lang.Object, but interface was expected> (0x0000000713ef0080) thrown at [./src/hotspot/share/interpreter/linkResolver.cpp, line 839]
Event: 4.787 Thread 0x00000223ea94f800 Exception <a 'java/lang/NoSuchMethodError'{0x0000000713385390}: 'int java.lang.invoke.DirectMethodHandle$Holder.invokeVirtual(java.lang.Object, java.lang.Object, java.lang.Object)'> (0x0000000713385390) thrown at [./src/hotspot/share/interpreter/linkResolver.cpp, line 773]
Event: 4.846 Thread 0x00000223ea94f800 Exception <a 'java/lang/NoSuchMethodError'{0x0000000713047158}: 'void java.lang.invoke.DirectMethodHandle$Holder.invokeInterface(java.lang.Object, java.lang.Object)'> (0x0000000713047158) thrown at [./src/hotspot/share/interpreter/linkResolver.cpp, line 773]
Event: 4.887 Thread 0x00000223ea94f800 Exception <a 'java/lang/IncompatibleClassChangeError'{0x0000000712ff3ed0}: Found class java.lang.Object, but interface was expected> (0x0000000712ff3ed0) thrown at [./src/hotspot/share/interpreter/linkResolver.cpp, line 839]
Event: 5.091 Thread 0x00000223ea94f800 Implicit null exception at 0x00000223f7a6623c to 0x00000223f7a6731c
Event: 5.283 Thread 0x00000223ea94f800 Implicit null exception at 0x00000223f7b17ae5 to 0x00000223f7b18180
Event: 5.345 Thread 0x00000223ea94f800 Implicit null exception at 0x00000223f7775e75 to 0x00000223f7776054
Event: 7.525 Thread 0x00000223ea94f800 Implicit null exception at 0x00000223f7a4b77c to 0x00000223f7a4c208
Event: 7.531 Thread 0x00000223ea94f800 Implicit null exception at 0x00000223f7c60c77 to 0x00000223f7c61278
Event: 7.534 Thread 0x00000223ea94f800 Implicit null exception at 0x00000223f7bdf674 to 0x00000223f7bdfc90
Event: 7.643 Thread 0x00000223ea94f800 Implicit null exception at 0x00000223f7dc32cc to 0x00000223f7dc3398

Events (20 events):
Event: 7.969 loading class org/jetbrains/kotlin/cfg/ControlFlowInformationProviderImpl$ReturnedExpressionsInfo done
Event: 7.969 loading class org/jetbrains/kotlin/cfg/ControlFlowInformationProviderImpl$checkDefiniteReturn$1
Event: 7.969 loading class org/jetbrains/kotlin/cfg/ControlFlowInformationProviderImpl$checkDefiniteReturn$1 done
Event: 7.985 loading class org/jetbrains/kotlin/cfg/ControlFlowInformationProviderImpl$markAnnotationArguments$2
Event: 7.985 loading class org/jetbrains/kotlin/cfg/ControlFlowInformationProviderImpl$markAnnotationArguments$2 done
Event: 7.985 loading class org/jetbrains/kotlin/cfg/ControlFlowInformationProviderImpl$markAnnotationArguments$$inlined$forEachDescendantOfType$1
Event: 7.985 loading class org/jetbrains/kotlin/cfg/ControlFlowInformationProviderImpl$markAnnotationArguments$$inlined$forEachDescendantOfType$1 done
Event: 7.985 Executing VM operation: Deoptimize
Event: 7.987 Executing VM operation: Deoptimize done
Event: 7.995 loading class gnu/trove/THashMap$EntryView
Event: 7.995 loading class gnu/trove/THashMap$EntryView done
Event: 7.996 loading class gnu/trove/THashMap$EntryView$EntryIterator
Event: 7.996 loading class gnu/trove/THashMap$EntryView$EntryIterator done
Event: 7.996 loading class gnu/trove/THashMap$Entry
Event: 7.996 loading class gnu/trove/THashMap$Entry done
Event: 8.003 loading class org/jetbrains/kotlin/kdoc/parser/KDocKnownTag
Event: 8.003 loading class org/jetbrains/kotlin/kdoc/parser/KDocKnownTag done
Event: 8.003 loading class org/jetbrains/kotlin/kdoc/parser/KDocKnownTag$Companion
Event: 8.003 loading class org/jetbrains/kotlin/kdoc/parser/KDocKnownTag$Companion done
Event: 8.042 Executing VM operation: G1CollectForAllocation


Dynamic libraries:
0x00007ff77bd60000 - 0x00007ff77bd6a000 	C:\Program Files\Android\Android Studio\jre\bin\java.exe
0x00007ffe554c0000 - 0x00007ffe556c7000 	C:\WINDOWS\SYSTEM32\ntdll.dll
0x00007ffe53ff0000 - 0x00007ffe540ad000 	C:\WINDOWS\System32\KERNEL32.DLL
0x00007ffe52b70000 - 0x00007ffe52ee4000 	C:\WINDOWS\System32\KERNELBASE.dll
0x00007ffe529b0000 - 0x00007ffe52ac1000 	C:\WINDOWS\System32\ucrtbase.dll
0x00007ffe39850000 - 0x00007ffe39867000 	C:\Program Files\Android\Android Studio\jre\bin\VCRUNTIME140.dll
0x00007ffe3dc60000 - 0x00007ffe3dc79000 	C:\Program Files\Android\Android Studio\jre\bin\jli.dll
0x00007ffe53360000 - 0x00007ffe5350c000 	C:\WINDOWS\System32\USER32.dll
0x00007ffe52ad0000 - 0x00007ffe52af6000 	C:\WINDOWS\System32\win32u.dll
0x00007ffe54520000 - 0x00007ffe54549000 	C:\WINDOWS\System32\GDI32.dll
0x00007ffe3d190000 - 0x00007ffe3d435000 	C:\WINDOWS\WinSxS\amd64_microsoft.windows.common-controls_6595b64144ccf1df_6.0.22000.120_none_9d947278b86cc467\COMCTL32.dll
0x00007ffe531a0000 - 0x00007ffe532b2000 	C:\WINDOWS\System32\gdi32full.dll
0x00007ffe532c0000 - 0x00007ffe5335d000 	C:\WINDOWS\System32\msvcp_win.dll
0x00007ffe55140000 - 0x00007ffe551e3000 	C:\WINDOWS\System32\msvcrt.dll
0x00007ffe53730000 - 0x00007ffe53761000 	C:\WINDOWS\System32\IMM32.DLL
0x00007ffe11060000 - 0x00007ffe110fd000 	C:\Program Files\Android\Android Studio\jre\bin\msvcp140.dll
0x00007ffdd2a40000 - 0x00007ffdd350f000 	C:\Program Files\Android\Android Studio\jre\bin\server\jvm.dll
0x00007ffe53770000 - 0x00007ffe5381e000 	C:\WINDOWS\System32\ADVAPI32.dll
0x00007ffe55030000 - 0x00007ffe550ce000 	C:\WINDOWS\System32\sechost.dll
0x00007ffe55360000 - 0x00007ffe55480000 	C:\WINDOWS\System32\RPCRT4.dll
0x00007ffe53510000 - 0x00007ffe53518000 	C:\WINDOWS\System32\PSAPI.DLL
0x00007ffe38ca0000 - 0x00007ffe38ca9000 	C:\WINDOWS\SYSTEM32\WSOCK32.dll
0x00007ffe4d9a0000 - 0x00007ffe4d9d3000 	C:\WINDOWS\SYSTEM32\WINMM.dll
0x00007ffe53f80000 - 0x00007ffe53fef000 	C:\WINDOWS\System32\WS2_32.dll
0x00007ffe4d210000 - 0x00007ffe4d21a000 	C:\WINDOWS\SYSTEM32\VERSION.dll
0x00007ffe51ba0000 - 0x00007ffe51bb8000 	C:\WINDOWS\SYSTEM32\kernel.appcore.dll
0x00007ffe276c0000 - 0x00007ffe276d1000 	C:\Program Files\Android\Android Studio\jre\bin\verify.dll
0x00007ffe44c10000 - 0x00007ffe44e31000 	C:\WINDOWS\SYSTEM32\DBGHELP.DLL
0x00007ffe3b110000 - 0x00007ffe3b141000 	C:\WINDOWS\SYSTEM32\dbgcore.DLL
0x00007ffe53120000 - 0x00007ffe5319f000 	C:\WINDOWS\System32\bcryptPrimitives.dll
0x00007ffe26f60000 - 0x00007ffe26f89000 	C:\Program Files\Android\Android Studio\jre\bin\java.dll
0x00007ffe4db80000 - 0x00007ffe4db8b000 	C:\Program Files\Android\Android Studio\jre\bin\jimage.dll
0x00007ffe251f0000 - 0x00007ffe25208000 	C:\Program Files\Android\Android Studio\jre\bin\zip.dll
0x00007ffe54860000 - 0x00007ffe5500e000 	C:\WINDOWS\System32\SHELL32.dll
0x00007ffe50ae0000 - 0x00007ffe51347000 	C:\WINDOWS\SYSTEM32\windows.storage.dll
0x00007ffe541a0000 - 0x00007ffe54518000 	C:\WINDOWS\System32\combase.dll
0x00007ffe50970000 - 0x00007ffe50ad6000 	C:\WINDOWS\SYSTEM32\wintypes.dll
0x00007ffe53520000 - 0x00007ffe5360a000 	C:\WINDOWS\System32\SHCORE.dll
0x00007ffe54800000 - 0x00007ffe5485d000 	C:\WINDOWS\System32\shlwapi.dll
0x00007ffe528e0000 - 0x00007ffe52901000 	C:\WINDOWS\SYSTEM32\profapi.dll
0x00007ffe251d0000 - 0x00007ffe251ea000 	C:\Program Files\Android\Android Studio\jre\bin\net.dll
0x00007ffe4c6e0000 - 0x00007ffe4c7ec000 	C:\WINDOWS\SYSTEM32\WINHTTP.dll
0x00007ffe51fd0000 - 0x00007ffe52037000 	C:\WINDOWS\system32\mswsock.dll
0x00007ffe24e00000 - 0x00007ffe24e14000 	C:\Program Files\Android\Android Studio\jre\bin\nio.dll

dbghelp: loaded successfully - version: 4.0.5 - missing functions: none
symbol engine: initialized successfully - sym options: 0x614 - pdb path: .;C:\Program Files\Android\Android Studio\jre\bin;C:\WINDOWS\SYSTEM32;C:\WINDOWS\WinSxS\amd64_microsoft.windows.common-controls_6595b64144ccf1df_6.0.22000.120_none_9d947278b86cc467;C:\Program Files\Android\Android Studio\jre\bin\server

VM Arguments:
java_command: org.jetbrains.kotlin.cli.jvm.K2JVMCompiler @C:\Users\user\coding\android\project\app\build\20220122_15028097591849294265.compiler.options
java_class_path (initial): C:\Users\user\.gradle\caches\modules-2\files-2.1\org.jetbrains.kotlin\kotlin-compiler-embeddable\1.6.10\88f2073f4020cdb83132cfe940ceb9a60aba54ea\kotlin-compiler-embeddable-1.6.10.jar;C:\Users\user\.gradle\caches\modules-2\files-2.1\org.jetbrains.kotlin\kotlin-reflect\1.6.10\1cbe9c92c12a94eea200d23c2bbaedaf3daf5132\kotlin-reflect-1.6.10.jar;C:\Users\user\.gradle\caches\modules-2\files-2.1\org.jetbrains.kotlin\kotlin-stdlib\1.6.10\b8af3fe6f1ca88526914929add63cf5e7c5049af\kotlin-stdlib-1.6.10.jar;C:\Users\user\.gradle\caches\modules-2\files-2.1\org.jetbrains.kotlin\kotlin-script-runtime\1.6.10\d0a7ff2e2500ef497ed0214ae40ad3c8387a6164\kotlin-script-runtime-1.6.10.jar;C:\Users\user\.gradle\caches\modules-2\files-2.1\org.jetbrains.kotlin\kotlin-daemon-embeddable\1.6.10\a56d79bcbea411fa6058e4ecffc2de73e742bd2a\kotlin-daemon-embeddable-1.6.10.jar;C:\Users\user\.gradle\caches\modules-2\files-2.1\org.jetbrains.intellij.deps\trove4j\1.0.20181211\216c2e14b070f334479d800987affe4054cd563f\trove4j-1.0.20181211.jar;C:\Users\user\.gradle\caches\modules-2\files-2.1\net.java.dev.jna\jna\5.6.0\330f2244e9030119ab3030fc3fededc86713d9cc\jna-5.6.0.jar;C:\Users\user\.gradle\caches\modules-2\files-2.1\org.jetbrains\annotations\13.0\919f0dfe192fb4e063e7dacadee7f8bb9a2672a9\annotations-13.0.jar;C:\Users\user\.gradle\caches\modules-2\files-2.1\org.jetbrains.kotlin\kotlin-stdlib-common\1.6.10\c118700e3a33c8a0d9adc920e9dec0831171925\kotlin-stdlib-common-1.6.10.jar
Launcher Type: SUN_STANDARD

[Global flags]
     intx CICompilerCount                          = 4                                         {product} {ergonomic}
     uint ConcGCThreads                            = 3                                         {product} {ergonomic}
     uint G1ConcRefinementThreads                  = 10                                        {product} {ergonomic}
   size_t G1HeapRegionSize                         = 1048576                                   {product} {ergonomic}
    uintx GCDrainStackTargetSize                   = 64                                        {product} {ergonomic}
   size_t InitialHeapSize                          = 268435456                                 {product} {ergonomic}
   size_t MarkStackSize                            = 4194304                                   {product} {ergonomic}
   size_t MaxHeapSize                              = 4276092928                                {product} {ergonomic}
   size_t MaxNewSize                               = 2564816896                                {product} {ergonomic}
   size_t MinHeapDeltaBytes                        = 1048576                                   {product} {ergonomic}
    uintx NonNMethodCodeHeapSize                   = 5836300                                {pd product} {ergonomic}
    uintx NonProfiledCodeHeapSize                  = 122910970                              {pd product} {ergonomic}
    uintx ProfiledCodeHeapSize                     = 122910970                              {pd product} {ergonomic}
    uintx ReservedCodeCacheSize                    = 251658240                              {pd product} {ergonomic}
     bool SegmentedCodeCache                       = true                                      {product} {ergonomic}
     bool UseCompressedClassPointers               = true                                 {lp64_product} {ergonomic}
     bool UseCompressedOops                        = true                                 {lp64_product} {ergonomic}
     bool UseG1GC                                  = true                                      {product} {ergonomic}
     bool UseLargePagesIndividualAllocation        = false                                  {pd product} {ergonomic}

Logging:
Log output configuration:
 #0: stdout all=warning uptime,level,tags
 #1: stderr all=off uptime,level,tags

Environment Variables:
JAVA_HOME=C:\Program Files\Java\jre1.8.0_301
PATH=C:\Program Files\National Instruments\Shared\OpenVINO\;C:\xampp\mysql\bin;C:\Program Files (x86)\Common Files\Oracle\Java\javapath;C:\ProgramData\Anaconda3;C:\ProgramData\Anaconda3\Library\mingw-w64\bin;C:\ProgramData\Anaconda3\Library\usr\bin;C:\ProgramData\Anaconda3\Library\bin;C:\ProgramData\Anaconda3\Scripts;C:\Windows\system32;C:\Windows;C:\Windows\System32\Wbem;C:\Windows\System32\WindowsPowerShell\v1.0\;C:\Program Files\NVIDIA Corporation\NVIDIA NvDLISR;C:\WINDOWS\system32;C:\WINDOWS;C:\WINDOWS\System32\Wbem;C:\WINDOWS\System32\WindowsPowerShell\v1.0\;C:\WINDOWS\System32\OpenSSH\;C:\Program Files (x86)\NVIDIA Corporation\PhysX\Common;C:\WINDOWS\system32;C:\WINDOWS;C:\WINDOWS\System32\Wbem;C:\WINDOWS\System32\WindowsPowerShell\v1.0\;C:\WINDOWS\System32\OpenSSH\;C:\Program Files\Wolfram Research\WolframScript\;C:\MinGW\bin;C:\Program Files\nodejs\;C:\Program Files\PuTTY\;C:\Program Files\Git\cmd;C:\Program Files (x86)\IVI Foundation\VISA\WinNT\Bin\;C:\Program Files\IVI Foundation\VISA\Win64\Bin\;C:\Program Files (x86)\National Instruments\Shared\LabVIEW CLI;C:\Program Files (x86)\IVI Foundation\IVI\bin;C:\Program Files\IVI Foundation\IVI\bin;C:\Program Files (x86)\IVI Foundation\VISA\WinNT\Bin;C:\Users\user\AppData\Local\Programs\Python\Python39\Scripts\;C:\Users\user\AppData\Local\Programs\Python\Python39\;C:\Users\user\AppData\Local\Microsoft\WindowsApps;C:\Program Files\JetBrains\PyCharm Community Edition 2020.3.3\bin;;C:\Program Files\JetBrains\IntelliJ IDEA Community Edition 2020.3.2\bin;;C:\Users\user\AppData\Roaming\npm;C:\Users\user\AppData\Local\Programs\Microsoft VS Code\bin;C:\Users\user\AppData\Local\GitHubDesktop\bin;
USERNAME=user
OS=Windows_NT
PROCESSOR_IDENTIFIER=AMD64 Family 25 Model 33 Stepping 0, AuthenticAMD



---------------  S Y S T E M  ---------------

OS: Windows 10 , 64 bit Build 22000 (10.0.22000.434)
OS uptime: 1 days 14:27 hours

CPU:total 12 (initial active 12) (12 cores per cpu, 2 threads per core) family 25 model 33 stepping 0 microcode 0x0, cmov, cx8, fxsr, mmx, sse, sse2, sse3, ssse3, sse4.1, sse4.2, popcnt, avx, avx2, aes, clmul, erms, mmxext, 3dnowpref, lzcnt, sse4a, ht, tsc, tscinvbit, tscinv, bmi1, bmi2,

Memory: 4k page, system-wide physical 16310M (3926M free)
TotalPageFile size 24502M (AvailPageFile size 57M)
current process WorkingSet (physical memory assigned to process): 486M, peak: 486M
current process commit charge ("private bytes"): 591M, peak: 650M

vm_info: OpenJDK 64-Bit Server VM (11.0.10+0-b96-7249189) for windows-amd64 JRE (11.0.10+0-b96-7249189), built on Mar 31 2021 21:44:00 by "builder" with MS VC++ 14.0 (VS2015)

END.
